#
# There is insufficient memory for the Java Runtime Environment to continue.
# Native memory allocation (mmap) failed to map 3145728 bytes for G1 virtual space
# Possible reasons:
#   The system is out of physical RAM or swap space
#   The process is running with CompressedOops enabled, and the Java Heap may be blocking the growth of the native heap
# Possible solutions:
#   Reduce memory load on the system
#   Increase physical memory or swap space
#   Check if swap backing store is full
#   Decrease Java heap size (-Xmx/-Xms)
#   Decrease number of Java threads
#   Decrease Java thread stack sizes (-Xss)
#   Set larger code cache with -XX:ReservedCodeCacheSize=
#   JVM is running with Unscaled Compressed Oops mode in which the Java heap is
#     placed in the first 4GB address space. The Java Heap base address is the
#     maximum limit for the native heap growth. Please use -XX:HeapBaseMinAddress
#     to set the Java Heap base and to place the Java Heap above 4GB virtual address.
# This output file may be truncated or incomplete.
#
#  Out of Memory Error (os_windows.cpp:3469), pid=64028, tid=66820
#
# JRE version: OpenJDK Runtime Environment Temurin-17.0.1+12 (17.0.1+12) (build 17.0.1+12)
# Java VM: OpenJDK 64-Bit Server VM Temurin-17.0.1+12 (17.0.1+12, mixed mode, tiered, compressed oops, compressed class ptrs, g1 gc, windows-amd64)
# No core dump will be written. Minidumps are not enabled by default on client versions of Windows
#

---------------  S U M M A R Y ------------

Command Line: -Dfile.encoding=UTF-8 --module-path=C:\Users\AnderPCU\git\Proyecto\Angry Birds\lib\sqlite-jdbc-3.39.3.0.jar -XX:+ShowCodeDetailsInExceptionMessages Main

Host: AMD Ryzen 5 5500U with Radeon Graphics         , 12 cores, 5G,  Windows 10 , 64 bit Build 22000 (10.0.22000.1335)
Time: Wed Jan 11 23:16:24 2023 Hora estándar romance elapsed time: 18.635703 seconds (0d 0h 0m 18s)

---------------  T H R E A D  ---------------

Current thread (0x0000022d17dc9240):  VMThread "VM Thread" [stack: 0x000000f5a1300000,0x000000f5a1400000] [id=66820]

Stack: [0x000000f5a1300000,0x000000f5a1400000]
Native frames: (J=compiled Java code, j=interpreted, Vv=VM code, C=native code)
V  [jvm.dll+0x6744da]
V  [jvm.dll+0x82e144]
V  [jvm.dll+0x82f8ee]
V  [jvm.dll+0x82ff53]
V  [jvm.dll+0x245175]
V  [jvm.dll+0x6714c9]
V  [jvm.dll+0x665f92]
V  [jvm.dll+0x303c3b]
V  [jvm.dll+0x30b176]
V  [jvm.dll+0x35af1e]
V  [jvm.dll+0x35b14f]
V  [jvm.dll+0x2dab78]
V  [jvm.dll+0x2ddc06]
V  [jvm.dll+0x2e82b8]
V  [jvm.dll+0x31c460]
V  [jvm.dll+0x8343bb]
V  [jvm.dll+0x8350f4]
V  [jvm.dll+0x83560c]
V  [jvm.dll+0x8359e4]
V  [jvm.dll+0x835ab0]
V  [jvm.dll+0x7de51a]
V  [jvm.dll+0x673305]
C  [ucrtbase.dll+0x26c0c]
C  [KERNEL32.DLL+0x155a0]
C  [ntdll.dll+0x485b]

VM_Operation (0x000000f5a0fff540): G1Concurrent, mode: safepoint, requested by thread 0x0000022d7ce83ad0


---------------  P R O C E S S  ---------------

Threads class SMR info:
_java_thread_list=0x0000022d1fc87840, length=19, elements={
0x0000022d17dce3b0, 0x0000022d17dd1a70, 0x0000022d17e31d80, 0x0000022d17e41030,
0x0000022d17e419e0, 0x0000022d17e42390, 0x0000022d17e43070, 0x0000022d17e44a50,
0x0000022d18812880, 0x0000022d188b2b70, 0x0000022d18ae5560, 0x0000022d18ef2f10,
0x0000022d18ef5ea0, 0x0000022d18efc250, 0x0000022d1f5659f0, 0x0000022d7ce3fd80,
0x0000022d1f9140e0, 0x0000022d1f278330, 0x0000022d1f2d23b0
}

Java Threads: ( => current thread )
  0x0000022d17dce3b0 JavaThread "Reference Handler" daemon [_thread_blocked, id=67008, stack(0x000000f5a1400000,0x000000f5a1500000)]
  0x0000022d17dd1a70 JavaThread "Finalizer" daemon [_thread_blocked, id=33416, stack(0x000000f5a1500000,0x000000f5a1600000)]
  0x0000022d17e31d80 JavaThread "Signal Dispatcher" daemon [_thread_blocked, id=67980, stack(0x000000f5a1600000,0x000000f5a1700000)]
  0x0000022d17e41030 JavaThread "Attach Listener" daemon [_thread_blocked, id=63548, stack(0x000000f5a1700000,0x000000f5a1800000)]
  0x0000022d17e419e0 JavaThread "Service Thread" daemon [_thread_blocked, id=50768, stack(0x000000f5a1800000,0x000000f5a1900000)]
  0x0000022d17e42390 JavaThread "Monitor Deflation Thread" daemon [_thread_blocked, id=68064, stack(0x000000f5a1900000,0x000000f5a1a00000)]
  0x0000022d17e43070 JavaThread "C2 CompilerThread0" daemon [_thread_blocked, id=68412, stack(0x000000f5a1a00000,0x000000f5a1b00000)]
  0x0000022d17e44a50 JavaThread "C1 CompilerThread0" daemon [_thread_blocked, id=68416, stack(0x000000f5a1b00000,0x000000f5a1c00000)]
  0x0000022d18812880 JavaThread "Sweeper thread" daemon [_thread_blocked, id=68072, stack(0x000000f5a1c00000,0x000000f5a1d00000)]
  0x0000022d188b2b70 JavaThread "Common-Cleaner" daemon [_thread_blocked, id=64836, stack(0x000000f5a1d00000,0x000000f5a1e00000)]
  0x0000022d18ae5560 JavaThread "Notification Thread" daemon [_thread_blocked, id=64652, stack(0x000000f5a1e00000,0x000000f5a1f00000)]
  0x0000022d18ef2f10 JavaThread "Java2D Disposer" daemon [_thread_blocked, id=64488, stack(0x000000f5a2000000,0x000000f5a2100000)]
  0x0000022d18ef5ea0 JavaThread "AWT-Shutdown" [_thread_blocked, id=45020, stack(0x000000f5a2100000,0x000000f5a2200000)]
  0x0000022d18efc250 JavaThread "AWT-Windows" daemon [_thread_blocked, id=40720, stack(0x000000f5a2200000,0x000000f5a2300000)]
  0x0000022d1f5659f0 JavaThread "AWT-EventQueue-0" [_thread_blocked, id=68540, stack(0x000000f5a3000000,0x000000f5a3100000)]
  0x0000022d7ce3fd80 JavaThread "DestroyJavaVM" [_thread_blocked, id=49900, stack(0x000000f5a0d00000,0x000000f5a0e00000)]
  0x0000022d1f9140e0 JavaThread "D3D Screen Updater" daemon [_thread_blocked, id=55388, stack(0x000000f5a3800000,0x000000f5a3900000)]
  0x0000022d1f278330 JavaThread "Java Sound Event Dispatcher" daemon [_thread_blocked, id=67344, stack(0x000000f5a2e00000,0x000000f5a2f00000)]
  0x0000022d1f2d23b0 JavaThread "Thread-0" [_thread_blocked, id=52528, stack(0x000000f5a2d00000,0x000000f5a2e00000)]

Other Threads:
=>0x0000022d17dc9240 VMThread "VM Thread" [stack: 0x000000f5a1300000,0x000000f5a1400000] [id=66820]
  0x0000022d7ce40bf0 WatcherThread [stack: 0x000000f5a1f00000,0x000000f5a2000000] [id=45984]
  0x0000022d7ce76fd0 GCTaskThread "GC Thread#0" [stack: 0x000000f5a0e00000,0x000000f5a0f00000] [id=67796]
  0x0000022d191dc640 GCTaskThread "GC Thread#1" [stack: 0x000000f5a2f00000,0x000000f5a3000000] [id=67024]
  0x0000022d1f58def0 GCTaskThread "GC Thread#2" [stack: 0x000000f5a3100000,0x000000f5a3200000] [id=64952]
  0x0000022d1f58e1a0 GCTaskThread "GC Thread#3" [stack: 0x000000f5a3200000,0x000000f5a3300000] [id=66540]
  0x0000022d19239010 GCTaskThread "GC Thread#4" [stack: 0x000000f5a3300000,0x000000f5a3400000] [id=68424]
  0x0000022d192392c0 GCTaskThread "GC Thread#5" [stack: 0x000000f5a3400000,0x000000f5a3500000] [id=48412]
  0x0000022d1f7e0be0 GCTaskThread "GC Thread#6" [stack: 0x000000f5a3500000,0x000000f5a3600000] [id=61260]
  0x0000022d1f3327e0 GCTaskThread "GC Thread#7" [stack: 0x000000f5a3600000,0x000000f5a3700000] [id=10044]
  0x0000022d1f2a8790 GCTaskThread "GC Thread#8" [stack: 0x000000f5a3700000,0x000000f5a3800000] [id=66388]
  0x0000022d1f589230 GCTaskThread "GC Thread#9" [stack: 0x000000f5a3d00000,0x000000f5a3e00000] [id=49400]
  0x0000022d7ce83ad0 ConcurrentGCThread "G1 Main Marker" [stack: 0x000000f5a0f00000,0x000000f5a1000000] [id=67900]
  0x0000022d7ce84640 ConcurrentGCThread "G1 Conc#0" [stack: 0x000000f5a1000000,0x000000f5a1100000] [id=68012]
  0x0000022d1f5861d0 ConcurrentGCThread "G1 Conc#1" [stack: 0x000000f5a3e00000,0x000000f5a3f00000] [id=57480]
  0x0000022d1f5894e0 ConcurrentGCThread "G1 Conc#2" [stack: 0x000000f5a4000000,0x000000f5a4100000] [id=65868]
  0x0000022d7cf04e90 ConcurrentGCThread "G1 Refine#0" [stack: 0x000000f5a1100000,0x000000f5a1200000] [id=68004]
  0x0000022d7cf07660 ConcurrentGCThread "G1 Service" [stack: 0x000000f5a1200000,0x000000f5a1300000] [id=62872]

Threads with active compile tasks:
C2 CompilerThread0    18766 1454       4       gui.sesion.VentanaRegistroSesion::condicionesBorrarMensaje (68 bytes)

VM state: at safepoint (normal execution)

VM Mutex/Monitor currently owned by a thread:  ([mutex/lock_event])
[0x0000022d7ce3d400] Threads_lock - owner thread: 0x0000022d17dc9240
[0x0000022d7ce3c200] Heap_lock - owner thread: 0x0000022d7ce83ad0

Heap address: 0x00000000a2200000, size: 1502 MB, Compressed Oops mode: 32-bit

CDS archive(s) not mapped
Compressed class space mapped at: 0x0000000100000000-0x0000000140000000, reserved size: 1073741824
Narrow klass base: 0x0000000000000000, Narrow klass shift: 3, Narrow klass range: 0x140000000

GC Precious Log:
 CPUs: 12 total, 12 available
 Memory: 6005M
 Large Page Support: Disabled
 NUMA Support: Disabled
 Compressed Oops: Enabled (32-bit)
 Heap Region Size: 1M
 Heap Min Capacity: 8M
 Heap Initial Capacity: 94M
 Heap Max Capacity: 1502M
 Pre-touch: Disabled
 Parallel Workers: 10
 Concurrent Workers: 3
 Concurrent Refinement Workers: 10
 Periodic GC: Disabled

Heap:
 garbage-first heap   total 96256K, used 56949K [0x00000000a2200000, 0x0000000100000000)
  region size 1024K, 7 young (7168K), 1 survivors (1024K)
 Metaspace       used 19487K, committed 19712K, reserved 1073152K
  class space    used 2061K, committed 2176K, reserved 1048576K

Heap Regions: E=young(eden), S=young(survivor), O=old, HS=humongous(starts), HC=humongous(continues), CS=collection set, F=free, OA=open archive, CA=closed archive, TAMS=top-at-mark-start (previous, next)
|   0|0x00000000a2200000, 0x00000000a2300000, 0x00000000a2300000|100%|HS|  |TAMS 0x00000000a2300000, 0x00000000a2200000| Complete 
|   1|0x00000000a2300000, 0x00000000a2400000, 0x00000000a2400000|100%|HC|  |TAMS 0x00000000a2400000, 0x00000000a2300000| Complete 
|   2|0x00000000a2400000, 0x00000000a2500000, 0x00000000a2500000|100%|HC|  |TAMS 0x00000000a2500000, 0x00000000a2400000| Complete 
|   3|0x00000000a2500000, 0x00000000a2600000, 0x00000000a2600000|100%|HC|  |TAMS 0x00000000a2600000, 0x00000000a2500000| Complete 
|   4|0x00000000a2600000, 0x00000000a2700000, 0x00000000a2700000|100%|HC|  |TAMS 0x00000000a2700000, 0x00000000a2600000| Complete 
|   5|0x00000000a2700000, 0x00000000a2800000, 0x00000000a2800000|100%|HC|  |TAMS 0x00000000a2800000, 0x00000000a2700000| Complete 
|   6|0x00000000a2800000, 0x00000000a2900000, 0x00000000a2900000|100%|HC|  |TAMS 0x00000000a2900000, 0x00000000a2800000| Complete 
|   7|0x00000000a2900000, 0x00000000a2a00000, 0x00000000a2a00000|100%|HC|  |TAMS 0x00000000a2a00000, 0x00000000a2900000| Complete 
|   8|0x00000000a2a00000, 0x00000000a2b00000, 0x00000000a2b00000|100%|HS|  |TAMS 0x00000000a2b00000, 0x00000000a2a00000| Complete 
|   9|0x00000000a2b00000, 0x00000000a2c00000, 0x00000000a2c00000|100%|HC|  |TAMS 0x00000000a2c00000, 0x00000000a2b00000| Complete 
|  10|0x00000000a2c00000, 0x00000000a2d00000, 0x00000000a2d00000|100%|HC|  |TAMS 0x00000000a2d00000, 0x00000000a2c00000| Complete 
|  11|0x00000000a2d00000, 0x00000000a2e00000, 0x00000000a2e00000|100%|HC|  |TAMS 0x00000000a2e00000, 0x00000000a2d00000| Complete 
|  12|0x00000000a2e00000, 0x00000000a2f00000, 0x00000000a2f00000|100%|HS|  |TAMS 0x00000000a2f00000, 0x00000000a2e00000| Complete 
|  13|0x00000000a2f00000, 0x00000000a3000000, 0x00000000a3000000|100%|HC|  |TAMS 0x00000000a3000000, 0x00000000a2f00000| Complete 
|  14|0x00000000a3000000, 0x00000000a3100000, 0x00000000a3100000|100%|HC|  |TAMS 0x00000000a3100000, 0x00000000a3000000| Complete 
|  15|0x00000000a3100000, 0x00000000a3200000, 0x00000000a3200000|100%|HC|  |TAMS 0x00000000a3200000, 0x00000000a3100000| Complete 
|  16|0x00000000a3200000, 0x00000000a3300000, 0x00000000a3300000|100%|HC|  |TAMS 0x00000000a3300000, 0x00000000a3200000| Complete 
|  17|0x00000000a3300000, 0x00000000a3400000, 0x00000000a3400000|100%| O|  |TAMS 0x00000000a3400000, 0x00000000a3300000| Untracked 
|  18|0x00000000a3400000, 0x00000000a3500000, 0x00000000a3500000|100%|HS|  |TAMS 0x00000000a3500000, 0x00000000a3400000| Complete 
|  19|0x00000000a3500000, 0x00000000a3600000, 0x00000000a3600000|100%|HC|  |TAMS 0x00000000a3600000, 0x00000000a3500000| Complete 
|  20|0x00000000a3600000, 0x00000000a3700000, 0x00000000a3700000|100%|HC|  |TAMS 0x00000000a3700000, 0x00000000a3600000| Complete 
|  21|0x00000000a3700000, 0x00000000a3800000, 0x00000000a3800000|100%|HC|  |TAMS 0x00000000a3800000, 0x00000000a3700000| Complete 
|  22|0x00000000a3800000, 0x00000000a3900000, 0x00000000a3900000|100%|HS|  |TAMS 0x00000000a3900000, 0x00000000a3800000| Complete 
|  23|0x00000000a3900000, 0x00000000a3a00000, 0x00000000a3a00000|100%|HC|  |TAMS 0x00000000a3a00000, 0x00000000a3900000| Complete 
|  24|0x00000000a3a00000, 0x00000000a3b00000, 0x00000000a3b00000|100%|HS|  |TAMS 0x00000000a3b00000, 0x00000000a3a00000| Complete 
|  25|0x00000000a3b00000, 0x00000000a3c00000, 0x00000000a3c00000|100%|HC|  |TAMS 0x00000000a3c00000, 0x00000000a3b00000| Complete 
|  26|0x00000000a3c00000, 0x00000000a3d00000, 0x00000000a3d00000|100%|HC|  |TAMS 0x00000000a3d00000, 0x00000000a3c00000| Complete 
|  27|0x00000000a3d00000, 0x00000000a3e00000, 0x00000000a3e00000|100%|HC|  |TAMS 0x00000000a3e00000, 0x00000000a3d00000| Complete 
|  28|0x00000000a3e00000, 0x00000000a3f00000, 0x00000000a3f00000|100%|HC|  |TAMS 0x00000000a3f00000, 0x00000000a3e00000| Complete 
|  29|0x00000000a3f00000, 0x00000000a4000000, 0x00000000a4000000|100%|HC|  |TAMS 0x00000000a4000000, 0x00000000a3f00000| Complete 
|  30|0x00000000a4000000, 0x00000000a4100000, 0x00000000a4100000|100%|HC|  |TAMS 0x00000000a4100000, 0x00000000a4000000| Complete 
|  31|0x00000000a4100000, 0x00000000a4200000, 0x00000000a4200000|100%|HC|  |TAMS 0x00000000a4200000, 0x00000000a4100000| Complete 
|  32|0x00000000a4200000, 0x00000000a4300000, 0x00000000a4300000|100%|HS|  |TAMS 0x00000000a4300000, 0x00000000a4200000| Complete 
|  33|0x00000000a4300000, 0x00000000a4400000, 0x00000000a4400000|100%|HC|  |TAMS 0x00000000a4400000, 0x00000000a4300000| Complete 
|  34|0x00000000a4400000, 0x00000000a4500000, 0x00000000a4500000|100%|HC|  |TAMS 0x00000000a4500000, 0x00000000a4400000| Complete 
|  35|0x00000000a4500000, 0x00000000a4600000, 0x00000000a4600000|100%|HC|  |TAMS 0x00000000a4600000, 0x00000000a4500000| Complete 
|  36|0x00000000a4600000, 0x00000000a4700000, 0x00000000a4700000|100%|HC|  |TAMS 0x00000000a4700000, 0x00000000a4600000| Complete 
|  37|0x00000000a4700000, 0x00000000a4800000, 0x00000000a4800000|100%|HC|  |TAMS 0x00000000a4800000, 0x00000000a4700000| Complete 
|  38|0x00000000a4800000, 0x00000000a4900000, 0x00000000a4900000|100%|HC|  |TAMS 0x00000000a4900000, 0x00000000a4800000| Complete 
|  39|0x00000000a4900000, 0x00000000a4a00000, 0x00000000a4a00000|100%|HC|  |TAMS 0x00000000a4a00000, 0x00000000a4900000| Complete 
|  40|0x00000000a4a00000, 0x00000000a4a00000, 0x00000000a4b00000|  0%| F|  |TAMS 0x00000000a4a00000, 0x00000000a4a00000| Untracked 
|  41|0x00000000a4b00000, 0x00000000a4b00000, 0x00000000a4c00000|  0%| F|  |TAMS 0x00000000a4b00000, 0x00000000a4b00000| Untracked 
|  42|0x00000000a4c00000, 0x00000000a4c00000, 0x00000000a4d00000|  0%| F|  |TAMS 0x00000000a4c00000, 0x00000000a4c00000| Untracked 
|  43|0x00000000a4d00000, 0x00000000a4e00000, 0x00000000a4e00000|100%| O|  |TAMS 0x00000000a4e00000, 0x00000000a4d00000| Untracked 
|  44|0x00000000a4e00000, 0x00000000a4f00000, 0x00000000a4f00000|100%| O|  |TAMS 0x00000000a4f00000, 0x00000000a4e00000| Untracked 
|  45|0x00000000a4f00000, 0x00000000a4f03800, 0x00000000a5000000|  1%| O|  |TAMS 0x00000000a4f03800, 0x00000000a4f00000| Updating 
|  46|0x00000000a5000000, 0x00000000a5100000, 0x00000000a5100000|100%|HS|  |TAMS 0x00000000a5000000, 0x00000000a5000000| Complete 
|  47|0x00000000a5100000, 0x00000000a5200000, 0x00000000a5200000|100%|HC|  |TAMS 0x00000000a5100000, 0x00000000a5100000| Complete 
|  48|0x00000000a5200000, 0x00000000a5300000, 0x00000000a5300000|100%|HC|  |TAMS 0x00000000a5200000, 0x00000000a5200000| Complete 
|  49|0x00000000a5300000, 0x00000000a5400000, 0x00000000a5400000|100%|HC|  |TAMS 0x00000000a5300000, 0x00000000a5300000| Complete 
|  50|0x00000000a5400000, 0x00000000a5500000, 0x00000000a5500000|100%|HC|  |TAMS 0x00000000a5400000, 0x00000000a5400000| Complete 
|  51|0x00000000a5500000, 0x00000000a5600000, 0x00000000a5600000|100%|HC|  |TAMS 0x00000000a5500000, 0x00000000a5500000| Complete 
|  52|0x00000000a5600000, 0x00000000a5700000, 0x00000000a5700000|100%|HC|  |TAMS 0x00000000a5600000, 0x00000000a5600000| Complete 
|  53|0x00000000a5700000, 0x00000000a5800000, 0x00000000a5800000|100%|HC|  |TAMS 0x00000000a5700000, 0x00000000a5700000| Complete 
|  54|0x00000000a5800000, 0x00000000a5800000, 0x00000000a5900000|  0%| F|  |TAMS 0x00000000a5800000, 0x00000000a5800000| Untracked 
|  55|0x00000000a5900000, 0x00000000a5900000, 0x00000000a5a00000|  0%| F|  |TAMS 0x00000000a5900000, 0x00000000a5900000| Untracked 
|  56|0x00000000a5a00000, 0x00000000a5a00000, 0x00000000a5b00000|  0%| F|  |TAMS 0x00000000a5a00000, 0x00000000a5a00000| Untracked 
|  57|0x00000000a5b00000, 0x00000000a5b00000, 0x00000000a5c00000|  0%| F|  |TAMS 0x00000000a5b00000, 0x00000000a5b00000| Untracked 
|  58|0x00000000a5c00000, 0x00000000a5c00000, 0x00000000a5d00000|  0%| F|  |TAMS 0x00000000a5c00000, 0x00000000a5c00000| Untracked 
|  59|0x00000000a5d00000, 0x00000000a5d00000, 0x00000000a5e00000|  0%| F|  |TAMS 0x00000000a5d00000, 0x00000000a5d00000| Untracked 
|  60|0x00000000a5e00000, 0x00000000a5e00000, 0x00000000a5f00000|  0%| F|  |TAMS 0x00000000a5e00000, 0x00000000a5e00000| Untracked 
|  61|0x00000000a5f00000, 0x00000000a5f00000, 0x00000000a6000000|  0%| F|  |TAMS 0x00000000a5f00000, 0x00000000a5f00000| Untracked 
|  62|0x00000000a6000000, 0x00000000a6000000, 0x00000000a6100000|  0%| F|  |TAMS 0x00000000a6000000, 0x00000000a6000000| Untracked 
|  63|0x00000000a6100000, 0x00000000a6100000, 0x00000000a6200000|  0%| F|  |TAMS 0x00000000a6100000, 0x00000000a6100000| Untracked 
|  64|0x00000000a6200000, 0x00000000a6200000, 0x00000000a6300000|  0%| F|  |TAMS 0x00000000a6200000, 0x00000000a6200000| Untracked 
|  65|0x00000000a6300000, 0x00000000a6300000, 0x00000000a6400000|  0%| F|  |TAMS 0x00000000a6300000, 0x00000000a6300000| Untracked 
|  66|0x00000000a6400000, 0x00000000a6400000, 0x00000000a6500000|  0%| F|  |TAMS 0x00000000a6400000, 0x00000000a6400000| Untracked 
|  67|0x00000000a6500000, 0x00000000a6500000, 0x00000000a6600000|  0%| F|  |TAMS 0x00000000a6500000, 0x00000000a6500000| Untracked 
|  68|0x00000000a6600000, 0x00000000a6600000, 0x00000000a6700000|  0%| F|  |TAMS 0x00000000a6600000, 0x00000000a6600000| Untracked 
|  69|0x00000000a6700000, 0x00000000a6700000, 0x00000000a6800000|  0%| F|  |TAMS 0x00000000a6700000, 0x00000000a6700000| Untracked 
|  70|0x00000000a6800000, 0x00000000a6800000, 0x00000000a6900000|  0%| F|  |TAMS 0x00000000a6800000, 0x00000000a6800000| Untracked 
|  71|0x00000000a6900000, 0x00000000a6900000, 0x00000000a6a00000|  0%| F|  |TAMS 0x00000000a6900000, 0x00000000a6900000| Untracked 
|  72|0x00000000a6a00000, 0x00000000a6a00000, 0x00000000a6b00000|  0%| F|  |TAMS 0x00000000a6a00000, 0x00000000a6a00000| Untracked 
|  73|0x00000000a6b00000, 0x00000000a6b00000, 0x00000000a6c00000|  0%| F|  |TAMS 0x00000000a6b00000, 0x00000000a6b00000| Untracked 
|  74|0x00000000a6c00000, 0x00000000a6c00000, 0x00000000a6d00000|  0%| F|  |TAMS 0x00000000a6c00000, 0x00000000a6c00000| Untracked 
|  75|0x00000000a6d00000, 0x00000000a6d00000, 0x00000000a6e00000|  0%| F|  |TAMS 0x00000000a6d00000, 0x00000000a6d00000| Untracked 
|  76|0x00000000a6e00000, 0x00000000a6e00000, 0x00000000a6f00000|  0%| F|  |TAMS 0x00000000a6e00000, 0x00000000a6e00000| Untracked 
|  77|0x00000000a6f00000, 0x00000000a6f00000, 0x00000000a7000000|  0%| F|  |TAMS 0x00000000a6f00000, 0x00000000a6f00000| Untracked 
|  78|0x00000000a7000000, 0x00000000a7000000, 0x00000000a7100000|  0%| F|  |TAMS 0x00000000a7000000, 0x00000000a7000000| Untracked 
|  79|0x00000000a7100000, 0x00000000a7100000, 0x00000000a7200000|  0%| F|  |TAMS 0x00000000a7100000, 0x00000000a7100000| Untracked 
|  80|0x00000000a7200000, 0x00000000a7200000, 0x00000000a7300000|  0%| F|  |TAMS 0x00000000a7200000, 0x00000000a7200000| Untracked 
|  81|0x00000000a7300000, 0x00000000a7300000, 0x00000000a7400000|  0%| F|  |TAMS 0x00000000a7300000, 0x00000000a7300000| Untracked 
|  82|0x00000000a7400000, 0x00000000a7400000, 0x00000000a7500000|  0%| F|  |TAMS 0x00000000a7400000, 0x00000000a7400000| Untracked 
|  83|0x00000000a7500000, 0x00000000a7500000, 0x00000000a7600000|  0%| F|  |TAMS 0x00000000a7500000, 0x00000000a7500000| Untracked 
|  84|0x00000000a7600000, 0x00000000a7600000, 0x00000000a7700000|  0%| F|  |TAMS 0x00000000a7600000, 0x00000000a7600000| Untracked 
|  85|0x00000000a7700000, 0x00000000a7700000, 0x00000000a7800000|  0%| F|  |TAMS 0x00000000a7700000, 0x00000000a7700000| Untracked 
|  86|0x00000000a7800000, 0x00000000a7800000, 0x00000000a7900000|  0%| F|  |TAMS 0x00000000a7800000, 0x00000000a7800000| Untracked 
|  87|0x00000000a7900000, 0x00000000a791f398, 0x00000000a7a00000| 12%| E|  |TAMS 0x00000000a7900000, 0x00000000a7900000| Complete 
|  88|0x00000000a7a00000, 0x00000000a7b00000, 0x00000000a7b00000|100%| E|CS|TAMS 0x00000000a7a00000, 0x00000000a7a00000| Complete 
|  89|0x00000000a7b00000, 0x00000000a7b99dd0, 0x00000000a7c00000| 60%| S|CS|TAMS 0x00000000a7b00000, 0x00000000a7b00000| Complete 
|  90|0x00000000a7c00000, 0x00000000a7d00000, 0x00000000a7d00000|100%| E|CS|TAMS 0x00000000a7c00000, 0x00000000a7c00000| Complete 
|  91|0x00000000a7d00000, 0x00000000a7e00000, 0x00000000a7e00000|100%| E|CS|TAMS 0x00000000a7d00000, 0x00000000a7d00000| Complete 
|  92|0x00000000a7e00000, 0x00000000a7f00000, 0x00000000a7f00000|100%| E|CS|TAMS 0x00000000a7e00000, 0x00000000a7e00000| Complete 
|  93|0x00000000a7f00000, 0x00000000a8000000, 0x00000000a8000000|100%| E|CS|TAMS 0x00000000a7f00000, 0x00000000a7f00000| Complete 

Card table byte_map: [0x0000022d7f670000,0x0000022d7f960000] _byte_map_base: 0x0000022d7f15f000

Marking Bits (Prev, Next): (CMBitMap*) 0x0000022d7ce77620, (CMBitMap*) 0x0000022d7ce775e0
 Prev Bits: [0x0000022d13d50000, 0x0000022d154c8000)
 Next Bits: [0x0000022d125d0000, 0x0000022d13d48000)

Polling page: 0x0000022d7cf20000

Metaspace:

Usage:
  Non-class:     17.02 MB used.
      Class:      2.01 MB used.
       Both:     19.03 MB used.

Virtual space:
  Non-class space:       24.00 MB reserved,      17.12 MB ( 71%) committed,  3 nodes.
      Class space:        1.00 GB reserved,       2.12 MB ( <1%) committed,  1 nodes.
             Both:        1.02 GB reserved,      19.25 MB (  2%) committed. 

Chunk freelists:
   Non-Class:  2.91 MB
       Class:  1.73 MB
        Both:  4.64 MB

MaxMetaspaceSize: unlimited
CompressedClassSpaceSize: 1.00 GB
Initial GC threshold: 21.00 MB
Current GC threshold: 21.00 MB
CDS: off
MetaspaceReclaimPolicy: balanced
 - commit_granule_bytes: 65536.
 - commit_granule_words: 8192.
 - virtual_space_node_default_size: 1048576.
 - enlarge_chunks_in_place: 1.
 - new_chunks_are_fully_committed: 0.
 - uncommit_free_chunks: 1.
 - use_allocation_guard: 0.
 - handle_deallocations: 1.


Internal statistics:

num_allocs_failed_limit: 0.
num_arena_births: 128.
num_arena_deaths: 0.
num_vsnodes_births: 4.
num_vsnodes_deaths: 0.
num_space_committed: 308.
num_space_uncommitted: 0.
num_chunks_returned_to_freelist: 0.
num_chunks_taken_from_freelist: 242.
num_chunk_merges: 0.
num_chunk_splits: 112.
num_chunks_enlarged: 44.
num_purges: 0.
num_inconsistent_stats: 0.

CodeHeap 'non-profiled nmethods': size=120000Kb used=652Kb max_used=652Kb free=119347Kb
 bounds [0x0000022d0b0a0000, 0x0000022d0b310000, 0x0000022d125d0000]
CodeHeap 'profiled nmethods': size=120000Kb used=2327Kb max_used=2327Kb free=117673Kb
 bounds [0x0000022d03b70000, 0x0000022d03de0000, 0x0000022d0b0a0000]
CodeHeap 'non-nmethods': size=5760Kb used=1324Kb max_used=1369Kb free=4435Kb
 bounds [0x0000022d035d0000, 0x0000022d03840000, 0x0000022d03b70000]
 total_blobs=2114 nmethods=1449 adapters=578
 compilation: enabled
              stopped_count=0, restarted_count=0
 full_count=0

Compilation events (20 events):
Event: 18.212 Thread 0x0000022d17e43070 nmethod 1439 0x0000022d0b140890 code [0x0000022d0b140a40, 0x0000022d0b140d38]
Event: 18.212 Thread 0x0000022d17e43070 1445   !   4       javax.swing.text.JTextComponent::getText (27 bytes)
Event: 18.268 Thread 0x0000022d17e43070 nmethod 1445 0x0000022d0b141210 code [0x0000022d0b1413e0, 0x0000022d0b141b38]
Event: 18.268 Thread 0x0000022d17e43070 1440       4       java.lang.String::checkBoundsOffCount (64 bytes)
Event: 18.269 Thread 0x0000022d17e43070 nmethod 1440 0x0000022d0b142110 code [0x0000022d0b142280, 0x0000022d0b142338]
Event: 18.297 Thread 0x0000022d17e43070 1448       4       java.awt.Component::firePropertyChange (26 bytes)
Event: 18.298 Thread 0x0000022d17e43070 nmethod 1448 0x0000022d0b142410 code [0x0000022d0b142580, 0x0000022d0b142638]
Event: 18.298 Thread 0x0000022d17e43070 1449       4       javax.swing.JComponent::setEnabled (29 bytes)
Event: 18.300 Thread 0x0000022d17e43070 nmethod 1449 0x0000022d0b142710 code [0x0000022d0b142880, 0x0000022d0b142938]
Event: 18.300 Thread 0x0000022d17e43070 1450       4       javax.swing.DefaultButtonModel::setEnabled (65 bytes)
Event: 18.300 Thread 0x0000022d17e43070 nmethod 1450 0x0000022d0b142a90 code [0x0000022d0b142c00, 0x0000022d0b142cb8]
Event: 18.300 Thread 0x0000022d17e43070 1452       4       javax.swing.AbstractButton::setEnabled (42 bytes)
Event: 18.302 Thread 0x0000022d17e43070 nmethod 1452 0x0000022d0b142d90 code [0x0000022d0b142f20, 0x0000022d0b143038]
Event: 18.302 Thread 0x0000022d17e43070 1454       4       gui.sesion.VentanaRegistroSesion::condicionesBorrarMensaje (68 bytes)
Event: 18.305 Thread 0x0000022d17e44a50 1455       3       sun.awt.image.IntegerInterleavedRaster::getDataElements (151 bytes)
Event: 18.345 Thread 0x0000022d17e44a50 nmethod 1455 0x0000022d03db2910 code [0x0000022d03db2b00, 0x0000022d03db3298]
Event: 18.359 Thread 0x0000022d17e44a50 1456 % !   3       gui.sesion.VentanaSesion$7::run @ 3 (85 bytes)
Event: 18.361 Thread 0x0000022d17e44a50 nmethod 1456% 0x0000022d03db3490 code [0x0000022d03db3700, 0x0000022d03db41f8]
Event: 18.361 Thread 0x0000022d17e44a50 1457   !   3       gui.sesion.VentanaSesion$7::run (85 bytes)
Event: 18.375 Thread 0x0000022d17e44a50 nmethod 1457 0x0000022d03db4910 code [0x0000022d03db4b80, 0x0000022d03db5578]

GC Heap History (8 events):
Event: 3.255 GC heap before
{Heap before GC invocations=0 (full 0):
 garbage-first heap   total 96256K, used 40960K [0x00000000a2200000, 0x0000000100000000)
  region size 1024K, 23 young (23552K), 0 survivors (0K)
 Metaspace       used 16214K, committed 16512K, reserved 1064960K
  class space    used 1643K, committed 1792K, reserved 1048576K
}
Event: 3.263 GC heap after
{Heap after GC invocations=1 (full 0):
 garbage-first heap   total 96256K, used 20587K [0x00000000a2200000, 0x0000000100000000)
  region size 1024K, 3 young (3072K), 3 survivors (3072K)
 Metaspace       used 16214K, committed 16512K, reserved 1064960K
  class space    used 1643K, committed 1792K, reserved 1048576K
}
Event: 7.667 GC heap before
{Heap before GC invocations=1 (full 0):
 garbage-first heap   total 96256K, used 51307K [0x00000000a2200000, 0x0000000100000000)
  region size 1024K, 9 young (9216K), 3 survivors (3072K)
 Metaspace       used 18203K, committed 18432K, reserved 1064960K
  class space    used 1899K, committed 2048K, reserved 1048576K
}
Event: 7.745 GC heap after
{Heap after GC invocations=2 (full 0):
 garbage-first heap   total 96256K, used 22079K [0x00000000a2200000, 0x0000000100000000)
  region size 1024K, 2 young (2048K), 2 survivors (2048K)
 Metaspace       used 18203K, committed 18432K, reserved 1064960K
  class space    used 1899K, committed 2048K, reserved 1048576K
}
Event: 18.269 GC heap before
{Heap before GC invocations=2 (full 0):
 garbage-first heap   total 96256K, used 45631K [0x00000000a2200000, 0x0000000100000000)
  region size 1024K, 12 young (12288K), 2 survivors (2048K)
 Metaspace       used 19465K, committed 19712K, reserved 1073152K
  class space    used 2059K, committed 2176K, reserved 1048576K
}
Event: 18.297 GC heap after
{Heap after GC invocations=3 (full 0):
 garbage-first heap   total 96256K, used 35495K [0x00000000a2200000, 0x0000000100000000)
  region size 1024K, 1 young (1024K), 1 survivors (1024K)
 Metaspace       used 19465K, committed 19712K, reserved 1073152K
  class space    used 2059K, committed 2176K, reserved 1048576K
}
Event: 18.344 GC heap before
{Heap before GC invocations=3 (full 0):
 garbage-first heap   total 96256K, used 46759K [0x00000000a2200000, 0x0000000100000000)
  region size 1024K, 5 young (5120K), 1 survivors (1024K)
 Metaspace       used 19486K, committed 19712K, reserved 1073152K
  class space    used 2061K, committed 2176K, reserved 1048576K
}
Event: 18.345 GC heap after
{Heap after GC invocations=4 (full 0):
 garbage-first heap   total 96256K, used 43637K [0x00000000a2200000, 0x0000000100000000)
  region size 1024K, 1 young (1024K), 1 survivors (1024K)
 Metaspace       used 19486K, committed 19712K, reserved 1073152K
  class space    used 2061K, committed 2176K, reserved 1048576K
}

Deoptimization events (20 events):
Event: 8.680 Thread 0x0000022d1919aca0 DEOPT PACKING pc=0x0000022d03d11ced sp=0x000000f5a2dff250
Event: 8.680 Thread 0x0000022d1919aca0 DEOPT UNPACKING pc=0x0000022d03622b43 sp=0x000000f5a2dfe6c0 mode 0
Event: 8.680 Thread 0x0000022d1919aca0 DEOPT PACKING pc=0x0000022d03d11ced sp=0x000000f5a2dff250
Event: 8.680 Thread 0x0000022d1919aca0 DEOPT UNPACKING pc=0x0000022d03622b43 sp=0x000000f5a2dfe6c0 mode 0
Event: 8.680 Thread 0x0000022d1919aca0 DEOPT PACKING pc=0x0000022d03d11ced sp=0x000000f5a2dff250
Event: 8.680 Thread 0x0000022d1919aca0 DEOPT UNPACKING pc=0x0000022d03622b43 sp=0x000000f5a2dfe6c0 mode 0
Event: 8.680 Thread 0x0000022d1919aca0 DEOPT PACKING pc=0x0000022d03d11ced sp=0x000000f5a2dff250
Event: 8.680 Thread 0x0000022d1919aca0 DEOPT UNPACKING pc=0x0000022d03622b43 sp=0x000000f5a2dfe6c0 mode 0
Event: 8.681 Thread 0x0000022d1919aca0 DEOPT PACKING pc=0x0000022d03d11ced sp=0x000000f5a2dff250
Event: 8.681 Thread 0x0000022d1919aca0 DEOPT UNPACKING pc=0x0000022d03622b43 sp=0x000000f5a2dfe6c0 mode 0
Event: 8.681 Thread 0x0000022d1919aca0 DEOPT PACKING pc=0x0000022d03d11ced sp=0x000000f5a2dff250
Event: 8.681 Thread 0x0000022d1919aca0 DEOPT UNPACKING pc=0x0000022d03622b43 sp=0x000000f5a2dfe6c0 mode 0
Event: 8.681 Thread 0x0000022d1919aca0 DEOPT PACKING pc=0x0000022d03d11ced sp=0x000000f5a2dff250
Event: 8.681 Thread 0x0000022d1919aca0 DEOPT UNPACKING pc=0x0000022d03622b43 sp=0x000000f5a2dfe6c0 mode 0
Event: 8.681 Thread 0x0000022d1919aca0 DEOPT PACKING pc=0x0000022d03d11ced sp=0x000000f5a2dff250
Event: 8.681 Thread 0x0000022d1919aca0 DEOPT UNPACKING pc=0x0000022d03622b43 sp=0x000000f5a2dfe6c0 mode 0
Event: 8.681 Thread 0x0000022d1919aca0 DEOPT PACKING pc=0x0000022d03d11ced sp=0x000000f5a2dff250
Event: 8.681 Thread 0x0000022d1919aca0 DEOPT UNPACKING pc=0x0000022d03622b43 sp=0x000000f5a2dfe6c0 mode 0
Event: 8.682 Thread 0x0000022d1919aca0 DEOPT PACKING pc=0x0000022d03d11ced sp=0x000000f5a2dff250
Event: 8.682 Thread 0x0000022d1919aca0 DEOPT UNPACKING pc=0x0000022d03622b43 sp=0x000000f5a2dfe6c0 mode 0

Classes unloaded (0 events):
No events

Classes redefined (0 events):
No events

Internal exceptions (20 events):
Event: 1.066 Thread 0x0000022d7ce3fd80 Exception <a 'sun/nio/fs/WindowsException'{0x00000000a7c0cb48}> (0x00000000a7c0cb48) 
thrown [e:\jenkins\tmp\workspace\build\src\src\hotspot\share\prims\jni.cpp, line 516]
Event: 1.071 Thread 0x0000022d7ce3fd80 Exception <a 'sun/nio/fs/WindowsException'{0x00000000a7c0e1e8}> (0x00000000a7c0e1e8) 
thrown [e:\jenkins\tmp\workspace\build\src\src\hotspot\share\prims\jni.cpp, line 516]
Event: 1.075 Thread 0x0000022d7ce3fd80 Exception <a 'sun/nio/fs/WindowsException'{0x00000000a7c0f888}> (0x00000000a7c0f888) 
thrown [e:\jenkins\tmp\workspace\build\src\src\hotspot\share\prims\jni.cpp, line 516]
Event: 1.079 Thread 0x0000022d7ce3fd80 Exception <a 'sun/nio/fs/WindowsException'{0x00000000a7c10f28}> (0x00000000a7c10f28) 
thrown [e:\jenkins\tmp\workspace\build\src\src\hotspot\share\prims\jni.cpp, line 516]
Event: 1.085 Thread 0x0000022d7ce3fd80 Exception <a 'sun/nio/fs/WindowsException'{0x00000000a7c125c8}> (0x00000000a7c125c8) 
thrown [e:\jenkins\tmp\workspace\build\src\src\hotspot\share\prims\jni.cpp, line 516]
Event: 1.090 Thread 0x0000022d7ce3fd80 Exception <a 'sun/nio/fs/WindowsException'{0x00000000a7c13c68}> (0x00000000a7c13c68) 
thrown [e:\jenkins\tmp\workspace\build\src\src\hotspot\share\prims\jni.cpp, line 516]
Event: 1.143 Thread 0x0000022d7ce3fd80 Exception <a 'java/lang/NoSuchMethodError'{0x00000000a7c34c28}: 'java.lang.Object java.lang.invoke.DirectMethodHandle$Holder.invokeStaticInit(java.lang.Object)'> (0x00000000a7c34c28) 
thrown [e:\jenkins\tmp\workspace\build\src\src\hotspot\share\interpreter\linkResolver.cpp, line 766]
Event: 1.184 Thread 0x0000022d7ce3fd80 Exception <a 'java/lang/NoSuchMethodError'{0x00000000a7cbaf60}: 'java.lang.Object java.lang.invoke.DirectMethodHandle$Holder.invokeStatic(java.lang.Object, int, java.lang.Object)'> (0x00000000a7cbaf60) 
thrown [e:\jenkins\tmp\workspace\build\src\src\hotspot\share\interpreter\linkResolver.cpp, line 766]
Event: 1.224 Thread 0x0000022d7ce3fd80 Exception <a 'java/lang/ClassNotFoundException'{0x00000000a7cf9110}: sun/util/logging/resources/spi/loggingProvider> (0x00000000a7cf9110) 
thrown [e:\jenkins\tmp\workspace\build\src\src\hotspot\share\classfile\systemDictionary.cpp, line 256]
Event: 1.306 Thread 0x0000022d7ce3fd80 Exception <a 'java/lang/ClassNotFoundException'{0x00000000a7b9a3a0}: sun/awt/resources/spi/awtProvider> (0x00000000a7b9a3a0) 
thrown [e:\jenkins\tmp\workspace\build\src\src\hotspot\share\classfile\systemDictionary.cpp, line 256]
Event: 1.328 Thread 0x0000022d7ce3fd80 Exception <a 'java/io/FileNotFoundException'{0x00000000a7ba0808}> (0x00000000a7ba0808) 
thrown [e:\jenkins\tmp\workspace\build\src\src\hotspot\share\prims\jni.cpp, line 516]
Event: 1.348 Thread 0x0000022d7ce3fd80 Exception <a 'java/io/FileNotFoundException'{0x00000000a7bcd7d8}> (0x00000000a7bcd7d8) 
thrown [e:\jenkins\tmp\workspace\build\src\src\hotspot\share\prims\jni.cpp, line 516]
Event: 2.234 Thread 0x0000022d7ce3fd80 Exception <a 'java/lang/NoSuchMethodError'{0x00000000a790b1f0}: 'java.lang.Object java.lang.invoke.DirectMethodHandle$Holder.newInvokeSpecial(java.lang.Object, java.lang.Object, java.lang.Object, java.lang.Object, java.lang.Object)'> (0x00000000a790b1f0) 
thrown [e:\jenkins\tmp\workspace\build\src\src\hotspot\share\interpreter\linkResolver.cpp, line 766]
Event: 2.239 Thread 0x0000022d7ce3fd80 Exception <a 'java/lang/NoSuchMethodError'{0x00000000a7916bd0}: 'java.lang.Object java.lang.invoke.DirectMethodHandle$Holder.invokeStatic(java.lang.Object, int, java.lang.Object, java.lang.Object, java.lang.Object, java.lang.Object)'> (0x00000000a7916bd0) 
thrown [e:\jenkins\tmp\workspace\build\src\src\hotspot\share\interpreter\linkResolver.cpp, line 766]
Event: 2.317 Thread 0x0000022d7ce3fd80 Exception <a 'java/lang/ClassNotFoundException'{0x00000000a79f3300}: com/sun/swing/internal/plaf/metal/resources/spi/metalProvider> (0x00000000a79f3300) 
thrown [e:\jenkins\tmp\workspace\build\src\src\hotspot\share\classfile\systemDictionary.cpp, line 256]
Event: 2.318 Thread 0x0000022d7ce3fd80 Exception <a 'java/lang/ClassNotFoundException'{0x00000000a79f7cd8}: com/sun/swing/internal/plaf/basic/resources/spi/basicProvider> (0x00000000a79f7cd8) 
thrown [e:\jenkins\tmp\workspace\build\src\src\hotspot\share\classfile\systemDictionary.cpp, line 256]
Event: 2.458 Thread 0x0000022d1919aca0 Exception <a 'java/lang/NoSuchMethodError'{0x00000000a777b0f8}: 'java.lang.Object java.lang.invoke.DirectMethodHandle$Holder.newInvokeSpecial(java.lang.Object, java.lang.Object, java.lang.Object, int, int, int, int, int)'> (0x00000000a777b0f8) 
thrown [e:\jenkins\tmp\workspace\build\src\src\hotspot\share\interpreter\linkResolver.cpp, line 766]
Event: 3.073 Thread 0x0000022d18efc250 Exception <a 'java/lang/NoSuchMethodError'{0x00000000a7a857a0}: 'void java.lang.invoke.DirectMethodHandle$Holder.invokeVirtual(java.lang.Object, java.lang.Object)'> (0x00000000a7a857a0) 
thrown [e:\jenkins\tmp\workspace\build\src\src\hotspot\share\interpreter\linkResolver.cpp, line 766]
Event: 3.105 Thread 0x0000022d7ce3fd80 Exception <a 'java/lang/NoSuchMethodError'{0x00000000a7855cc0}: 'void java.lang.invoke.DirectMethodHandle$Holder.invokeStaticInit(java.lang.Object)'> (0x00000000a7855cc0) 
thrown [e:\jenkins\tmp\workspace\build\src\src\hotspot\share\interpreter\linkResolver.cpp, line 766]
Event: 7.507 Thread 0x0000022d1f5659f0 Implicit null exception at 0x0000022d0b0b0f8f to 0x0000022d0b0b1005

VM Operations (20 events):
Event: 5.476 Executing VM operation: Cleanup done
Event: 6.488 Executing VM operation: Cleanup
Event: 6.488 Executing VM operation: Cleanup done
Event: 7.494 Executing VM operation: Cleanup
Event: 7.494 Executing VM operation: Cleanup done
Event: 7.667 Executing VM operation: G1TryInitiateConcMark
Event: 7.745 Executing VM operation: G1TryInitiateConcMark done
Event: 8.229 Executing VM operation: HandshakeAllThreads
Event: 8.229 Executing VM operation: HandshakeAllThreads done
Event: 9.239 Executing VM operation: Cleanup
Event: 9.239 Executing VM operation: Cleanup done
Event: 13.290 Executing VM operation: Cleanup
Event: 13.290 Executing VM operation: Cleanup done
Event: 15.315 Executing VM operation: Cleanup
Event: 15.315 Executing VM operation: Cleanup done
Event: 18.269 Executing VM operation: G1TryInitiateConcMark
Event: 18.297 Executing VM operation: G1TryInitiateConcMark done
Event: 18.308 Executing VM operation: G1TryInitiateConcMark
Event: 18.345 Executing VM operation: G1TryInitiateConcMark done
Event: 18.375 Executing VM operation: G1Concurrent

Events (20 events):
Event: 14.482 loading class javax/swing/text/SegmentCache$CachedSegment done
Event: 14.482 loading class javax/swing/text/Utilities
Event: 14.485 loading class javax/swing/text/Utilities done
Event: 14.724 loading class sun/font/CMap$CMapFormat12
Event: 14.725 loading class sun/font/CMap$CMapFormat12 done
Event: 18.177 Thread 0x0000022d1f2d23b0 Thread added: 0x0000022d1f2d23b0
Event: 18.198 loading class java/awt/geom/Line2D
Event: 18.205 loading class java/awt/geom/Line2D done
Event: 18.208 loading class java/awt/image/AffineTransformOp
Event: 18.214 loading class java/awt/image/AffineTransformOp done
Event: 18.214 loading class sun/java2d/d3d/D3DBufImgOps
Event: 18.234 loading class sun/java2d/pipe/BufferedBufImgOps
Event: 18.265 loading class sun/java2d/pipe/BufferedBufImgOps done
Event: 18.265 loading class sun/java2d/d3d/D3DBufImgOps done
Event: 18.267 loading class sun/java2d/SurfaceDataProxy$CountdownTracker
Event: 18.269 loading class sun/java2d/SurfaceDataProxy$CountdownTracker done
Event: 18.299 loading class java/awt/image/PixelInterleavedSampleModel
Event: 18.303 loading class java/awt/image/ComponentSampleModel
Event: 18.304 loading class java/awt/image/ComponentSampleModel done
Event: 18.304 loading class java/awt/image/PixelInterleavedSampleModel done


Dynamic libraries:
0x00007ff699010000 - 0x00007ff69901e000 	C:\Users\AnderPCU\OneDrive\Documentos\PROG DEUSTO\PROG\JAVA\eclipse\plugins\org.eclipse.justj.openjdk.hotspot.jre.full.win32.x86_64_17.0.1.v20211116-1657\jre\bin\javaw.exe
0x00007ff9b80a0000 - 0x00007ff9b82a9000 	C:\WINDOWS\SYSTEM32\ntdll.dll
0x00007ff9b6ab0000 - 0x00007ff9b6b6e000 	C:\WINDOWS\System32\KERNEL32.DLL
0x00007ff9b5690000 - 0x00007ff9b5a0b000 	C:\WINDOWS\System32\KERNELBASE.dll
0x00007ff9b5570000 - 0x00007ff9b5681000 	C:\WINDOWS\System32\ucrtbase.dll
0x00007ff9a67d0000 - 0x00007ff9a67e8000 	C:\Users\AnderPCU\OneDrive\Documentos\PROG DEUSTO\PROG\JAVA\eclipse\plugins\org.eclipse.justj.openjdk.hotspot.jre.full.win32.x86_64_17.0.1.v20211116-1657\jre\bin\jli.dll
0x00007ff9a6250000 - 0x00007ff9a6269000 	C:\Users\AnderPCU\OneDrive\Documentos\PROG DEUSTO\PROG\JAVA\eclipse\plugins\org.eclipse.justj.openjdk.hotspot.jre.full.win32.x86_64_17.0.1.v20211116-1657\jre\bin\VCRUNTIME140.dll
0x00007ff9b6900000 - 0x00007ff9b6aad000 	C:\WINDOWS\System32\USER32.dll
0x00007ff9b5ef0000 - 0x00007ff9b5f16000 	C:\WINDOWS\System32\win32u.dll
0x00007ff9b6fe0000 - 0x00007ff9b7009000 	C:\WINDOWS\System32\GDI32.dll
0x00007ff9b5c60000 - 0x00007ff9b5d78000 	C:\WINDOWS\System32\gdi32full.dll
0x00007ff9b5b40000 - 0x00007ff9b5bdd000 	C:\WINDOWS\System32\msvcp_win.dll
0x00007ff9a4890000 - 0x00007ff9a4b35000 	C:\WINDOWS\WinSxS\amd64_microsoft.windows.common-controls_6595b64144ccf1df_6.0.22000.120_none_9d947278b86cc467\COMCTL32.dll
0x00007ff9b6ec0000 - 0x00007ff9b6f63000 	C:\WINDOWS\System32\msvcrt.dll
0x00007ff9b62a0000 - 0x00007ff9b62d2000 	C:\WINDOWS\System32\IMM32.DLL
0x00007ff9b0360000 - 0x00007ff9b036c000 	C:\Users\AnderPCU\OneDrive\Documentos\PROG DEUSTO\PROG\JAVA\eclipse\plugins\org.eclipse.justj.openjdk.hotspot.jre.full.win32.x86_64_17.0.1.v20211116-1657\jre\bin\vcruntime140_1.dll
0x00007ff9a5650000 - 0x00007ff9a56e1000 	C:\Users\AnderPCU\OneDrive\Documentos\PROG DEUSTO\PROG\JAVA\eclipse\plugins\org.eclipse.justj.openjdk.hotspot.jre.full.win32.x86_64_17.0.1.v20211116-1657\jre\bin\msvcp140.dll
0x00007ff943530000 - 0x00007ff944176000 	C:\Users\AnderPCU\OneDrive\Documentos\PROG DEUSTO\PROG\JAVA\eclipse\plugins\org.eclipse.justj.openjdk.hotspot.jre.full.win32.x86_64_17.0.1.v20211116-1657\jre\bin\server\jvm.dll
0x00007ff9b6360000 - 0x00007ff9b640e000 	C:\WINDOWS\System32\ADVAPI32.dll
0x00007ff9b6860000 - 0x00007ff9b68fe000 	C:\WINDOWS\System32\sechost.dll
0x00007ff9b6da0000 - 0x00007ff9b6ec0000 	C:\WINDOWS\System32\RPCRT4.dll
0x00007ff9b62e0000 - 0x00007ff9b62e8000 	C:\WINDOWS\System32\PSAPI.DLL
0x00007ff9a8000000 - 0x00007ff9a8009000 	C:\WINDOWS\SYSTEM32\WSOCK32.dll
0x00007ff9b62f0000 - 0x00007ff9b635f000 	C:\WINDOWS\System32\WS2_32.dll
0x00007ff9ae570000 - 0x00007ff9ae57a000 	C:\WINDOWS\SYSTEM32\VERSION.dll
0x00007ff9ae840000 - 0x00007ff9ae873000 	C:\WINDOWS\SYSTEM32\WINMM.dll
0x00007ff9b45f0000 - 0x00007ff9b4608000 	C:\WINDOWS\SYSTEM32\kernel.appcore.dll
0x00007ff9a7f30000 - 0x00007ff9a7f3a000 	C:\Users\AnderPCU\OneDrive\Documentos\PROG DEUSTO\PROG\JAVA\eclipse\plugins\org.eclipse.justj.openjdk.hotspot.jre.full.win32.x86_64_17.0.1.v20211116-1657\jre\bin\jimage.dll
0x00007ff9b3140000 - 0x00007ff9b3361000 	C:\WINDOWS\SYSTEM32\DBGHELP.DLL
0x00007ff99b060000 - 0x00007ff99b091000 	C:\WINDOWS\SYSTEM32\dbgcore.DLL
0x00007ff9b5be0000 - 0x00007ff9b5c5f000 	C:\WINDOWS\System32\bcryptPrimitives.dll
0x00007ff9a73d0000 - 0x00007ff9a73f5000 	C:\Users\AnderPCU\OneDrive\Documentos\PROG DEUSTO\PROG\JAVA\eclipse\plugins\org.eclipse.justj.openjdk.hotspot.jre.full.win32.x86_64_17.0.1.v20211116-1657\jre\bin\java.dll
0x00007ff9a6910000 - 0x00007ff9a6928000 	C:\Users\AnderPCU\OneDrive\Documentos\PROG DEUSTO\PROG\JAVA\eclipse\plugins\org.eclipse.justj.openjdk.hotspot.jre.full.win32.x86_64_17.0.1.v20211116-1657\jre\bin\zip.dll
0x00007ff9b78a0000 - 0x00007ff9b8057000 	C:\WINDOWS\System32\SHELL32.dll
0x00007ff9b3660000 - 0x00007ff9b3ec5000 	C:\WINDOWS\SYSTEM32\windows.storage.dll
0x00007ff9b5f20000 - 0x00007ff9b6298000 	C:\WINDOWS\System32\combase.dll
0x00007ff9b34f0000 - 0x00007ff9b3656000 	C:\WINDOWS\SYSTEM32\wintypes.dll
0x00007ff9b6b80000 - 0x00007ff9b6c6a000 	C:\WINDOWS\System32\SHCORE.dll
0x00007ff9b73d0000 - 0x00007ff9b742d000 	C:\WINDOWS\System32\shlwapi.dll
0x00007ff9b54a0000 - 0x00007ff9b54c1000 	C:\WINDOWS\SYSTEM32\profapi.dll
0x00007ff9a65c0000 - 0x00007ff9a65d9000 	C:\Users\AnderPCU\OneDrive\Documentos\PROG DEUSTO\PROG\JAVA\eclipse\plugins\org.eclipse.justj.openjdk.hotspot.jre.full.win32.x86_64_17.0.1.v20211116-1657\jre\bin\net.dll
0x00007ff9add40000 - 0x00007ff9ade54000 	C:\WINDOWS\SYSTEM32\WINHTTP.dll
0x00007ff9b4b00000 - 0x00007ff9b4b67000 	C:\WINDOWS\system32\mswsock.dll
0x00007ff9a4eb0000 - 0x00007ff9a4ec5000 	C:\Users\AnderPCU\OneDrive\Documentos\PROG DEUSTO\PROG\JAVA\eclipse\plugins\org.eclipse.justj.openjdk.hotspot.jre.full.win32.x86_64_17.0.1.v20211116-1657\jre\bin\nio.dll
0x00007ff946570000 - 0x00007ff9466fe000 	C:\Users\AnderPCU\OneDrive\Documentos\PROG DEUSTO\PROG\JAVA\eclipse\plugins\org.eclipse.justj.openjdk.hotspot.jre.full.win32.x86_64_17.0.1.v20211116-1657\jre\bin\awt.dll
0x00007ff9b66f0000 - 0x00007ff9b67c6000 	C:\WINDOWS\System32\OLEAUT32.dll
0x00007ff9b2750000 - 0x00007ff9b27e2000 	C:\WINDOWS\SYSTEM32\apphelp.dll
0x00007ff9b2c70000 - 0x00007ff9b2c9f000 	C:\WINDOWS\system32\DWMAPI.DLL
0x00007ff9b2900000 - 0x00007ff9b29ac000 	C:\WINDOWS\system32\uxtheme.dll
0x00007ff949ee0000 - 0x00007ff949fe1000 	C:\WINDOWS\system32\opengl32.dll
0x00007ff9498f0000 - 0x00007ff94991d000 	C:\WINDOWS\SYSTEM32\GLU32.dll
0x00007ff9b29f0000 - 0x00007ff9b2a28000 	C:\WINDOWS\SYSTEM32\dxcore.dll
0x00007ff9b65d0000 - 0x00007ff9b66ed000 	C:\WINDOWS\System32\MSCTF.dll
0x00007ff9b6430000 - 0x00007ff9b65ca000 	C:\WINDOWS\System32\ole32.dll
0x00007ff952190000 - 0x00007ff952336000 	C:\WINDOWS\system32\d3d9.dll
0x00007ff9abcc0000 - 0x00007ff9abe7a000 	C:\WINDOWS\System32\DriverStore\FileRepository\u0381556.inf_amd64_7dd5c787427781eb\B381591\aticfx64.dll
0x00007ff9a5610000 - 0x00007ff9a5644000 	C:\WINDOWS\System32\DriverStore\FileRepository\u0381556.inf_amd64_7dd5c787427781eb\B381591\atiu9p64.dll
0x00007ff93ffa0000 - 0x00007ff940cf6000 	C:\WINDOWS\System32\DriverStore\FileRepository\u0381556.inf_amd64_7dd5c787427781eb\B381591\atiumd64.dll
0x000000005b720000 - 0x000000005c5df000 	C:\WINDOWS\System32\DriverStore\FileRepository\u0381556.inf_amd64_7dd5c787427781eb\B381591\atiumd6a.dll
0x00007ff9b7430000 - 0x00007ff9b789c000 	C:\WINDOWS\System32\SETUPAPI.dll
0x00007ff9b52a0000 - 0x00007ff9b52ed000 	C:\WINDOWS\SYSTEM32\POWRPROF.dll
0x00007ff9b5000000 - 0x00007ff9b5013000 	C:\WINDOWS\SYSTEM32\UMPDC.dll
0x00007ff9a9310000 - 0x00007ff9a9340000 	C:\WINDOWS\SYSTEM32\amdihk64.dll
0x00007ff9b0250000 - 0x00007ff9b0294000 	C:\WINDOWS\SYSTEM32\directxdatabasehelper.dll
0x00007ff9b4610000 - 0x00007ff9b4644000 	C:\WINDOWS\SYSTEM32\ntmarta.dll
0x00007ff9a6220000 - 0x00007ff9a624d000 	C:\Users\AnderPCU\OneDrive\Documentos\PROG DEUSTO\PROG\JAVA\eclipse\plugins\org.eclipse.justj.openjdk.hotspot.jre.full.win32.x86_64_17.0.1.v20211116-1657\jre\bin\javajpeg.dll
0x00007ff9a5580000 - 0x00007ff9a5609000 	C:\Users\AnderPCU\OneDrive\Documentos\PROG DEUSTO\PROG\JAVA\eclipse\plugins\org.eclipse.justj.openjdk.hotspot.jre.full.win32.x86_64_17.0.1.v20211116-1657\jre\bin\freetype.dll
0x00007ff9865c0000 - 0x00007ff986668000 	C:\Users\AnderPCU\OneDrive\Documentos\PROG DEUSTO\PROG\JAVA\eclipse\plugins\org.eclipse.justj.openjdk.hotspot.jre.full.win32.x86_64_17.0.1.v20211116-1657\jre\bin\fontmanager.dll
0x00007ff993960000 - 0x00007ff993a8d000 	C:\WINDOWS\SYSTEM32\textinputframework.dll
0x00007ff9a5b40000 - 0x00007ff9a5b51000 	C:\Users\AnderPCU\OneDrive\Documentos\PROG DEUSTO\PROG\JAVA\eclipse\plugins\org.eclipse.justj.openjdk.hotspot.jre.full.win32.x86_64_17.0.1.v20211116-1657\jre\bin\jsound.dll
0x00007ff9839a0000 - 0x00007ff983a42000 	C:\WINDOWS\SYSTEM32\DSOUND.dll
0x00007ff981960000 - 0x00007ff981a11000 	C:\WINDOWS\SYSTEM32\ResampleDmo.DLL
0x00007ff9a4610000 - 0x00007ff9a4639000 	C:\WINDOWS\SYSTEM32\winmmbase.dll
0x00007ff9a7840000 - 0x00007ff9a784b000 	C:\WINDOWS\SYSTEM32\msdmo.dll
0x00007ff9b6c70000 - 0x00007ff9b6d25000 	C:\WINDOWS\System32\clbcatq.dll
0x00007ff9a8350000 - 0x00007ff9a83eb000 	C:\WINDOWS\System32\MMDevApi.dll
0x00007ff9b5240000 - 0x00007ff9b526c000 	C:\WINDOWS\System32\DEVOBJ.dll
0x00007ff9b51f0000 - 0x00007ff9b523c000 	C:\WINDOWS\SYSTEM32\cfgmgr32.dll
0x00007ff9a8100000 - 0x00007ff9a8146000 	C:\WINDOWS\SYSTEM32\wdmaud.drv
0x00007ff9afff0000 - 0x00007ff9afffb000 	C:\WINDOWS\SYSTEM32\AVRT.dll
0x00007ff9b1190000 - 0x00007ff9b1199000 	C:\WINDOWS\SYSTEM32\ksuser.dll
0x00007ff9a42c0000 - 0x00007ff9a4493000 	C:\WINDOWS\SYSTEM32\AUDIOSES.DLL
0x00007ff9b1160000 - 0x00007ff9b116d000 	C:\WINDOWS\SYSTEM32\msacm32.drv
0x00007ff9b0c60000 - 0x00007ff9b0c7e000 	C:\WINDOWS\SYSTEM32\MSACM32.dll
0x00007ff9b0370000 - 0x00007ff9b037b000 	C:\WINDOWS\SYSTEM32\midimap.dll
0x00007ff9b2b70000 - 0x00007ff9b2b85000 	C:\WINDOWS\SYSTEM32\resourcepolicyclient.dll
0x00007ff9b2460000 - 0x00007ff9b2591000 	C:\WINDOWS\SYSTEM32\CoreMessaging.dll
0x00007ff9af400000 - 0x00007ff9af76d000 	C:\WINDOWS\SYSTEM32\CoreUIComponents.dll
0x00007ff9b4d60000 - 0x00007ff9b4d6c000 	C:\WINDOWS\SYSTEM32\CRYPTBASE.DLL
0x00007ff9a7940000 - 0x00007ff9a7ac8000 	C:\Windows\System32\Windows.UI.dll
0x00007ff9ad360000 - 0x00007ff9ad50e000 	C:\WINDOWS\SYSTEM32\WindowsCodecs.dll
0x00007ff9a2dd0000 - 0x00007ff9a2e2d000 	C:\WINDOWS\system32\dataexchange.dll
0x00007ff9abe80000 - 0x00007ff9ac0e6000 	C:\WINDOWS\system32\twinapi.appcore.dll

dbghelp: loaded successfully - version: 4.0.5 - missing functions: none
symbol engine: initialized successfully - sym options: 0x614 - pdb path: .;C:\Users\AnderPCU\OneDrive\Documentos\PROG DEUSTO\PROG\JAVA\eclipse\plugins\org.eclipse.justj.openjdk.hotspot.jre.full.win32.x86_64_17.0.1.v20211116-1657\jre\bin;C:\WINDOWS\SYSTEM32;C:\WINDOWS\WinSxS\amd64_microsoft.windows.common-controls_6595b64144ccf1df_6.0.22000.120_none_9d947278b86cc467;C:\Users\AnderPCU\OneDrive\Documentos\PROG DEUSTO\PROG\JAVA\eclipse\plugins\org.eclipse.justj.openjdk.hotspot.jre.full.win32.x86_64_17.0.1.v20211116-1657\jre\bin\server;C:\WINDOWS\System32\DriverStore\FileRepository\u0381556.inf_amd64_7dd5c787427781eb\B381591

VM Arguments:
jvm_args: -Dfile.encoding=UTF-8 --module-path=C:\Users\AnderPCU\git\Proyecto\Angry Birds\lib\sqlite-jdbc-3.39.3.0.jar -XX:+ShowCodeDetailsInExceptionMessages 
java_command: Main
java_class_path (initial): C:\Users\AnderPCU\git\Proyecto\Angry Birds\bin;C:\Users\AnderPCU\OneDrive\Documentos\PROG DEUSTO\PROG\JAVA\eclipse\plugins\org.junit_4.13.2.v20211018-1956.jar;C:\Users\AnderPCU\OneDrive\Documentos\PROG DEUSTO\PROG\JAVA\eclipse\plugins\org.hamcrest.core_1.3.0.v20180420-1519.jar;C:\Users\AnderPCU\git\Proyecto\Angry Birds\res
Launcher Type: SUN_STANDARD

[Global flags]
     intx CICompilerCount                          = 4                                         {product} {ergonomic}
     uint ConcGCThreads                            = 3                                         {product} {ergonomic}
     uint G1ConcRefinementThreads                  = 10                                        {product} {ergonomic}
   size_t G1HeapRegionSize                         = 1048576                                   {product} {ergonomic}
    uintx GCDrainStackTargetSize                   = 64                                        {product} {ergonomic}
   size_t InitialHeapSize                          = 98566144                                  {product} {ergonomic}
   size_t MarkStackSize                            = 4194304                                   {product} {ergonomic}
   size_t MaxHeapSize                              = 1574961152                                {product} {ergonomic}
   size_t MaxNewSize                               = 944766976                                 {product} {ergonomic}
   size_t MinHeapDeltaBytes                        = 1048576                                   {product} {ergonomic}
   size_t MinHeapSize                              = 8388608                                   {product} {ergonomic}
    uintx NonNMethodCodeHeapSize                   = 5839372                                {pd product} {ergonomic}
    uintx NonProfiledCodeHeapSize                  = 122909434                              {pd product} {ergonomic}
    uintx ProfiledCodeHeapSize                     = 122909434                              {pd product} {ergonomic}
    uintx ReservedCodeCacheSize                    = 251658240                              {pd product} {ergonomic}
     bool SegmentedCodeCache                       = true                                      {product} {ergonomic}
     bool ShowCodeDetailsInExceptionMessages       = true                                   {manageable} {command line}
   size_t SoftMaxHeapSize                          = 1574961152                             {manageable} {ergonomic}
     bool UseCompressedClassPointers               = true                           {product lp64_product} {ergonomic}
     bool UseCompressedOops                        = true                           {product lp64_product} {ergonomic}
     bool UseG1GC                                  = true                                      {product} {ergonomic}
     bool UseLargePagesIndividualAllocation        = false                                  {pd product} {ergonomic}

Logging:
Log output configuration:
 #0: stdout all=warning uptime,level,tags
 #1: stderr all=off uptime,level,tags

Environment Variables:
PATH=C:/Users/AnderPCU/OneDrive/Documentos/PROG DEUSTO/PROG/JAVA/eclipse//plugins/org.eclipse.justj.openjdk.hotspot.jre.full.win32.x86_64_17.0.1.v20211116-1657/jre/bin/server;C:/Users/AnderPCU/OneDrive/Documentos/PROG DEUSTO/PROG/JAVA/eclipse//plugins/org.eclipse.justj.openjdk.hotspot.jre.full.win32.x86_64_17.0.1.v20211116-1657/jre/bin;C:\Program Files (x86)\Common Files\Oracle\Java\javapath;C:\Program Files (x86)\VMware\VMware Player\bin\;C:\WINDOWS\system32;C:\WINDOWS;C:\WINDOWS\System32\Wbem;C:\WINDOWS\System32\WindowsPowerShell\v1.0\;C:\WINDOWS\System32\OpenSSH\;C:\Users\AnderPCU\AppData\Local\Microsoft\WindowsApps;;C:\Users\AnderPCU\OneDrive\Documentos\PROG DEUSTO\PROG\JAVA\eclipse;
USERNAME=AnderPCU
OS=Windows_NT
PROCESSOR_IDENTIFIER=AMD64 Family 23 Model 104 Stepping 1, AuthenticAMD



---------------  S Y S T E M  ---------------

OS:
 Windows 10 , 64 bit Build 22000 (10.0.22000.1335)
OS uptime: 5 days 9:28 hours

CPU: total 12 (initial active 12) (12 cores per cpu, 2 threads per core) family 23 model 104 stepping 1 microcode 0x0, cx8, cmov, fxsr, ht, mmx, 3dnowpref, sse, sse2, sse3, ssse3, sse4a, sse4.1, sse4.2, popcnt, lzcnt, tsc, tscinvbit, avx, avx2, aes, clmul, bmi1, bmi2, adx, sha, fma, vzeroupper, clflush, clflushopt

Memory: 4k page, system-wide physical 6005M (31M free)
TotalPageFile size 24437M (AvailPageFile size 572M)
current process WorkingSet (physical memory assigned to process): 144M, peak: 193M
current process commit charge ("private bytes"): 278M, peak: 307M

vm_info: OpenJDK 64-Bit Server VM (17.0.1+12) for windows-amd64 JRE (17.0.1+12), built on Oct 20 2021 07:42:55 by "" with MS VC++ 16.7 (VS2019)

END.
