#
# There is insufficient memory for the Java Runtime Environment to continue.
# Native memory allocation (mmap) failed to map 465567744 bytes for G1 virtual space
# Possible reasons:
#   The system is out of physical RAM or swap space
#   The process is running with CompressedOops enabled, and the Java Heap may be blocking the growth of the native heap
# Possible solutions:
#   Reduce memory load on the system
#   Increase physical memory or swap space
#   Check if swap backing store is full
#   Decrease Java heap size (-Xmx/-Xms)
#   Decrease number of Java threads
#   Decrease Java thread stack sizes (-Xss)
#   Set larger code cache with -XX:ReservedCodeCacheSize=
#   JVM is running with Unscaled Compressed Oops mode in which the Java heap is
#     placed in the first 4GB address space. The Java Heap base address is the
#     maximum limit for the native heap growth. Please use -XX:HeapBaseMinAddress
#     to set the Java Heap base and to place the Java Heap above 4GB virtual address.
# This output file may be truncated or incomplete.
#
#  Out of Memory Error (os_windows.cpp:3469), pid=67116, tid=66748
#
# JRE version: OpenJDK Runtime Environment Temurin-17.0.1+12 (17.0.1+12) (build 17.0.1+12)
# Java VM: OpenJDK 64-Bit Server VM Temurin-17.0.1+12 (17.0.1+12, mixed mode, tiered, compressed oops, compressed class ptrs, g1 gc, windows-amd64)
# No core dump will be written. Minidumps are not enabled by default on client versions of Windows
#

---------------  S U M M A R Y ------------

Command Line: -Dfile.encoding=UTF-8 --module-path=C:\Users\AnderPCU\git\Proyecto\Angry Birds\lib\sqlite-jdbc-3.39.3.0.jar -XX:+ShowCodeDetailsInExceptionMessages Main

Host: AMD Ryzen 5 5500U with Radeon Graphics         , 12 cores, 5G,  Windows 10 , 64 bit Build 22000 (10.0.22000.1335)
Time: Wed Jan 11 23:20:18 2023 Hora estándar romance elapsed time: 560.148090 seconds (0d 0h 9m 20s)

---------------  T H R E A D  ---------------

Current thread (0x000001311fe86a00):  VMThread "VM Thread" [stack: 0x0000001dcd200000,0x0000001dcd300000] [id=66748]

Stack: [0x0000001dcd200000,0x0000001dcd300000]
Native frames: (J=compiled Java code, j=interpreted, Vv=VM code, C=native code)
V  [jvm.dll+0x6744da]
V  [jvm.dll+0x82e144]
V  [jvm.dll+0x82f8ee]
V  [jvm.dll+0x82ff53]
V  [jvm.dll+0x245175]
V  [jvm.dll+0x6714c9]
V  [jvm.dll+0x665f92]
V  [jvm.dll+0x303c3b]
V  [jvm.dll+0x30b176]
V  [jvm.dll+0x35af1e]
V  [jvm.dll+0x35b14f]
V  [jvm.dll+0x2dab78]
V  [jvm.dll+0x2d8e2c]
V  [jvm.dll+0x2d83fc]
V  [jvm.dll+0x31c24b]
V  [jvm.dll+0x8343bb]
V  [jvm.dll+0x8350f4]
V  [jvm.dll+0x83560c]
V  [jvm.dll+0x8359e4]
V  [jvm.dll+0x835ab0]
V  [jvm.dll+0x7de51a]
V  [jvm.dll+0x673305]
C  [ucrtbase.dll+0x26c0c]
C  [KERNEL32.DLL+0x155a0]
C  [ntdll.dll+0x485b]

VM_Operation (0x0000001dcecff1d0): G1CollectForAllocation, mode: safepoint, requested by thread 0x000001312136d350


---------------  P R O C E S S  ---------------

Threads class SMR info:
_java_thread_list=0x0000013127392e90, length=18, elements={
0x000001311fe684d0, 0x000001311fe6b090, 0x000001311febfb00, 0x000001311fec03c0,
0x0000013120944820, 0x00000131209451d0, 0x0000013120946d10, 0x0000013120938850,
0x0000013120939240, 0x0000013120a93fe0, 0x0000013120bc3bc0, 0x0000013120fa1690,
0x0000013120fa2030, 0x0000013106e6fe10, 0x00000131275d6f70, 0x00000131215b88c0,
0x000001312136f030, 0x000001312136d350
}

Java Threads: ( => current thread )
  0x000001311fe684d0 JavaThread "Reference Handler" daemon [_thread_blocked, id=66092, stack(0x0000001dcd300000,0x0000001dcd400000)]
  0x000001311fe6b090 JavaThread "Finalizer" daemon [_thread_blocked, id=66076, stack(0x0000001dcd400000,0x0000001dcd500000)]
  0x000001311febfb00 JavaThread "Signal Dispatcher" daemon [_thread_blocked, id=61504, stack(0x0000001dcd500000,0x0000001dcd600000)]
  0x000001311fec03c0 JavaThread "Attach Listener" daemon [_thread_blocked, id=58260, stack(0x0000001dcd600000,0x0000001dcd700000)]
  0x0000013120944820 JavaThread "Service Thread" daemon [_thread_blocked, id=65964, stack(0x0000001dcd700000,0x0000001dcd800000)]
  0x00000131209451d0 JavaThread "Monitor Deflation Thread" daemon [_thread_blocked, id=49856, stack(0x0000001dcd800000,0x0000001dcd900000)]
  0x0000013120946d10 JavaThread "C2 CompilerThread0" daemon [_thread_blocked, id=66796, stack(0x0000001dcd900000,0x0000001dcda00000)]
  0x0000013120938850 JavaThread "C1 CompilerThread0" daemon [_thread_blocked, id=60632, stack(0x0000001dcda00000,0x0000001dcdb00000)]
  0x0000013120939240 JavaThread "Sweeper thread" daemon [_thread_blocked, id=53504, stack(0x0000001dcdb00000,0x0000001dcdc00000)]
  0x0000013120a93fe0 JavaThread "Common-Cleaner" daemon [_thread_blocked, id=23100, stack(0x0000001dcdc00000,0x0000001dcdd00000)]
  0x0000013120bc3bc0 JavaThread "Notification Thread" daemon [_thread_blocked, id=59132, stack(0x0000001dcdd00000,0x0000001dcde00000)]
  0x0000013120fa1690 JavaThread "Java2D Disposer" daemon [_thread_blocked, id=59432, stack(0x0000001dcdf00000,0x0000001dce000000)]
  0x0000013120fa2030 JavaThread "AWT-Windows" daemon [_thread_in_native, id=50660, stack(0x0000001dce100000,0x0000001dce200000)]
  0x0000013106e6fe10 JavaThread "DestroyJavaVM" [_thread_blocked, id=50464, stack(0x0000001dccc00000,0x0000001dccd00000)]
  0x00000131275d6f70 JavaThread "D3D Screen Updater" daemon [_thread_blocked, id=52672, stack(0x0000001dcf700000,0x0000001dcf800000)]
  0x00000131215b88c0 JavaThread "Java Sound Event Dispatcher" daemon [_thread_blocked, id=66704, stack(0x0000001dce000000,0x0000001dce100000)]
  0x000001312136f030 JavaThread "TimerQueue" daemon [_thread_blocked, id=58820, stack(0x0000001dd0600000,0x0000001dd0700000)]
  0x000001312136d350 JavaThread "Thread-5" [_thread_blocked, id=59072, stack(0x0000001dcec00000,0x0000001dced00000)]

Other Threads:
=>0x000001311fe86a00 VMThread "VM Thread" [stack: 0x0000001dcd200000,0x0000001dcd300000] [id=66748]
  0x0000013106e70c80 WatcherThread [stack: 0x0000001dcde00000,0x0000001dcdf00000] [id=28024]
  0x0000013106ea7060 GCTaskThread "GC Thread#0" [stack: 0x0000001dccd00000,0x0000001dcce00000] [id=63808]
  0x00000131271fcdc0 GCTaskThread "GC Thread#1" [stack: 0x0000001dced00000,0x0000001dcee00000] [id=66252]
  0x00000131271fd070 GCTaskThread "GC Thread#2" [stack: 0x0000001dcf000000,0x0000001dcf100000] [id=63908]
  0x00000131271ea6c0 GCTaskThread "GC Thread#3" [stack: 0x0000001dcf100000,0x0000001dcf200000] [id=51140]
  0x00000131271ea970 GCTaskThread "GC Thread#4" [stack: 0x0000001dcf200000,0x0000001dcf300000] [id=5896]
  0x000001312153e160 GCTaskThread "GC Thread#5" [stack: 0x0000001dcf300000,0x0000001dcf400000] [id=64576]
  0x000001312727c060 GCTaskThread "GC Thread#6" [stack: 0x0000001dcf400000,0x0000001dcf500000] [id=51924]
  0x0000013127040c80 GCTaskThread "GC Thread#7" [stack: 0x0000001dcf500000,0x0000001dcf600000] [id=49288]
  0x0000013127040f30 GCTaskThread "GC Thread#8" [stack: 0x0000001dcf600000,0x0000001dcf700000] [id=49184]
  0x00000131271e5250 GCTaskThread "GC Thread#9" [stack: 0x0000001dcfe00000,0x0000001dcff00000] [id=63560]
  0x0000013106eb3b60 ConcurrentGCThread "G1 Main Marker" [stack: 0x0000001dcce00000,0x0000001dccf00000] [id=55948]
  0x0000013106eb4e70 ConcurrentGCThread "G1 Conc#0" [stack: 0x0000001dccf00000,0x0000001dcd000000] [id=67148]
  0x00000131271e5fc0 ConcurrentGCThread "G1 Conc#1" [stack: 0x0000001dcff00000,0x0000001dd0000000] [id=41968]
  0x00000131271e5d10 ConcurrentGCThread "G1 Conc#2" [stack: 0x0000001dd0000000,0x0000001dd0100000] [id=60916]
  0x0000013106f33de0 ConcurrentGCThread "G1 Refine#0" [stack: 0x0000001dcd000000,0x0000001dcd100000] [id=40560]
  0x000001312149b780 ConcurrentGCThread "G1 Refine#1" [stack: 0x0000001dcca00000,0x0000001dccb00000] [id=68440]
  0x0000013120f1a800 ConcurrentGCThread "G1 Refine#2" [stack: 0x0000001dccb00000,0x0000001dccc00000] [id=60728]
  0x0000013121660f40 ConcurrentGCThread "G1 Refine#3" [stack: 0x0000001dce200000,0x0000001dce300000] [id=67972]
  0x0000013121064040 ConcurrentGCThread "G1 Refine#4" [stack: 0x0000001dce300000,0x0000001dce400000] [id=62908]
  0x00000131210648e0 ConcurrentGCThread "G1 Refine#5" [stack: 0x0000001dcee00000,0x0000001dcef00000] [id=68276]
  0x0000013106f346a0 ConcurrentGCThread "G1 Service" [stack: 0x0000001dcd100000,0x0000001dcd200000] [id=66804]

Threads with active compile tasks:

VM state: at safepoint (normal execution)

VM Mutex/Monitor currently owned by a thread:  ([mutex/lock_event])
[0x0000013106e6d1c0] Threads_lock - owner thread: 0x000001311fe86a00
[0x0000013106e6c4d0] Heap_lock - owner thread: 0x000001312136d350

Heap address: 0x00000000a2200000, size: 1502 MB, Compressed Oops mode: 32-bit

CDS archive(s) not mapped
Compressed class space mapped at: 0x0000000100000000-0x0000000140000000, reserved size: 1073741824
Narrow klass base: 0x0000000000000000, Narrow klass shift: 3, Narrow klass range: 0x140000000

GC Precious Log:
 CPUs: 12 total, 12 available
 Memory: 6005M
 Large Page Support: Disabled
 NUMA Support: Disabled
 Compressed Oops: Enabled (32-bit)
 Heap Region Size: 1M
 Heap Min Capacity: 8M
 Heap Initial Capacity: 94M
 Heap Max Capacity: 1502M
 Pre-touch: Disabled
 Parallel Workers: 10
 Concurrent Workers: 3
 Concurrent Refinement Workers: 10
 Periodic GC: Disabled

Heap:
 garbage-first heap   total 400384K, used 394751K [0x00000000a2200000, 0x0000000100000000)
  region size 1024K, 1 young (1024K), 1 survivors (1024K)
 Metaspace       used 23067K, committed 23296K, reserved 1073152K
  class space    used 2350K, committed 2432K, reserved 1048576K

Heap Regions: E=young(eden), S=young(survivor), O=old, HS=humongous(starts), HC=humongous(continues), CS=collection set, F=free, OA=open archive, CA=closed archive, TAMS=top-at-mark-start (previous, next)
|   0|0x00000000a2200000, 0x00000000a2300000, 0x00000000a2300000|100%|HS|  |TAMS 0x00000000a2300000, 0x00000000a2300000| Complete 
|   1|0x00000000a2300000, 0x00000000a2400000, 0x00000000a2400000|100%|HC|  |TAMS 0x00000000a2400000, 0x00000000a2400000| Complete 
|   2|0x00000000a2400000, 0x00000000a2500000, 0x00000000a2500000|100%|HC|  |TAMS 0x00000000a2500000, 0x00000000a2500000| Complete 
|   3|0x00000000a2500000, 0x00000000a2600000, 0x00000000a2600000|100%|HC|  |TAMS 0x00000000a2600000, 0x00000000a2600000| Complete 
|   4|0x00000000a2600000, 0x00000000a2700000, 0x00000000a2700000|100%|HC|  |TAMS 0x00000000a2700000, 0x00000000a2700000| Complete 
|   5|0x00000000a2700000, 0x00000000a2800000, 0x00000000a2800000|100%|HC|  |TAMS 0x00000000a2800000, 0x00000000a2800000| Complete 
|   6|0x00000000a2800000, 0x00000000a2900000, 0x00000000a2900000|100%|HC|  |TAMS 0x00000000a2900000, 0x00000000a2900000| Complete 
|   7|0x00000000a2900000, 0x00000000a2a00000, 0x00000000a2a00000|100%|HC|  |TAMS 0x00000000a2a00000, 0x00000000a2a00000| Complete 
|   8|0x00000000a2a00000, 0x00000000a2b00000, 0x00000000a2b00000|100%|HS|  |TAMS 0x00000000a2b00000, 0x00000000a2b00000| Complete 
|   9|0x00000000a2b00000, 0x00000000a2c00000, 0x00000000a2c00000|100%|HC|  |TAMS 0x00000000a2c00000, 0x00000000a2c00000| Complete 
|  10|0x00000000a2c00000, 0x00000000a2d00000, 0x00000000a2d00000|100%|HC|  |TAMS 0x00000000a2d00000, 0x00000000a2d00000| Complete 
|  11|0x00000000a2d00000, 0x00000000a2e00000, 0x00000000a2e00000|100%|HC|  |TAMS 0x00000000a2e00000, 0x00000000a2e00000| Complete 
|  12|0x00000000a2e00000, 0x00000000a2f00000, 0x00000000a2f00000|100%|HS|  |TAMS 0x00000000a2f00000, 0x00000000a2f00000| Complete 
|  13|0x00000000a2f00000, 0x00000000a3000000, 0x00000000a3000000|100%|HC|  |TAMS 0x00000000a3000000, 0x00000000a3000000| Complete 
|  14|0x00000000a3000000, 0x00000000a3100000, 0x00000000a3100000|100%|HC|  |TAMS 0x00000000a3100000, 0x00000000a3100000| Complete 
|  15|0x00000000a3100000, 0x00000000a3200000, 0x00000000a3200000|100%|HC|  |TAMS 0x00000000a3200000, 0x00000000a3200000| Complete 
|  16|0x00000000a3200000, 0x00000000a3300000, 0x00000000a3300000|100%|HC|  |TAMS 0x00000000a3300000, 0x00000000a3300000| Complete 
|  17|0x00000000a3300000, 0x00000000a3400000, 0x00000000a3400000|100%| O|  |TAMS 0x00000000a3400000, 0x00000000a3400000| Untracked 
|  18|0x00000000a3400000, 0x00000000a3500000, 0x00000000a3500000|100%|HS|  |TAMS 0x00000000a3400000, 0x00000000a3500000| Complete 
|  19|0x00000000a3500000, 0x00000000a3600000, 0x00000000a3600000|100%| O|  |TAMS 0x00000000a3600000, 0x00000000a3600000| Untracked 
|  20|0x00000000a3600000, 0x00000000a3700000, 0x00000000a3700000|100%| O|  |TAMS 0x00000000a3700000, 0x00000000a3700000| Untracked 
|  21|0x00000000a3700000, 0x00000000a3800000, 0x00000000a3800000|100%| O|  |TAMS 0x00000000a3800000, 0x00000000a3800000| Untracked 
|  22|0x00000000a3800000, 0x00000000a38c3c00, 0x00000000a3900000| 76%| O|  |TAMS 0x00000000a38c3c00, 0x00000000a38c3c00| Untracked 
|  23|0x00000000a3900000, 0x00000000a3a00000, 0x00000000a3a00000|100%|HS|  |TAMS 0x00000000a3900000, 0x00000000a3a00000| Complete 
|  24|0x00000000a3a00000, 0x00000000a3b00000, 0x00000000a3b00000|100%|HS|  |TAMS 0x00000000a3a00000, 0x00000000a3b00000| Complete 
|  25|0x00000000a3b00000, 0x00000000a3c00000, 0x00000000a3c00000|100%|HS|  |TAMS 0x00000000a3b00000, 0x00000000a3c00000| Complete 
|  26|0x00000000a3c00000, 0x00000000a3d00000, 0x00000000a3d00000|100%|HS|  |TAMS 0x00000000a3c00000, 0x00000000a3d00000| Complete 
|  27|0x00000000a3d00000, 0x00000000a3e00000, 0x00000000a3e00000|100%|HS|  |TAMS 0x00000000a3d00000, 0x00000000a3e00000| Complete 
|  28|0x00000000a3e00000, 0x00000000a3f00000, 0x00000000a3f00000|100%|HS|  |TAMS 0x00000000a3e00000, 0x00000000a3f00000| Complete 
|  29|0x00000000a3f00000, 0x00000000a4000000, 0x00000000a4000000|100%|HS|  |TAMS 0x00000000a3f00000, 0x00000000a4000000| Complete 
|  30|0x00000000a4000000, 0x00000000a4100000, 0x00000000a4100000|100%|HS|  |TAMS 0x00000000a4000000, 0x00000000a4100000| Complete 
|  31|0x00000000a4100000, 0x00000000a4200000, 0x00000000a4200000|100%|HS|  |TAMS 0x00000000a4100000, 0x00000000a4200000| Complete 
|  32|0x00000000a4200000, 0x00000000a4300000, 0x00000000a4300000|100%|HS|  |TAMS 0x00000000a4200000, 0x00000000a4300000| Complete 
|  33|0x00000000a4300000, 0x00000000a4400000, 0x00000000a4400000|100%|HS|  |TAMS 0x00000000a4300000, 0x00000000a4400000| Complete 
|  34|0x00000000a4400000, 0x00000000a4500000, 0x00000000a4500000|100%|HS|  |TAMS 0x00000000a4400000, 0x00000000a4500000| Complete 
|  35|0x00000000a4500000, 0x00000000a4600000, 0x00000000a4600000|100%|HS|  |TAMS 0x00000000a4500000, 0x00000000a4600000| Complete 
|  36|0x00000000a4600000, 0x00000000a4700000, 0x00000000a4700000|100%|HS|  |TAMS 0x00000000a4600000, 0x00000000a4700000| Complete 
|  37|0x00000000a4700000, 0x00000000a4800000, 0x00000000a4800000|100%|HS|  |TAMS 0x00000000a4700000, 0x00000000a4800000| Complete 
|  38|0x00000000a4800000, 0x00000000a4900000, 0x00000000a4900000|100%|HS|  |TAMS 0x00000000a4800000, 0x00000000a4900000| Complete 
|  39|0x00000000a4900000, 0x00000000a4a00000, 0x00000000a4a00000|100%|HS|  |TAMS 0x00000000a4900000, 0x00000000a4a00000| Complete 
|  40|0x00000000a4a00000, 0x00000000a4b00000, 0x00000000a4b00000|100%|HS|  |TAMS 0x00000000a4a00000, 0x00000000a4b00000| Complete 
|  41|0x00000000a4b00000, 0x00000000a4c00000, 0x00000000a4c00000|100%|HS|  |TAMS 0x00000000a4b00000, 0x00000000a4c00000| Complete 
|  42|0x00000000a4c00000, 0x00000000a4d00000, 0x00000000a4d00000|100%|HS|  |TAMS 0x00000000a4c00000, 0x00000000a4d00000| Complete 
|  43|0x00000000a4d00000, 0x00000000a4e00000, 0x00000000a4e00000|100%| O|  |TAMS 0x00000000a4e00000, 0x00000000a4e00000| Untracked 
|  44|0x00000000a4e00000, 0x00000000a4f00000, 0x00000000a4f00000|100%| O|  |TAMS 0x00000000a4f00000, 0x00000000a4f00000| Untracked 
|  45|0x00000000a4f00000, 0x00000000a5000000, 0x00000000a5000000|100%| O|  |TAMS 0x00000000a5000000, 0x00000000a5000000| Untracked 
|  46|0x00000000a5000000, 0x00000000a5100000, 0x00000000a5100000|100%|HS|  |TAMS 0x00000000a5100000, 0x00000000a5100000| Complete 
|  47|0x00000000a5100000, 0x00000000a5200000, 0x00000000a5200000|100%|HC|  |TAMS 0x00000000a5200000, 0x00000000a5200000| Complete 
|  48|0x00000000a5200000, 0x00000000a5300000, 0x00000000a5300000|100%|HC|  |TAMS 0x00000000a5300000, 0x00000000a5300000| Complete 
|  49|0x00000000a5300000, 0x00000000a5400000, 0x00000000a5400000|100%|HC|  |TAMS 0x00000000a5400000, 0x00000000a5400000| Complete 
|  50|0x00000000a5400000, 0x00000000a5500000, 0x00000000a5500000|100%|HS|  |TAMS 0x00000000a5500000, 0x00000000a5500000| Complete 
|  51|0x00000000a5500000, 0x00000000a5600000, 0x00000000a5600000|100%|HC|  |TAMS 0x00000000a5600000, 0x00000000a5600000| Complete 
|  52|0x00000000a5600000, 0x00000000a5700000, 0x00000000a5700000|100%|HS|  |TAMS 0x00000000a5700000, 0x00000000a5700000| Complete 
|  53|0x00000000a5700000, 0x00000000a5800000, 0x00000000a5800000|100%|HC|  |TAMS 0x00000000a5800000, 0x00000000a5800000| Complete 
|  54|0x00000000a5800000, 0x00000000a5900000, 0x00000000a5900000|100%|HC|  |TAMS 0x00000000a5900000, 0x00000000a5900000| Complete 
|  55|0x00000000a5900000, 0x00000000a5a00000, 0x00000000a5a00000|100%|HC|  |TAMS 0x00000000a5a00000, 0x00000000a5a00000| Complete 
|  56|0x00000000a5a00000, 0x00000000a5b00000, 0x00000000a5b00000|100%|HC|  |TAMS 0x00000000a5b00000, 0x00000000a5b00000| Complete 
|  57|0x00000000a5b00000, 0x00000000a5c00000, 0x00000000a5c00000|100%|HC|  |TAMS 0x00000000a5c00000, 0x00000000a5c00000| Complete 
|  58|0x00000000a5c00000, 0x00000000a5d00000, 0x00000000a5d00000|100%|HC|  |TAMS 0x00000000a5d00000, 0x00000000a5d00000| Complete 
|  59|0x00000000a5d00000, 0x00000000a5e00000, 0x00000000a5e00000|100%|HC|  |TAMS 0x00000000a5e00000, 0x00000000a5e00000| Complete 
|  60|0x00000000a5e00000, 0x00000000a5f00000, 0x00000000a5f00000|100%| O|  |TAMS 0x00000000a5f00000, 0x00000000a5f00000| Untracked 
|  61|0x00000000a5f00000, 0x00000000a6000000, 0x00000000a6000000|100%|HS|  |TAMS 0x00000000a6000000, 0x00000000a6000000| Complete 
|  62|0x00000000a6000000, 0x00000000a6100000, 0x00000000a6100000|100%|HC|  |TAMS 0x00000000a6100000, 0x00000000a6100000| Complete 
|  63|0x00000000a6100000, 0x00000000a6200000, 0x00000000a6200000|100%|HC|  |TAMS 0x00000000a6200000, 0x00000000a6200000| Complete 
|  64|0x00000000a6200000, 0x00000000a6300000, 0x00000000a6300000|100%|HC|  |TAMS 0x00000000a6300000, 0x00000000a6300000| Complete 
|  65|0x00000000a6300000, 0x00000000a6400000, 0x00000000a6400000|100%|HC|  |TAMS 0x00000000a6400000, 0x00000000a6400000| Complete 
|  66|0x00000000a6400000, 0x00000000a6500000, 0x00000000a6500000|100%|HC|  |TAMS 0x00000000a6500000, 0x00000000a6500000| Complete 
|  67|0x00000000a6500000, 0x00000000a6600000, 0x00000000a6600000|100%|HC|  |TAMS 0x00000000a6600000, 0x00000000a6600000| Complete 
|  68|0x00000000a6600000, 0x00000000a6700000, 0x00000000a6700000|100%|HC|  |TAMS 0x00000000a6700000, 0x00000000a6700000| Complete 
|  69|0x00000000a6700000, 0x00000000a6800000, 0x00000000a6800000|100%|HC|  |TAMS 0x00000000a6800000, 0x00000000a6800000| Complete 
|  70|0x00000000a6800000, 0x00000000a6900000, 0x00000000a6900000|100%|HC|  |TAMS 0x00000000a6900000, 0x00000000a6900000| Complete 
|  71|0x00000000a6900000, 0x00000000a6a00000, 0x00000000a6a00000|100%|HC|  |TAMS 0x00000000a6a00000, 0x00000000a6a00000| Complete 
|  72|0x00000000a6a00000, 0x00000000a6b00000, 0x00000000a6b00000|100%|HC|  |TAMS 0x00000000a6b00000, 0x00000000a6b00000| Complete 
|  73|0x00000000a6b00000, 0x00000000a6c00000, 0x00000000a6c00000|100%|HC|  |TAMS 0x00000000a6c00000, 0x00000000a6c00000| Complete 
|  74|0x00000000a6c00000, 0x00000000a6d00000, 0x00000000a6d00000|100%|HC|  |TAMS 0x00000000a6d00000, 0x00000000a6d00000| Complete 
|  75|0x00000000a6d00000, 0x00000000a6e00000, 0x00000000a6e00000|100%|HC|  |TAMS 0x00000000a6e00000, 0x00000000a6e00000| Complete 
|  76|0x00000000a6e00000, 0x00000000a6f00000, 0x00000000a6f00000|100%|HS|  |TAMS 0x00000000a6f00000, 0x00000000a6f00000| Complete 
|  77|0x00000000a6f00000, 0x00000000a7000000, 0x00000000a7000000|100%|HC|  |TAMS 0x00000000a7000000, 0x00000000a7000000| Complete 
|  78|0x00000000a7000000, 0x00000000a7100000, 0x00000000a7100000|100%|HS|  |TAMS 0x00000000a7100000, 0x00000000a7100000| Complete 
|  79|0x00000000a7100000, 0x00000000a7200000, 0x00000000a7200000|100%|HC|  |TAMS 0x00000000a7200000, 0x00000000a7200000| Complete 
|  80|0x00000000a7200000, 0x00000000a7300000, 0x00000000a7300000|100%|HS|  |TAMS 0x00000000a7300000, 0x00000000a7300000| Complete 
|  81|0x00000000a7300000, 0x00000000a7400000, 0x00000000a7400000|100%|HC|  |TAMS 0x00000000a7400000, 0x00000000a7400000| Complete 
|  82|0x00000000a7400000, 0x00000000a7500000, 0x00000000a7500000|100%|HS|  |TAMS 0x00000000a7500000, 0x00000000a7500000| Complete 
|  83|0x00000000a7500000, 0x00000000a7600000, 0x00000000a7600000|100%|HC|  |TAMS 0x00000000a7600000, 0x00000000a7600000| Complete 
|  84|0x00000000a7600000, 0x00000000a7700000, 0x00000000a7700000|100%|HS|  |TAMS 0x00000000a7700000, 0x00000000a7700000| Complete 
|  85|0x00000000a7700000, 0x00000000a7800000, 0x00000000a7800000|100%|HC|  |TAMS 0x00000000a7800000, 0x00000000a7800000| Complete 
|  86|0x00000000a7800000, 0x00000000a7900000, 0x00000000a7900000|100%|HS|  |TAMS 0x00000000a7900000, 0x00000000a7900000| Complete 
|  87|0x00000000a7900000, 0x00000000a7a00000, 0x00000000a7a00000|100%|HC|  |TAMS 0x00000000a7a00000, 0x00000000a7a00000| Complete 
|  88|0x00000000a7a00000, 0x00000000a7b00000, 0x00000000a7b00000|100%|HS|  |TAMS 0x00000000a7b00000, 0x00000000a7b00000| Complete 
|  89|0x00000000a7b00000, 0x00000000a7c00000, 0x00000000a7c00000|100%|HC|  |TAMS 0x00000000a7c00000, 0x00000000a7c00000| Complete 
|  90|0x00000000a7c00000, 0x00000000a7d00000, 0x00000000a7d00000|100%|HS|  |TAMS 0x00000000a7d00000, 0x00000000a7d00000| Complete 
|  91|0x00000000a7d00000, 0x00000000a7e00000, 0x00000000a7e00000|100%|HC|  |TAMS 0x00000000a7e00000, 0x00000000a7e00000| Complete 
|  92|0x00000000a7e00000, 0x00000000a7f00000, 0x00000000a7f00000|100%|HS|  |TAMS 0x00000000a7f00000, 0x00000000a7f00000| Complete 
|  93|0x00000000a7f00000, 0x00000000a8000000, 0x00000000a8000000|100%|HC|  |TAMS 0x00000000a8000000, 0x00000000a8000000| Complete 
|  94|0x00000000a8000000, 0x00000000a8100000, 0x00000000a8100000|100%|HS|  |TAMS 0x00000000a8100000, 0x00000000a8100000| Complete 
|  95|0x00000000a8100000, 0x00000000a8200000, 0x00000000a8200000|100%|HC|  |TAMS 0x00000000a8200000, 0x00000000a8200000| Complete 
|  96|0x00000000a8200000, 0x00000000a8300000, 0x00000000a8300000|100%|HS|  |TAMS 0x00000000a8300000, 0x00000000a8300000| Complete 
|  97|0x00000000a8300000, 0x00000000a8400000, 0x00000000a8400000|100%|HC|  |TAMS 0x00000000a8400000, 0x00000000a8400000| Complete 
|  98|0x00000000a8400000, 0x00000000a8500000, 0x00000000a8500000|100%|HC|  |TAMS 0x00000000a8500000, 0x00000000a8500000| Complete 
|  99|0x00000000a8500000, 0x00000000a8600000, 0x00000000a8600000|100%|HC|  |TAMS 0x00000000a8600000, 0x00000000a8600000| Complete 
| 100|0x00000000a8600000, 0x00000000a8700000, 0x00000000a8700000|100%|HC|  |TAMS 0x00000000a8700000, 0x00000000a8700000| Complete 
| 101|0x00000000a8700000, 0x00000000a8800000, 0x00000000a8800000|100%|HC|  |TAMS 0x00000000a8800000, 0x00000000a8800000| Complete 
| 102|0x00000000a8800000, 0x00000000a8900000, 0x00000000a8900000|100%|HC|  |TAMS 0x00000000a8900000, 0x00000000a8900000| Complete 
| 103|0x00000000a8900000, 0x00000000a8a00000, 0x00000000a8a00000|100%|HC|  |TAMS 0x00000000a8a00000, 0x00000000a8a00000| Complete 
| 104|0x00000000a8a00000, 0x00000000a8b00000, 0x00000000a8b00000|100%|HC|  |TAMS 0x00000000a8b00000, 0x00000000a8b00000| Complete 
| 105|0x00000000a8b00000, 0x00000000a8c00000, 0x00000000a8c00000|100%|HC|  |TAMS 0x00000000a8c00000, 0x00000000a8c00000| Complete 
| 106|0x00000000a8c00000, 0x00000000a8d00000, 0x00000000a8d00000|100%|HC|  |TAMS 0x00000000a8d00000, 0x00000000a8d00000| Complete 
| 107|0x00000000a8d00000, 0x00000000a8e00000, 0x00000000a8e00000|100%|HC|  |TAMS 0x00000000a8e00000, 0x00000000a8e00000| Complete 
| 108|0x00000000a8e00000, 0x00000000a8f00000, 0x00000000a8f00000|100%|HS|  |TAMS 0x00000000a8f00000, 0x00000000a8f00000| Complete 
| 109|0x00000000a8f00000, 0x00000000a9000000, 0x00000000a9000000|100%|HC|  |TAMS 0x00000000a9000000, 0x00000000a9000000| Complete 
| 110|0x00000000a9000000, 0x00000000a9100000, 0x00000000a9100000|100%|HC|  |TAMS 0x00000000a9100000, 0x00000000a9100000| Complete 
| 111|0x00000000a9100000, 0x00000000a9200000, 0x00000000a9200000|100%|HS|  |TAMS 0x00000000a9200000, 0x00000000a9200000| Complete 
| 112|0x00000000a9200000, 0x00000000a9300000, 0x00000000a9300000|100%|HS|  |TAMS 0x00000000a9300000, 0x00000000a9300000| Complete 
| 113|0x00000000a9300000, 0x00000000a9400000, 0x00000000a9400000|100%|HC|  |TAMS 0x00000000a9400000, 0x00000000a9400000| Complete 
| 114|0x00000000a9400000, 0x00000000a9500000, 0x00000000a9500000|100%|HC|  |TAMS 0x00000000a9500000, 0x00000000a9500000| Complete 
| 115|0x00000000a9500000, 0x00000000a9600000, 0x00000000a9600000|100%|HC|  |TAMS 0x00000000a9600000, 0x00000000a9600000| Complete 
| 116|0x00000000a9600000, 0x00000000a9700000, 0x00000000a9700000|100%|HC|  |TAMS 0x00000000a9700000, 0x00000000a9700000| Complete 
| 117|0x00000000a9700000, 0x00000000a9800000, 0x00000000a9800000|100%|HC|  |TAMS 0x00000000a9800000, 0x00000000a9800000| Complete 
| 118|0x00000000a9800000, 0x00000000a9900000, 0x00000000a9900000|100%|HC|  |TAMS 0x00000000a9900000, 0x00000000a9900000| Complete 
| 119|0x00000000a9900000, 0x00000000a9a00000, 0x00000000a9a00000|100%|HC|  |TAMS 0x00000000a9a00000, 0x00000000a9a00000| Complete 
| 120|0x00000000a9a00000, 0x00000000a9b00000, 0x00000000a9b00000|100%|HC|  |TAMS 0x00000000a9b00000, 0x00000000a9b00000| Complete 
| 121|0x00000000a9b00000, 0x00000000a9c00000, 0x00000000a9c00000|100%|HC|  |TAMS 0x00000000a9c00000, 0x00000000a9c00000| Complete 
| 122|0x00000000a9c00000, 0x00000000a9d00000, 0x00000000a9d00000|100%|HC|  |TAMS 0x00000000a9d00000, 0x00000000a9d00000| Complete 
| 123|0x00000000a9d00000, 0x00000000a9e00000, 0x00000000a9e00000|100%|HC|  |TAMS 0x00000000a9e00000, 0x00000000a9e00000| Complete 
| 124|0x00000000a9e00000, 0x00000000a9f00000, 0x00000000a9f00000|100%|HC|  |TAMS 0x00000000a9f00000, 0x00000000a9f00000| Complete 
| 125|0x00000000a9f00000, 0x00000000aa000000, 0x00000000aa000000|100%|HC|  |TAMS 0x00000000aa000000, 0x00000000aa000000| Complete 
| 126|0x00000000aa000000, 0x00000000aa100000, 0x00000000aa100000|100%|HC|  |TAMS 0x00000000aa100000, 0x00000000aa100000| Complete 
| 127|0x00000000aa100000, 0x00000000aa200000, 0x00000000aa200000|100%|HS|  |TAMS 0x00000000aa100000, 0x00000000aa200000| Complete 
| 128|0x00000000aa200000, 0x00000000aa300000, 0x00000000aa300000|100%|HS|  |TAMS 0x00000000aa200000, 0x00000000aa300000| Complete 
| 129|0x00000000aa300000, 0x00000000aa400000, 0x00000000aa400000|100%|HS|  |TAMS 0x00000000aa300000, 0x00000000aa400000| Complete 
| 130|0x00000000aa400000, 0x00000000aa500000, 0x00000000aa500000|100%|HS|  |TAMS 0x00000000aa400000, 0x00000000aa500000| Complete 
| 131|0x00000000aa500000, 0x00000000aa600000, 0x00000000aa600000|100%|HS|  |TAMS 0x00000000aa500000, 0x00000000aa600000| Complete 
| 132|0x00000000aa600000, 0x00000000aa700000, 0x00000000aa700000|100%|HS|  |TAMS 0x00000000aa600000, 0x00000000aa700000| Complete 
| 133|0x00000000aa700000, 0x00000000aa800000, 0x00000000aa800000|100%|HS|  |TAMS 0x00000000aa700000, 0x00000000aa800000| Complete 
| 134|0x00000000aa800000, 0x00000000aa900000, 0x00000000aa900000|100%|HS|  |TAMS 0x00000000aa800000, 0x00000000aa900000| Complete 
| 135|0x00000000aa900000, 0x00000000aaa00000, 0x00000000aaa00000|100%|HS|  |TAMS 0x00000000aa900000, 0x00000000aaa00000| Complete 
| 136|0x00000000aaa00000, 0x00000000aab00000, 0x00000000aab00000|100%|HS|  |TAMS 0x00000000aaa00000, 0x00000000aab00000| Complete 
| 137|0x00000000aab00000, 0x00000000aac00000, 0x00000000aac00000|100%|HS|  |TAMS 0x00000000aab00000, 0x00000000aac00000| Complete 
| 138|0x00000000aac00000, 0x00000000aad00000, 0x00000000aad00000|100%|HS|  |TAMS 0x00000000aac00000, 0x00000000aad00000| Complete 
| 139|0x00000000aad00000, 0x00000000aae00000, 0x00000000aae00000|100%|HS|  |TAMS 0x00000000aad00000, 0x00000000aae00000| Complete 
| 140|0x00000000aae00000, 0x00000000aaf00000, 0x00000000aaf00000|100%|HS|  |TAMS 0x00000000aae00000, 0x00000000aaf00000| Complete 
| 141|0x00000000aaf00000, 0x00000000ab000000, 0x00000000ab000000|100%|HS|  |TAMS 0x00000000aaf00000, 0x00000000ab000000| Complete 
| 142|0x00000000ab000000, 0x00000000ab100000, 0x00000000ab100000|100%|HS|  |TAMS 0x00000000ab000000, 0x00000000ab100000| Complete 
| 143|0x00000000ab100000, 0x00000000ab200000, 0x00000000ab200000|100%|HS|  |TAMS 0x00000000ab100000, 0x00000000ab200000| Complete 
| 144|0x00000000ab200000, 0x00000000ab300000, 0x00000000ab300000|100%|HS|  |TAMS 0x00000000ab200000, 0x00000000ab300000| Complete 
| 145|0x00000000ab300000, 0x00000000ab400000, 0x00000000ab400000|100%|HS|  |TAMS 0x00000000ab300000, 0x00000000ab400000| Complete 
| 146|0x00000000ab400000, 0x00000000ab500000, 0x00000000ab500000|100%|HS|  |TAMS 0x00000000ab400000, 0x00000000ab500000| Complete 
| 147|0x00000000ab500000, 0x00000000ab600000, 0x00000000ab600000|100%|HS|  |TAMS 0x00000000ab500000, 0x00000000ab600000| Complete 
| 148|0x00000000ab600000, 0x00000000ab700000, 0x00000000ab700000|100%|HS|  |TAMS 0x00000000ab600000, 0x00000000ab700000| Complete 
| 149|0x00000000ab700000, 0x00000000ab800000, 0x00000000ab800000|100%|HS|  |TAMS 0x00000000ab700000, 0x00000000ab800000| Complete 
| 150|0x00000000ab800000, 0x00000000ab900000, 0x00000000ab900000|100%|HS|  |TAMS 0x00000000ab800000, 0x00000000ab900000| Complete 
| 151|0x00000000ab900000, 0x00000000aba00000, 0x00000000aba00000|100%|HS|  |TAMS 0x00000000ab900000, 0x00000000aba00000| Complete 
| 152|0x00000000aba00000, 0x00000000abb00000, 0x00000000abb00000|100%|HS|  |TAMS 0x00000000aba00000, 0x00000000abb00000| Complete 
| 153|0x00000000abb00000, 0x00000000abc00000, 0x00000000abc00000|100%|HS|  |TAMS 0x00000000abb00000, 0x00000000abc00000| Complete 
| 154|0x00000000abc00000, 0x00000000abd00000, 0x00000000abd00000|100%|HS|  |TAMS 0x00000000abc00000, 0x00000000abd00000| Complete 
| 155|0x00000000abd00000, 0x00000000abe00000, 0x00000000abe00000|100%|HS|  |TAMS 0x00000000abd00000, 0x00000000abe00000| Complete 
| 156|0x00000000abe00000, 0x00000000abf00000, 0x00000000abf00000|100%|HS|  |TAMS 0x00000000abe00000, 0x00000000abf00000| Complete 
| 157|0x00000000abf00000, 0x00000000ac000000, 0x00000000ac000000|100%|HS|  |TAMS 0x00000000abf00000, 0x00000000ac000000| Complete 
| 158|0x00000000ac000000, 0x00000000ac100000, 0x00000000ac100000|100%|HS|  |TAMS 0x00000000ac000000, 0x00000000ac100000| Complete 
| 159|0x00000000ac100000, 0x00000000ac200000, 0x00000000ac200000|100%|HS|  |TAMS 0x00000000ac100000, 0x00000000ac200000| Complete 
| 160|0x00000000ac200000, 0x00000000ac300000, 0x00000000ac300000|100%|HS|  |TAMS 0x00000000ac200000, 0x00000000ac300000| Complete 
| 161|0x00000000ac300000, 0x00000000ac400000, 0x00000000ac400000|100%|HS|  |TAMS 0x00000000ac300000, 0x00000000ac400000| Complete 
| 162|0x00000000ac400000, 0x00000000ac500000, 0x00000000ac500000|100%|HS|  |TAMS 0x00000000ac400000, 0x00000000ac500000| Complete 
| 163|0x00000000ac500000, 0x00000000ac600000, 0x00000000ac600000|100%|HS|  |TAMS 0x00000000ac500000, 0x00000000ac600000| Complete 
| 164|0x00000000ac600000, 0x00000000ac700000, 0x00000000ac700000|100%|HS|  |TAMS 0x00000000ac600000, 0x00000000ac700000| Complete 
| 165|0x00000000ac700000, 0x00000000ac800000, 0x00000000ac800000|100%|HS|  |TAMS 0x00000000ac700000, 0x00000000ac800000| Complete 
| 166|0x00000000ac800000, 0x00000000ac900000, 0x00000000ac900000|100%|HS|  |TAMS 0x00000000ac800000, 0x00000000ac900000| Complete 
| 167|0x00000000ac900000, 0x00000000aca00000, 0x00000000aca00000|100%|HS|  |TAMS 0x00000000ac900000, 0x00000000aca00000| Complete 
| 168|0x00000000aca00000, 0x00000000acb00000, 0x00000000acb00000|100%|HS|  |TAMS 0x00000000aca00000, 0x00000000acb00000| Complete 
| 169|0x00000000acb00000, 0x00000000acc00000, 0x00000000acc00000|100%|HS|  |TAMS 0x00000000acb00000, 0x00000000acc00000| Complete 
| 170|0x00000000acc00000, 0x00000000acd00000, 0x00000000acd00000|100%|HS|  |TAMS 0x00000000acc00000, 0x00000000acd00000| Complete 
| 171|0x00000000acd00000, 0x00000000ace00000, 0x00000000ace00000|100%|HS|  |TAMS 0x00000000acd00000, 0x00000000ace00000| Complete 
| 172|0x00000000ace00000, 0x00000000acf00000, 0x00000000acf00000|100%|HS|  |TAMS 0x00000000ace00000, 0x00000000acf00000| Complete 
| 173|0x00000000acf00000, 0x00000000ad000000, 0x00000000ad000000|100%|HS|  |TAMS 0x00000000acf00000, 0x00000000ad000000| Complete 
| 174|0x00000000ad000000, 0x00000000ad100000, 0x00000000ad100000|100%|HS|  |TAMS 0x00000000ad000000, 0x00000000ad100000| Complete 
| 175|0x00000000ad100000, 0x00000000ad200000, 0x00000000ad200000|100%|HS|  |TAMS 0x00000000ad100000, 0x00000000ad200000| Complete 
| 176|0x00000000ad200000, 0x00000000ad300000, 0x00000000ad300000|100%|HS|  |TAMS 0x00000000ad200000, 0x00000000ad300000| Complete 
| 177|0x00000000ad300000, 0x00000000ad400000, 0x00000000ad400000|100%|HS|  |TAMS 0x00000000ad300000, 0x00000000ad400000| Complete 
| 178|0x00000000ad400000, 0x00000000ad500000, 0x00000000ad500000|100%|HS|  |TAMS 0x00000000ad400000, 0x00000000ad500000| Complete 
| 179|0x00000000ad500000, 0x00000000ad600000, 0x00000000ad600000|100%|HS|  |TAMS 0x00000000ad500000, 0x00000000ad600000| Complete 
| 180|0x00000000ad600000, 0x00000000ad700000, 0x00000000ad700000|100%|HS|  |TAMS 0x00000000ad600000, 0x00000000ad700000| Complete 
| 181|0x00000000ad700000, 0x00000000ad800000, 0x00000000ad800000|100%|HS|  |TAMS 0x00000000ad700000, 0x00000000ad800000| Complete 
| 182|0x00000000ad800000, 0x00000000ad900000, 0x00000000ad900000|100%|HS|  |TAMS 0x00000000ad800000, 0x00000000ad900000| Complete 
| 183|0x00000000ad900000, 0x00000000ada00000, 0x00000000ada00000|100%|HS|  |TAMS 0x00000000ad900000, 0x00000000ada00000| Complete 
| 184|0x00000000ada00000, 0x00000000adb00000, 0x00000000adb00000|100%|HS|  |TAMS 0x00000000ada00000, 0x00000000adb00000| Complete 
| 185|0x00000000adb00000, 0x00000000adc00000, 0x00000000adc00000|100%|HS|  |TAMS 0x00000000adb00000, 0x00000000adc00000| Complete 
| 186|0x00000000adc00000, 0x00000000add00000, 0x00000000add00000|100%|HS|  |TAMS 0x00000000adc00000, 0x00000000add00000| Complete 
| 187|0x00000000add00000, 0x00000000ade00000, 0x00000000ade00000|100%|HS|  |TAMS 0x00000000add00000, 0x00000000ade00000| Complete 
| 188|0x00000000ade00000, 0x00000000adf00000, 0x00000000adf00000|100%|HS|  |TAMS 0x00000000ade00000, 0x00000000adf00000| Complete 
| 189|0x00000000adf00000, 0x00000000ae000000, 0x00000000ae000000|100%|HS|  |TAMS 0x00000000adf00000, 0x00000000ae000000| Complete 
| 190|0x00000000ae000000, 0x00000000ae100000, 0x00000000ae100000|100%|HS|  |TAMS 0x00000000ae000000, 0x00000000ae100000| Complete 
| 191|0x00000000ae100000, 0x00000000ae200000, 0x00000000ae200000|100%|HS|  |TAMS 0x00000000ae100000, 0x00000000ae200000| Complete 
| 192|0x00000000ae200000, 0x00000000ae300000, 0x00000000ae300000|100%|HS|  |TAMS 0x00000000ae200000, 0x00000000ae300000| Complete 
| 193|0x00000000ae300000, 0x00000000ae400000, 0x00000000ae400000|100%|HS|  |TAMS 0x00000000ae300000, 0x00000000ae400000| Complete 
| 194|0x00000000ae400000, 0x00000000ae500000, 0x00000000ae500000|100%|HS|  |TAMS 0x00000000ae400000, 0x00000000ae500000| Complete 
| 195|0x00000000ae500000, 0x00000000ae600000, 0x00000000ae600000|100%|HS|  |TAMS 0x00000000ae500000, 0x00000000ae600000| Complete 
| 196|0x00000000ae600000, 0x00000000ae700000, 0x00000000ae700000|100%|HS|  |TAMS 0x00000000ae600000, 0x00000000ae700000| Complete 
| 197|0x00000000ae700000, 0x00000000ae800000, 0x00000000ae800000|100%|HS|  |TAMS 0x00000000ae700000, 0x00000000ae800000| Complete 
| 198|0x00000000ae800000, 0x00000000ae900000, 0x00000000ae900000|100%|HS|  |TAMS 0x00000000ae800000, 0x00000000ae900000| Complete 
| 199|0x00000000ae900000, 0x00000000aea00000, 0x00000000aea00000|100%|HS|  |TAMS 0x00000000ae900000, 0x00000000aea00000| Complete 
| 200|0x00000000aea00000, 0x00000000aeb00000, 0x00000000aeb00000|100%|HS|  |TAMS 0x00000000aea00000, 0x00000000aeb00000| Complete 
| 201|0x00000000aeb00000, 0x00000000aec00000, 0x00000000aec00000|100%|HS|  |TAMS 0x00000000aeb00000, 0x00000000aec00000| Complete 
| 202|0x00000000aec00000, 0x00000000aed00000, 0x00000000aed00000|100%|HS|  |TAMS 0x00000000aec00000, 0x00000000aed00000| Complete 
| 203|0x00000000aed00000, 0x00000000aee00000, 0x00000000aee00000|100%|HS|  |TAMS 0x00000000aed00000, 0x00000000aee00000| Complete 
| 204|0x00000000aee00000, 0x00000000aef00000, 0x00000000aef00000|100%|HS|  |TAMS 0x00000000aee00000, 0x00000000aef00000| Complete 
| 205|0x00000000aef00000, 0x00000000af000000, 0x00000000af000000|100%|HS|  |TAMS 0x00000000aef00000, 0x00000000af000000| Complete 
| 206|0x00000000af000000, 0x00000000af100000, 0x00000000af100000|100%|HS|  |TAMS 0x00000000af000000, 0x00000000af100000| Complete 
| 207|0x00000000af100000, 0x00000000af200000, 0x00000000af200000|100%|HS|  |TAMS 0x00000000af100000, 0x00000000af200000| Complete 
| 208|0x00000000af200000, 0x00000000af300000, 0x00000000af300000|100%|HS|  |TAMS 0x00000000af200000, 0x00000000af300000| Complete 
| 209|0x00000000af300000, 0x00000000af400000, 0x00000000af400000|100%|HS|  |TAMS 0x00000000af300000, 0x00000000af400000| Complete 
| 210|0x00000000af400000, 0x00000000af500000, 0x00000000af500000|100%|HS|  |TAMS 0x00000000af400000, 0x00000000af500000| Complete 
| 211|0x00000000af500000, 0x00000000af600000, 0x00000000af600000|100%|HS|  |TAMS 0x00000000af500000, 0x00000000af600000| Complete 
| 212|0x00000000af600000, 0x00000000af700000, 0x00000000af700000|100%|HS|  |TAMS 0x00000000af600000, 0x00000000af700000| Complete 
| 213|0x00000000af700000, 0x00000000af800000, 0x00000000af800000|100%|HS|  |TAMS 0x00000000af700000, 0x00000000af800000| Complete 
| 214|0x00000000af800000, 0x00000000af900000, 0x00000000af900000|100%|HS|  |TAMS 0x00000000af800000, 0x00000000af900000| Complete 
| 215|0x00000000af900000, 0x00000000afa00000, 0x00000000afa00000|100%|HS|  |TAMS 0x00000000af900000, 0x00000000afa00000| Complete 
| 216|0x00000000afa00000, 0x00000000afb00000, 0x00000000afb00000|100%|HS|  |TAMS 0x00000000afa00000, 0x00000000afb00000| Complete 
| 217|0x00000000afb00000, 0x00000000afc00000, 0x00000000afc00000|100%|HS|  |TAMS 0x00000000afb00000, 0x00000000afc00000| Complete 
| 218|0x00000000afc00000, 0x00000000afd00000, 0x00000000afd00000|100%|HS|  |TAMS 0x00000000afc00000, 0x00000000afd00000| Complete 
| 219|0x00000000afd00000, 0x00000000afe00000, 0x00000000afe00000|100%|HS|  |TAMS 0x00000000afd00000, 0x00000000afe00000| Complete 
| 220|0x00000000afe00000, 0x00000000aff00000, 0x00000000aff00000|100%|HS|  |TAMS 0x00000000afe00000, 0x00000000aff00000| Complete 
| 221|0x00000000aff00000, 0x00000000b0000000, 0x00000000b0000000|100%|HS|  |TAMS 0x00000000aff00000, 0x00000000b0000000| Complete 
| 222|0x00000000b0000000, 0x00000000b0100000, 0x00000000b0100000|100%|HS|  |TAMS 0x00000000b0000000, 0x00000000b0100000| Complete 
| 223|0x00000000b0100000, 0x00000000b0200000, 0x00000000b0200000|100%|HS|  |TAMS 0x00000000b0100000, 0x00000000b0200000| Complete 
| 224|0x00000000b0200000, 0x00000000b0300000, 0x00000000b0300000|100%|HS|  |TAMS 0x00000000b0200000, 0x00000000b0300000| Complete 
| 225|0x00000000b0300000, 0x00000000b0400000, 0x00000000b0400000|100%|HS|  |TAMS 0x00000000b0300000, 0x00000000b0400000| Complete 
| 226|0x00000000b0400000, 0x00000000b0500000, 0x00000000b0500000|100%|HS|  |TAMS 0x00000000b0400000, 0x00000000b0500000| Complete 
| 227|0x00000000b0500000, 0x00000000b0600000, 0x00000000b0600000|100%|HS|  |TAMS 0x00000000b0500000, 0x00000000b0600000| Complete 
| 228|0x00000000b0600000, 0x00000000b0700000, 0x00000000b0700000|100%|HS|  |TAMS 0x00000000b0600000, 0x00000000b0700000| Complete 
| 229|0x00000000b0700000, 0x00000000b0800000, 0x00000000b0800000|100%|HS|  |TAMS 0x00000000b0700000, 0x00000000b0800000| Complete 
| 230|0x00000000b0800000, 0x00000000b0900000, 0x00000000b0900000|100%|HS|  |TAMS 0x00000000b0800000, 0x00000000b0900000| Complete 
| 231|0x00000000b0900000, 0x00000000b0a00000, 0x00000000b0a00000|100%|HS|  |TAMS 0x00000000b0900000, 0x00000000b0a00000| Complete 
| 232|0x00000000b0a00000, 0x00000000b0b00000, 0x00000000b0b00000|100%|HS|  |TAMS 0x00000000b0a00000, 0x00000000b0b00000| Complete 
| 233|0x00000000b0b00000, 0x00000000b0c00000, 0x00000000b0c00000|100%|HS|  |TAMS 0x00000000b0b00000, 0x00000000b0c00000| Complete 
| 234|0x00000000b0c00000, 0x00000000b0d00000, 0x00000000b0d00000|100%|HS|  |TAMS 0x00000000b0c00000, 0x00000000b0d00000| Complete 
| 235|0x00000000b0d00000, 0x00000000b0e00000, 0x00000000b0e00000|100%|HS|  |TAMS 0x00000000b0d00000, 0x00000000b0e00000| Complete 
| 236|0x00000000b0e00000, 0x00000000b0f00000, 0x00000000b0f00000|100%|HS|  |TAMS 0x00000000b0e00000, 0x00000000b0f00000| Complete 
| 237|0x00000000b0f00000, 0x00000000b1000000, 0x00000000b1000000|100%|HS|  |TAMS 0x00000000b0f00000, 0x00000000b1000000| Complete 
| 238|0x00000000b1000000, 0x00000000b1100000, 0x00000000b1100000|100%|HS|  |TAMS 0x00000000b1000000, 0x00000000b1100000| Complete 
| 239|0x00000000b1100000, 0x00000000b1200000, 0x00000000b1200000|100%|HS|  |TAMS 0x00000000b1100000, 0x00000000b1200000| Complete 
| 240|0x00000000b1200000, 0x00000000b1300000, 0x00000000b1300000|100%|HS|  |TAMS 0x00000000b1200000, 0x00000000b1300000| Complete 
| 241|0x00000000b1300000, 0x00000000b1400000, 0x00000000b1400000|100%|HS|  |TAMS 0x00000000b1300000, 0x00000000b1400000| Complete 
| 242|0x00000000b1400000, 0x00000000b1500000, 0x00000000b1500000|100%|HS|  |TAMS 0x00000000b1400000, 0x00000000b1500000| Complete 
| 243|0x00000000b1500000, 0x00000000b1600000, 0x00000000b1600000|100%|HS|  |TAMS 0x00000000b1500000, 0x00000000b1600000| Complete 
| 244|0x00000000b1600000, 0x00000000b1700000, 0x00000000b1700000|100%|HS|  |TAMS 0x00000000b1600000, 0x00000000b1700000| Complete 
| 245|0x00000000b1700000, 0x00000000b1800000, 0x00000000b1800000|100%|HS|  |TAMS 0x00000000b1700000, 0x00000000b1800000| Complete 
| 246|0x00000000b1800000, 0x00000000b1900000, 0x00000000b1900000|100%|HS|  |TAMS 0x00000000b1800000, 0x00000000b1900000| Complete 
| 247|0x00000000b1900000, 0x00000000b1a00000, 0x00000000b1a00000|100%|HS|  |TAMS 0x00000000b1900000, 0x00000000b1a00000| Complete 
| 248|0x00000000b1a00000, 0x00000000b1b00000, 0x00000000b1b00000|100%|HS|  |TAMS 0x00000000b1a00000, 0x00000000b1b00000| Complete 
| 249|0x00000000b1b00000, 0x00000000b1c00000, 0x00000000b1c00000|100%|HS|  |TAMS 0x00000000b1b00000, 0x00000000b1c00000| Complete 
| 250|0x00000000b1c00000, 0x00000000b1d00000, 0x00000000b1d00000|100%|HS|  |TAMS 0x00000000b1c00000, 0x00000000b1d00000| Complete 
| 251|0x00000000b1d00000, 0x00000000b1e00000, 0x00000000b1e00000|100%|HS|  |TAMS 0x00000000b1d00000, 0x00000000b1e00000| Complete 
| 252|0x00000000b1e00000, 0x00000000b1f00000, 0x00000000b1f00000|100%|HS|  |TAMS 0x00000000b1e00000, 0x00000000b1f00000| Complete 
| 253|0x00000000b1f00000, 0x00000000b2000000, 0x00000000b2000000|100%|HS|  |TAMS 0x00000000b1f00000, 0x00000000b2000000| Complete 
| 254|0x00000000b2000000, 0x00000000b2100000, 0x00000000b2100000|100%|HS|  |TAMS 0x00000000b2000000, 0x00000000b2100000| Complete 
| 255|0x00000000b2100000, 0x00000000b2200000, 0x00000000b2200000|100%|HS|  |TAMS 0x00000000b2100000, 0x00000000b2200000| Complete 
| 256|0x00000000b2200000, 0x00000000b2300000, 0x00000000b2300000|100%|HS|  |TAMS 0x00000000b2200000, 0x00000000b2300000| Complete 
| 257|0x00000000b2300000, 0x00000000b2400000, 0x00000000b2400000|100%|HS|  |TAMS 0x00000000b2300000, 0x00000000b2400000| Complete 
| 258|0x00000000b2400000, 0x00000000b2500000, 0x00000000b2500000|100%|HS|  |TAMS 0x00000000b2400000, 0x00000000b2500000| Complete 
| 259|0x00000000b2500000, 0x00000000b2600000, 0x00000000b2600000|100%|HS|  |TAMS 0x00000000b2500000, 0x00000000b2600000| Complete 
| 260|0x00000000b2600000, 0x00000000b2700000, 0x00000000b2700000|100%|HS|  |TAMS 0x00000000b2600000, 0x00000000b2700000| Complete 
| 261|0x00000000b2700000, 0x00000000b2800000, 0x00000000b2800000|100%|HS|  |TAMS 0x00000000b2700000, 0x00000000b2800000| Complete 
| 262|0x00000000b2800000, 0x00000000b2900000, 0x00000000b2900000|100%|HS|  |TAMS 0x00000000b2800000, 0x00000000b2900000| Complete 
| 263|0x00000000b2900000, 0x00000000b2a00000, 0x00000000b2a00000|100%|HS|  |TAMS 0x00000000b2900000, 0x00000000b2a00000| Complete 
| 264|0x00000000b2a00000, 0x00000000b2b00000, 0x00000000b2b00000|100%|HS|  |TAMS 0x00000000b2a00000, 0x00000000b2b00000| Complete 
| 265|0x00000000b2b00000, 0x00000000b2c00000, 0x00000000b2c00000|100%|HS|  |TAMS 0x00000000b2b00000, 0x00000000b2c00000| Complete 
| 266|0x00000000b2c00000, 0x00000000b2d00000, 0x00000000b2d00000|100%|HS|  |TAMS 0x00000000b2c00000, 0x00000000b2d00000| Complete 
| 267|0x00000000b2d00000, 0x00000000b2e00000, 0x00000000b2e00000|100%|HS|  |TAMS 0x00000000b2d00000, 0x00000000b2e00000| Complete 
| 268|0x00000000b2e00000, 0x00000000b2f00000, 0x00000000b2f00000|100%|HS|  |TAMS 0x00000000b2e00000, 0x00000000b2f00000| Complete 
| 269|0x00000000b2f00000, 0x00000000b3000000, 0x00000000b3000000|100%|HS|  |TAMS 0x00000000b2f00000, 0x00000000b3000000| Complete 
| 270|0x00000000b3000000, 0x00000000b3100000, 0x00000000b3100000|100%|HS|  |TAMS 0x00000000b3000000, 0x00000000b3100000| Complete 
| 271|0x00000000b3100000, 0x00000000b3200000, 0x00000000b3200000|100%|HS|  |TAMS 0x00000000b3100000, 0x00000000b3200000| Complete 
| 272|0x00000000b3200000, 0x00000000b3300000, 0x00000000b3300000|100%|HS|  |TAMS 0x00000000b3200000, 0x00000000b3300000| Complete 
| 273|0x00000000b3300000, 0x00000000b3400000, 0x00000000b3400000|100%|HS|  |TAMS 0x00000000b3300000, 0x00000000b3400000| Complete 
| 274|0x00000000b3400000, 0x00000000b3500000, 0x00000000b3500000|100%|HS|  |TAMS 0x00000000b3400000, 0x00000000b3500000| Complete 
| 275|0x00000000b3500000, 0x00000000b3600000, 0x00000000b3600000|100%|HS|  |TAMS 0x00000000b3500000, 0x00000000b3600000| Complete 
| 276|0x00000000b3600000, 0x00000000b3700000, 0x00000000b3700000|100%|HS|  |TAMS 0x00000000b3600000, 0x00000000b3700000| Complete 
| 277|0x00000000b3700000, 0x00000000b3800000, 0x00000000b3800000|100%|HS|  |TAMS 0x00000000b3700000, 0x00000000b3800000| Complete 
| 278|0x00000000b3800000, 0x00000000b3900000, 0x00000000b3900000|100%|HS|  |TAMS 0x00000000b3800000, 0x00000000b3900000| Complete 
| 279|0x00000000b3900000, 0x00000000b3a00000, 0x00000000b3a00000|100%|HS|  |TAMS 0x00000000b3900000, 0x00000000b3a00000| Complete 
| 280|0x00000000b3a00000, 0x00000000b3b00000, 0x00000000b3b00000|100%|HS|  |TAMS 0x00000000b3a00000, 0x00000000b3b00000| Complete 
| 281|0x00000000b3b00000, 0x00000000b3c00000, 0x00000000b3c00000|100%|HS|  |TAMS 0x00000000b3b00000, 0x00000000b3c00000| Complete 
| 282|0x00000000b3c00000, 0x00000000b3d00000, 0x00000000b3d00000|100%|HS|  |TAMS 0x00000000b3c00000, 0x00000000b3d00000| Complete 
| 283|0x00000000b3d00000, 0x00000000b3e00000, 0x00000000b3e00000|100%|HS|  |TAMS 0x00000000b3d00000, 0x00000000b3e00000| Complete 
| 284|0x00000000b3e00000, 0x00000000b3f00000, 0x00000000b3f00000|100%|HS|  |TAMS 0x00000000b3e00000, 0x00000000b3f00000| Complete 
| 285|0x00000000b3f00000, 0x00000000b4000000, 0x00000000b4000000|100%|HS|  |TAMS 0x00000000b3f00000, 0x00000000b4000000| Complete 
| 286|0x00000000b4000000, 0x00000000b4100000, 0x00000000b4100000|100%|HS|  |TAMS 0x00000000b4000000, 0x00000000b4100000| Complete 
| 287|0x00000000b4100000, 0x00000000b4200000, 0x00000000b4200000|100%|HS|  |TAMS 0x00000000b4100000, 0x00000000b4200000| Complete 
| 288|0x00000000b4200000, 0x00000000b4300000, 0x00000000b4300000|100%|HS|  |TAMS 0x00000000b4200000, 0x00000000b4300000| Complete 
| 289|0x00000000b4300000, 0x00000000b4400000, 0x00000000b4400000|100%|HS|  |TAMS 0x00000000b4300000, 0x00000000b4400000| Complete 
| 290|0x00000000b4400000, 0x00000000b4500000, 0x00000000b4500000|100%|HS|  |TAMS 0x00000000b4400000, 0x00000000b4500000| Complete 
| 291|0x00000000b4500000, 0x00000000b4600000, 0x00000000b4600000|100%|HS|  |TAMS 0x00000000b4500000, 0x00000000b4600000| Complete 
| 292|0x00000000b4600000, 0x00000000b4700000, 0x00000000b4700000|100%|HS|  |TAMS 0x00000000b4600000, 0x00000000b4700000| Complete 
| 293|0x00000000b4700000, 0x00000000b4800000, 0x00000000b4800000|100%|HS|  |TAMS 0x00000000b4700000, 0x00000000b4800000| Complete 
| 294|0x00000000b4800000, 0x00000000b4900000, 0x00000000b4900000|100%|HS|  |TAMS 0x00000000b4800000, 0x00000000b4900000| Complete 
| 295|0x00000000b4900000, 0x00000000b4a00000, 0x00000000b4a00000|100%|HS|  |TAMS 0x00000000b4900000, 0x00000000b4a00000| Complete 
| 296|0x00000000b4a00000, 0x00000000b4b00000, 0x00000000b4b00000|100%|HS|  |TAMS 0x00000000b4a00000, 0x00000000b4b00000| Complete 
| 297|0x00000000b4b00000, 0x00000000b4c00000, 0x00000000b4c00000|100%|HS|  |TAMS 0x00000000b4b00000, 0x00000000b4c00000| Complete 
| 298|0x00000000b4c00000, 0x00000000b4d00000, 0x00000000b4d00000|100%|HS|  |TAMS 0x00000000b4c00000, 0x00000000b4d00000| Complete 
| 299|0x00000000b4d00000, 0x00000000b4e00000, 0x00000000b4e00000|100%|HS|  |TAMS 0x00000000b4d00000, 0x00000000b4e00000| Complete 
| 300|0x00000000b4e00000, 0x00000000b4f00000, 0x00000000b4f00000|100%|HS|  |TAMS 0x00000000b4e00000, 0x00000000b4f00000| Complete 
| 301|0x00000000b4f00000, 0x00000000b5000000, 0x00000000b5000000|100%|HS|  |TAMS 0x00000000b4f00000, 0x00000000b5000000| Complete 
| 302|0x00000000b5000000, 0x00000000b5100000, 0x00000000b5100000|100%|HS|  |TAMS 0x00000000b5000000, 0x00000000b5100000| Complete 
| 303|0x00000000b5100000, 0x00000000b5200000, 0x00000000b5200000|100%|HS|  |TAMS 0x00000000b5100000, 0x00000000b5200000| Complete 
| 304|0x00000000b5200000, 0x00000000b5300000, 0x00000000b5300000|100%|HS|  |TAMS 0x00000000b5200000, 0x00000000b5300000| Complete 
| 305|0x00000000b5300000, 0x00000000b5400000, 0x00000000b5400000|100%|HS|  |TAMS 0x00000000b5300000, 0x00000000b5400000| Complete 
| 306|0x00000000b5400000, 0x00000000b5500000, 0x00000000b5500000|100%|HS|  |TAMS 0x00000000b5400000, 0x00000000b5500000| Complete 
| 307|0x00000000b5500000, 0x00000000b5600000, 0x00000000b5600000|100%|HS|  |TAMS 0x00000000b5500000, 0x00000000b5600000| Complete 
| 308|0x00000000b5600000, 0x00000000b5700000, 0x00000000b5700000|100%|HS|  |TAMS 0x00000000b5600000, 0x00000000b5700000| Complete 
| 309|0x00000000b5700000, 0x00000000b5800000, 0x00000000b5800000|100%|HS|  |TAMS 0x00000000b5700000, 0x00000000b5800000| Complete 
| 310|0x00000000b5800000, 0x00000000b5900000, 0x00000000b5900000|100%|HS|  |TAMS 0x00000000b5800000, 0x00000000b5900000| Complete 
| 311|0x00000000b5900000, 0x00000000b5a00000, 0x00000000b5a00000|100%|HS|  |TAMS 0x00000000b5900000, 0x00000000b5a00000| Complete 
| 312|0x00000000b5a00000, 0x00000000b5b00000, 0x00000000b5b00000|100%|HS|  |TAMS 0x00000000b5a00000, 0x00000000b5b00000| Complete 
| 313|0x00000000b5b00000, 0x00000000b5c00000, 0x00000000b5c00000|100%|HS|  |TAMS 0x00000000b5b00000, 0x00000000b5c00000| Complete 
| 314|0x00000000b5c00000, 0x00000000b5d00000, 0x00000000b5d00000|100%|HS|  |TAMS 0x00000000b5c00000, 0x00000000b5d00000| Complete 
| 315|0x00000000b5d00000, 0x00000000b5e00000, 0x00000000b5e00000|100%|HS|  |TAMS 0x00000000b5d00000, 0x00000000b5e00000| Complete 
| 316|0x00000000b5e00000, 0x00000000b5f00000, 0x00000000b5f00000|100%|HS|  |TAMS 0x00000000b5e00000, 0x00000000b5f00000| Complete 
| 317|0x00000000b5f00000, 0x00000000b6000000, 0x00000000b6000000|100%|HS|  |TAMS 0x00000000b5f00000, 0x00000000b6000000| Complete 
| 318|0x00000000b6000000, 0x00000000b6100000, 0x00000000b6100000|100%|HS|  |TAMS 0x00000000b6000000, 0x00000000b6100000| Complete 
| 319|0x00000000b6100000, 0x00000000b6200000, 0x00000000b6200000|100%|HS|  |TAMS 0x00000000b6100000, 0x00000000b6200000| Complete 
| 320|0x00000000b6200000, 0x00000000b6300000, 0x00000000b6300000|100%|HS|  |TAMS 0x00000000b6200000, 0x00000000b6300000| Complete 
| 321|0x00000000b6300000, 0x00000000b6400000, 0x00000000b6400000|100%|HS|  |TAMS 0x00000000b6300000, 0x00000000b6400000| Complete 
| 322|0x00000000b6400000, 0x00000000b6500000, 0x00000000b6500000|100%|HS|  |TAMS 0x00000000b6400000, 0x00000000b6500000| Complete 
| 323|0x00000000b6500000, 0x00000000b6600000, 0x00000000b6600000|100%|HS|  |TAMS 0x00000000b6500000, 0x00000000b6600000| Complete 
| 324|0x00000000b6600000, 0x00000000b6700000, 0x00000000b6700000|100%|HS|  |TAMS 0x00000000b6600000, 0x00000000b6700000| Complete 
| 325|0x00000000b6700000, 0x00000000b6800000, 0x00000000b6800000|100%|HS|  |TAMS 0x00000000b6700000, 0x00000000b6800000| Complete 
| 326|0x00000000b6800000, 0x00000000b6900000, 0x00000000b6900000|100%|HS|  |TAMS 0x00000000b6800000, 0x00000000b6900000| Complete 
| 327|0x00000000b6900000, 0x00000000b6a00000, 0x00000000b6a00000|100%|HS|  |TAMS 0x00000000b6900000, 0x00000000b6a00000| Complete 
| 328|0x00000000b6a00000, 0x00000000b6b00000, 0x00000000b6b00000|100%|HS|  |TAMS 0x00000000b6a00000, 0x00000000b6b00000| Complete 
| 329|0x00000000b6b00000, 0x00000000b6c00000, 0x00000000b6c00000|100%|HS|  |TAMS 0x00000000b6b00000, 0x00000000b6c00000| Complete 
| 330|0x00000000b6c00000, 0x00000000b6d00000, 0x00000000b6d00000|100%|HS|  |TAMS 0x00000000b6c00000, 0x00000000b6d00000| Complete 
| 331|0x00000000b6d00000, 0x00000000b6e00000, 0x00000000b6e00000|100%|HS|  |TAMS 0x00000000b6d00000, 0x00000000b6e00000| Complete 
| 332|0x00000000b6e00000, 0x00000000b6f00000, 0x00000000b6f00000|100%|HS|  |TAMS 0x00000000b6e00000, 0x00000000b6f00000| Complete 
| 333|0x00000000b6f00000, 0x00000000b7000000, 0x00000000b7000000|100%|HS|  |TAMS 0x00000000b6f00000, 0x00000000b7000000| Complete 
| 334|0x00000000b7000000, 0x00000000b7100000, 0x00000000b7100000|100%|HS|  |TAMS 0x00000000b7000000, 0x00000000b7100000| Complete 
| 335|0x00000000b7100000, 0x00000000b7200000, 0x00000000b7200000|100%|HS|  |TAMS 0x00000000b7100000, 0x00000000b7200000| Complete 
| 336|0x00000000b7200000, 0x00000000b7300000, 0x00000000b7300000|100%|HS|  |TAMS 0x00000000b7200000, 0x00000000b7300000| Complete 
| 337|0x00000000b7300000, 0x00000000b7400000, 0x00000000b7400000|100%|HS|  |TAMS 0x00000000b7300000, 0x00000000b7400000| Complete 
| 338|0x00000000b7400000, 0x00000000b7500000, 0x00000000b7500000|100%|HS|  |TAMS 0x00000000b7400000, 0x00000000b7500000| Complete 
| 339|0x00000000b7500000, 0x00000000b7600000, 0x00000000b7600000|100%|HS|  |TAMS 0x00000000b7500000, 0x00000000b7600000| Complete 
| 340|0x00000000b7600000, 0x00000000b7700000, 0x00000000b7700000|100%|HS|  |TAMS 0x00000000b7600000, 0x00000000b7700000| Complete 
| 341|0x00000000b7700000, 0x00000000b7800000, 0x00000000b7800000|100%|HS|  |TAMS 0x00000000b7700000, 0x00000000b7800000| Complete 
| 342|0x00000000b7800000, 0x00000000b7900000, 0x00000000b7900000|100%|HS|  |TAMS 0x00000000b7800000, 0x00000000b7900000| Complete 
| 343|0x00000000b7900000, 0x00000000b7a00000, 0x00000000b7a00000|100%|HS|  |TAMS 0x00000000b7900000, 0x00000000b7a00000| Complete 
| 344|0x00000000b7a00000, 0x00000000b7b00000, 0x00000000b7b00000|100%|HS|  |TAMS 0x00000000b7a00000, 0x00000000b7b00000| Complete 
| 345|0x00000000b7b00000, 0x00000000b7c00000, 0x00000000b7c00000|100%|HS|  |TAMS 0x00000000b7b00000, 0x00000000b7c00000| Complete 
| 346|0x00000000b7c00000, 0x00000000b7d00000, 0x00000000b7d00000|100%|HS|  |TAMS 0x00000000b7c00000, 0x00000000b7d00000| Complete 
| 347|0x00000000b7d00000, 0x00000000b7e00000, 0x00000000b7e00000|100%|HS|  |TAMS 0x00000000b7d00000, 0x00000000b7e00000| Complete 
| 348|0x00000000b7e00000, 0x00000000b7f00000, 0x00000000b7f00000|100%|HS|  |TAMS 0x00000000b7e00000, 0x00000000b7f00000| Complete 
| 349|0x00000000b7f00000, 0x00000000b8000000, 0x00000000b8000000|100%|HS|  |TAMS 0x00000000b7f00000, 0x00000000b8000000| Complete 
| 350|0x00000000b8000000, 0x00000000b8100000, 0x00000000b8100000|100%|HS|  |TAMS 0x00000000b8000000, 0x00000000b8100000| Complete 
| 351|0x00000000b8100000, 0x00000000b8200000, 0x00000000b8200000|100%|HS|  |TAMS 0x00000000b8100000, 0x00000000b8200000| Complete 
| 352|0x00000000b8200000, 0x00000000b8300000, 0x00000000b8300000|100%|HS|  |TAMS 0x00000000b8200000, 0x00000000b8300000| Complete 
| 353|0x00000000b8300000, 0x00000000b8400000, 0x00000000b8400000|100%|HS|  |TAMS 0x00000000b8300000, 0x00000000b8400000| Complete 
| 354|0x00000000b8400000, 0x00000000b8500000, 0x00000000b8500000|100%|HS|  |TAMS 0x00000000b8400000, 0x00000000b8500000| Complete 
| 355|0x00000000b8500000, 0x00000000b8600000, 0x00000000b8600000|100%|HS|  |TAMS 0x00000000b8500000, 0x00000000b8600000| Complete 
| 356|0x00000000b8600000, 0x00000000b8700000, 0x00000000b8700000|100%|HS|  |TAMS 0x00000000b8600000, 0x00000000b8700000| Complete 
| 357|0x00000000b8700000, 0x00000000b8800000, 0x00000000b8800000|100%|HS|  |TAMS 0x00000000b8700000, 0x00000000b8800000| Complete 
| 358|0x00000000b8800000, 0x00000000b8900000, 0x00000000b8900000|100%|HS|  |TAMS 0x00000000b8800000, 0x00000000b8900000| Complete 
| 359|0x00000000b8900000, 0x00000000b8a00000, 0x00000000b8a00000|100%|HS|  |TAMS 0x00000000b8900000, 0x00000000b8a00000| Complete 
| 360|0x00000000b8a00000, 0x00000000b8b00000, 0x00000000b8b00000|100%|HS|  |TAMS 0x00000000b8a00000, 0x00000000b8b00000| Complete 
| 361|0x00000000b8b00000, 0x00000000b8c00000, 0x00000000b8c00000|100%|HS|  |TAMS 0x00000000b8b00000, 0x00000000b8c00000| Complete 
| 362|0x00000000b8c00000, 0x00000000b8d00000, 0x00000000b8d00000|100%|HS|  |TAMS 0x00000000b8c00000, 0x00000000b8d00000| Complete 
| 363|0x00000000b8d00000, 0x00000000b8e00000, 0x00000000b8e00000|100%|HS|  |TAMS 0x00000000b8d00000, 0x00000000b8e00000| Complete 
| 364|0x00000000b8e00000, 0x00000000b8f00000, 0x00000000b8f00000|100%|HS|  |TAMS 0x00000000b8e00000, 0x00000000b8f00000| Complete 
| 365|0x00000000b8f00000, 0x00000000b9000000, 0x00000000b9000000|100%|HS|  |TAMS 0x00000000b8f00000, 0x00000000b9000000| Complete 
| 366|0x00000000b9000000, 0x00000000b9100000, 0x00000000b9100000|100%|HS|  |TAMS 0x00000000b9000000, 0x00000000b9100000| Complete 
| 367|0x00000000b9100000, 0x00000000b9200000, 0x00000000b9200000|100%|HS|  |TAMS 0x00000000b9100000, 0x00000000b9200000| Complete 
| 368|0x00000000b9200000, 0x00000000b9300000, 0x00000000b9300000|100%|HS|  |TAMS 0x00000000b9200000, 0x00000000b9300000| Complete 
| 369|0x00000000b9300000, 0x00000000b9400000, 0x00000000b9400000|100%|HS|  |TAMS 0x00000000b9300000, 0x00000000b9400000| Complete 
| 370|0x00000000b9400000, 0x00000000b9500000, 0x00000000b9500000|100%|HS|  |TAMS 0x00000000b9400000, 0x00000000b9500000| Complete 
| 371|0x00000000b9500000, 0x00000000b9600000, 0x00000000b9600000|100%|HS|  |TAMS 0x00000000b9500000, 0x00000000b9600000| Complete 
| 372|0x00000000b9600000, 0x00000000b9700000, 0x00000000b9700000|100%|HS|  |TAMS 0x00000000b9600000, 0x00000000b9700000| Complete 
| 373|0x00000000b9700000, 0x00000000b9800000, 0x00000000b9800000|100%|HS|  |TAMS 0x00000000b9700000, 0x00000000b9800000| Complete 
| 374|0x00000000b9800000, 0x00000000b9900000, 0x00000000b9900000|100%|HS|  |TAMS 0x00000000b9800000, 0x00000000b9900000| Complete 
| 375|0x00000000b9900000, 0x00000000b9a00000, 0x00000000b9a00000|100%|HS|  |TAMS 0x00000000b9900000, 0x00000000b9a00000| Complete 
| 376|0x00000000b9a00000, 0x00000000b9b00000, 0x00000000b9b00000|100%|HS|  |TAMS 0x00000000b9a00000, 0x00000000b9b00000| Complete 
| 377|0x00000000b9b00000, 0x00000000b9c00000, 0x00000000b9c00000|100%|HS|  |TAMS 0x00000000b9b00000, 0x00000000b9c00000| Complete 
| 378|0x00000000b9c00000, 0x00000000b9d00000, 0x00000000b9d00000|100%|HS|  |TAMS 0x00000000b9c00000, 0x00000000b9d00000| Complete 
| 379|0x00000000b9d00000, 0x00000000b9e00000, 0x00000000b9e00000|100%|HS|  |TAMS 0x00000000b9d00000, 0x00000000b9e00000| Complete 
| 380|0x00000000b9e00000, 0x00000000b9f00000, 0x00000000b9f00000|100%|HS|  |TAMS 0x00000000b9e00000, 0x00000000b9f00000| Complete 
| 381|0x00000000b9f00000, 0x00000000ba000000, 0x00000000ba000000|100%|HS|  |TAMS 0x00000000b9f00000, 0x00000000ba000000| Complete 
| 382|0x00000000ba000000, 0x00000000ba000000, 0x00000000ba100000|  0%| F|  |TAMS 0x00000000ba000000, 0x00000000ba000000| Untracked 
| 383|0x00000000ba100000, 0x00000000ba200000, 0x00000000ba200000|100%|HS|  |TAMS 0x00000000ba100000, 0x00000000ba100000| Complete 
| 828|0x00000000d5e00000, 0x00000000d5f00000, 0x00000000d5f00000|100%|HS|  |TAMS 0x00000000d5f00000, 0x00000000d5f00000| Complete 
|1495|0x00000000ff900000, 0x00000000ff930400, 0x00000000ffa00000| 18%| O|  |TAMS 0x00000000ff92b800, 0x00000000ff930400| Untracked 
|1496|0x00000000ffa00000, 0x00000000ffa2b600, 0x00000000ffb00000| 16%| O|  |TAMS 0x00000000ffa2b600, 0x00000000ffa2b600| Untracked 
|1498|0x00000000ffc00000, 0x00000000ffc2f600, 0x00000000ffd00000| 18%| O|  |TAMS 0x00000000ffc2f600, 0x00000000ffc2f600| Untracked 
|1499|0x00000000ffd00000, 0x00000000ffe00000, 0x00000000ffe00000|100%|HS|  |TAMS 0x00000000ffd00000, 0x00000000ffe00000| Complete 
|1500|0x00000000ffe00000, 0x00000000ffe2a000, 0x00000000fff00000| 16%| O|  |TAMS 0x00000000ffe00000, 0x00000000ffe26e00| Untracked 
|1501|0x00000000fff00000, 0x00000000fff070e0, 0x0000000100000000|  2%| S|CS|TAMS 0x00000000fff00000, 0x00000000fff00000| Complete 

Card table byte_map: [0x0000013119d70000,0x000001311a060000] _byte_map_base: 0x000001311985f000

Marking Bits (Prev, Next): (CMBitMap*) 0x0000013106ea76b0, (CMBitMap*) 0x0000013106ea7670
 Prev Bits: [0x000001311bad0000, 0x000001311d248000)
 Next Bits: [0x000001311a350000, 0x000001311bac8000)

Polling page: 0x0000013104c30000

Metaspace:

Usage:
  Non-class:     20.23 MB used.
      Class:      2.30 MB used.
       Both:     22.53 MB used.

Virtual space:
  Non-class space:       24.00 MB reserved,      20.38 MB ( 85%) committed,  3 nodes.
      Class space:        1.00 GB reserved,       2.38 MB ( <1%) committed,  1 nodes.
             Both:        1.02 GB reserved,      22.75 MB (  2%) committed. 

Chunk freelists:
   Non-Class:  2.98 MB
       Class:  1.63 MB
        Both:  4.60 MB

MaxMetaspaceSize: unlimited
CompressedClassSpaceSize: 1.00 GB
Initial GC threshold: 21.00 MB
Current GC threshold: 37.94 MB
CDS: off
MetaspaceReclaimPolicy: balanced
 - commit_granule_bytes: 65536.
 - commit_granule_words: 8192.
 - virtual_space_node_default_size: 1048576.
 - enlarge_chunks_in_place: 1.
 - new_chunks_are_fully_committed: 0.
 - uncommit_free_chunks: 1.
 - use_allocation_guard: 0.
 - handle_deallocations: 1.


Internal statistics:

num_allocs_failed_limit: 0.
num_arena_births: 168.
num_arena_deaths: 0.
num_vsnodes_births: 4.
num_vsnodes_deaths: 0.
num_space_committed: 364.
num_space_uncommitted: 0.
num_chunks_returned_to_freelist: 0.
num_chunks_taken_from_freelist: 321.
num_chunk_merges: 0.
num_chunk_splits: 169.
num_chunks_enlarged: 96.
num_purges: 0.
num_inconsistent_stats: 0.

CodeHeap 'non-profiled nmethods': size=120000Kb used=2078Kb max_used=2078Kb free=117921Kb
 bounds [0x0000013111ff0000, 0x0000013112260000, 0x0000013119520000]
CodeHeap 'profiled nmethods': size=120000Kb used=6110Kb max_used=6110Kb free=113889Kb
 bounds [0x000001310aac0000, 0x000001310b0c0000, 0x0000013111ff0000]
CodeHeap 'non-nmethods': size=5760Kb used=1377Kb max_used=1417Kb free=4382Kb
 bounds [0x000001310a520000, 0x000001310a790000, 0x000001310aac0000]
 total_blobs=3848 nmethods=3113 adapters=646
 compilation: enabled
              stopped_count=0, restarted_count=0
 full_count=0

Compilation events (20 events):
Event: 59.632 Thread 0x0000013120938850 3104       3       java.util.LinkedList$ListItr::<init> (47 bytes)
Event: 59.633 Thread 0x0000013120938850 nmethod 3104 0x000001310b0b0e10 code [0x000001310b0b0fc0, 0x000001310b0b12a8]
Event: 65.471 Thread 0x0000013120946d10 3106       4       juego.objetos.Pajaro::choqueConSuelo (18 bytes)
Event: 65.473 Thread 0x0000013120946d10 nmethod 3106 0x00000131121f2c90 code [0x00000131121f2e00, 0x00000131121f2e98]
Event: 65.690 Thread 0x0000013120946d10 3107   !   4       java.util.concurrent.CopyOnWriteArrayList::add (46 bytes)
Event: 65.696 Thread 0x0000013120946d10 nmethod 3107 0x00000131121f2f90 code [0x00000131121f3120, 0x00000131121f38f8]
Event: 65.733 Thread 0x0000013120946d10 3108   !   4       java.util.Collections$SynchronizedCollection::add (25 bytes)
Event: 65.738 Thread 0x0000013120946d10 nmethod 3108 0x00000131121f3b10 code [0x00000131121f3ca0, 0x00000131121f4698]
Event: 65.763 Thread 0x0000013120946d10 3109       4       juego.objetos.Pajaro::choqueConLimiteVertical (15 bytes)
Event: 65.764 Thread 0x0000013120946d10 nmethod 3109 0x00000131121f4990 code [0x00000131121f4b00, 0x00000131121f4b98]
Event: 67.863 Thread 0x0000013120946d10 3110       4       juego.objetos.Pajaro::aplicarRozamiento (80 bytes)
Event: 67.865 Thread 0x0000013120946d10 nmethod 3110 0x00000131121f4c90 code [0x00000131121f4e20, 0x00000131121f4ef8]
Event: 76.271 Thread 0x0000013120938850 3111 % !   3       juego.objetos.Pajaro::lambda$0 @ 228 (412 bytes)
Event: 76.327 Thread 0x0000013120938850 nmethod 3111% 0x000001310b0b1390 code [0x000001310b0b1820, 0x000001310b0b3c18]
Event: 76.995 Thread 0x0000013120938850 3112   !   3       juego.objetos.Pajaro::lambda$0 (412 bytes)
Event: 76.998 Thread 0x0000013120938850 nmethod 3112 0x000001310b0b4790 code [0x000001310b0b4c00, 0x000001310b0b6cb8]
Event: 96.227 Thread 0x0000013120946d10 3113 % !   4       juego.objetos.Pajaro::lambda$0 @ 228 (412 bytes)
Event: 96.383 Thread 0x0000013120946d10 nmethod 3113% 0x00000131121f4f90 code [0x00000131121f5220, 0x00000131121f6e98]
Event: 493.391 Thread 0x0000013120938850 3114       3       java.util.HashSet::isEmpty (8 bytes)
Event: 493.400 Thread 0x0000013120938850 nmethod 3114 0x000001310b0b7690 code [0x000001310b0b7820, 0x000001310b0b7a78]

GC Heap History (20 events):
Event: 557.827 GC heap after
{Heap after GC invocations=496 (full 0):
 garbage-first heap   total 400384K, used 393716K [0x00000000a2200000, 0x0000000100000000)
  region size 1024K, 1 young (1024K), 1 survivors (1024K)
 Metaspace       used 23067K, committed 23296K, reserved 1073152K
  class space    used 2350K, committed 2432K, reserved 1048576K
}
Event: 557.827 GC heap before
{Heap before GC invocations=496 (full 0):
 garbage-first heap   total 400384K, used 393716K [0x00000000a2200000, 0x0000000100000000)
  region size 1024K, 2 young (2048K), 1 survivors (1024K)
 Metaspace       used 23067K, committed 23296K, reserved 1073152K
  class space    used 2350K, committed 2432K, reserved 1048576K
}
Event: 557.829 GC heap after
{Heap after GC invocations=497 (full 0):
 garbage-first heap   total 400384K, used 393719K [0x00000000a2200000, 0x0000000100000000)
  region size 1024K, 1 young (1024K), 1 survivors (1024K)
 Metaspace       used 23067K, committed 23296K, reserved 1073152K
  class space    used 2350K, committed 2432K, reserved 1048576K
}
Event: 557.831 GC heap before
{Heap before GC invocations=497 (full 0):
 garbage-first heap   total 400384K, used 394743K [0x00000000a2200000, 0x0000000100000000)
  region size 1024K, 1 young (1024K), 1 survivors (1024K)
 Metaspace       used 23067K, committed 23296K, reserved 1073152K
  class space    used 2350K, committed 2432K, reserved 1048576K
}
Event: 557.892 GC heap after
{Heap after GC invocations=498 (full 0):
 garbage-first heap   total 856064K, used 394747K [0x00000000a2200000, 0x0000000100000000)
  region size 1024K, 1 young (1024K), 1 survivors (1024K)
 Metaspace       used 23067K, committed 23296K, reserved 1073152K
  class space    used 2350K, committed 2432K, reserved 1048576K
}
Event: 559.029 GC heap before
{Heap before GC invocations=499 (full 0):
 garbage-first heap   total 396288K, used 389627K [0x00000000a2200000, 0x0000000100000000)
  region size 1024K, 2 young (2048K), 1 survivors (1024K)
 Metaspace       used 23067K, committed 23296K, reserved 1073152K
  class space    used 2350K, committed 2432K, reserved 1048576K
}
Event: 559.051 GC heap after
{Heap after GC invocations=500 (full 0):
 garbage-first heap   total 397312K, used 389648K [0x00000000a2200000, 0x0000000100000000)
  region size 1024K, 1 young (1024K), 1 survivors (1024K)
 Metaspace       used 23067K, committed 23296K, reserved 1073152K
  class space    used 2350K, committed 2432K, reserved 1048576K
}
Event: 559.053 GC heap before
{Heap before GC invocations=500 (full 0):
 garbage-first heap   total 397312K, used 390672K [0x00000000a2200000, 0x0000000100000000)
  region size 1024K, 1 young (1024K), 1 survivors (1024K)
 Metaspace       used 23067K, committed 23296K, reserved 1073152K
  class space    used 2350K, committed 2432K, reserved 1048576K
}
Event: 559.062 GC heap after
{Heap after GC invocations=501 (full 0):
 garbage-first heap   total 397312K, used 390645K [0x00000000a2200000, 0x0000000100000000)
  region size 1024K, 1 young (1024K), 1 survivors (1024K)
 Metaspace       used 23067K, committed 23296K, reserved 1073152K
  class space    used 2350K, committed 2432K, reserved 1048576K
}
Event: 559.062 GC heap before
{Heap before GC invocations=501 (full 0):
 garbage-first heap   total 397312K, used 390645K [0x00000000a2200000, 0x0000000100000000)
  region size 1024K, 2 young (2048K), 1 survivors (1024K)
 Metaspace       used 23067K, committed 23296K, reserved 1073152K
  class space    used 2350K, committed 2432K, reserved 1048576K
}
Event: 559.094 GC heap after
{Heap after GC invocations=502 (full 0):
 garbage-first heap   total 397312K, used 390644K [0x00000000a2200000, 0x0000000100000000)
  region size 1024K, 1 young (1024K), 1 survivors (1024K)
 Metaspace       used 23067K, committed 23296K, reserved 1073152K
  class space    used 2350K, committed 2432K, reserved 1048576K
}
Event: 559.123 GC heap before
{Heap before GC invocations=502 (full 0):
 garbage-first heap   total 397312K, used 391668K [0x00000000a2200000, 0x0000000100000000)
  region size 1024K, 1 young (1024K), 1 survivors (1024K)
 Metaspace       used 23067K, committed 23296K, reserved 1073152K
  class space    used 2350K, committed 2432K, reserved 1048576K
}
Event: 559.125 GC heap after
{Heap after GC invocations=503 (full 0):
 garbage-first heap   total 397312K, used 391680K [0x00000000a2200000, 0x0000000100000000)
  region size 1024K, 1 young (1024K), 1 survivors (1024K)
 Metaspace       used 23067K, committed 23296K, reserved 1073152K
  class space    used 2350K, committed 2432K, reserved 1048576K
}
Event: 559.861 GC heap before
{Heap before GC invocations=504 (full 0):
 garbage-first heap   total 399360K, used 392704K [0x00000000a2200000, 0x0000000100000000)
  region size 1024K, 2 young (2048K), 1 survivors (1024K)
 Metaspace       used 23067K, committed 23296K, reserved 1073152K
  class space    used 2350K, committed 2432K, reserved 1048576K
}
Event: 559.881 GC heap after
{Heap after GC invocations=505 (full 0):
 garbage-first heap   total 399360K, used 392712K [0x00000000a2200000, 0x0000000100000000)
  region size 1024K, 1 young (1024K), 1 survivors (1024K)
 Metaspace       used 23067K, committed 23296K, reserved 1073152K
  class space    used 2350K, committed 2432K, reserved 1048576K
}
Event: 559.883 GC heap before
{Heap before GC invocations=505 (full 0):
 garbage-first heap   total 399360K, used 393736K [0x00000000a2200000, 0x0000000100000000)
  region size 1024K, 1 young (1024K), 1 survivors (1024K)
 Metaspace       used 23067K, committed 23296K, reserved 1073152K
  class space    used 2350K, committed 2432K, reserved 1048576K
}
Event: 559.927 GC heap after
{Heap after GC invocations=506 (full 0):
 garbage-first heap   total 400384K, used 393724K [0x00000000a2200000, 0x0000000100000000)
  region size 1024K, 1 young (1024K), 1 survivors (1024K)
 Metaspace       used 23067K, committed 23296K, reserved 1073152K
  class space    used 2350K, committed 2432K, reserved 1048576K
}
Event: 559.927 GC heap before
{Heap before GC invocations=506 (full 0):
 garbage-first heap   total 400384K, used 393724K [0x00000000a2200000, 0x0000000100000000)
  region size 1024K, 2 young (2048K), 1 survivors (1024K)
 Metaspace       used 23067K, committed 23296K, reserved 1073152K
  class space    used 2350K, committed 2432K, reserved 1048576K
}
Event: 559.930 GC heap after
{Heap after GC invocations=507 (full 0):
 garbage-first heap   total 400384K, used 393720K [0x00000000a2200000, 0x0000000100000000)
  region size 1024K, 1 young (1024K), 1 survivors (1024K)
 Metaspace       used 23067K, committed 23296K, reserved 1073152K
  class space    used 2350K, committed 2432K, reserved 1048576K
}
Event: 559.934 GC heap before
{Heap before GC invocations=507 (full 0):
 garbage-first heap   total 400384K, used 394744K [0x00000000a2200000, 0x0000000100000000)
  region size 1024K, 1 young (1024K), 1 survivors (1024K)
 Metaspace       used 23067K, committed 23296K, reserved 1073152K
  class space    used 2350K, committed 2432K, reserved 1048576K
}

Deoptimization events (20 events):
Event: 42.994 Thread 0x000001312136e1c0 DEOPT PACKING pc=0x000001310b01a0a0 sp=0x0000001dcfbfec80
Event: 42.994 Thread 0x000001312136e1c0 DEOPT UNPACKING pc=0x000001310a572b43 sp=0x0000001dcfbfe060 mode 0
Event: 42.994 Thread 0x000001312136e1c0 DEOPT PACKING pc=0x000001310b01a0a0 sp=0x0000001dcfbfebc0
Event: 42.994 Thread 0x000001312136e1c0 DEOPT UNPACKING pc=0x000001310a572b43 sp=0x0000001dcfbfdfa0 mode 0
Event: 42.995 Thread 0x000001312136e1c0 DEOPT PACKING pc=0x000001310b01a0a0 sp=0x0000001dcfbfec80
Event: 42.995 Thread 0x000001312136e1c0 DEOPT UNPACKING pc=0x000001310a572b43 sp=0x0000001dcfbfe060 mode 0
Event: 51.296 Thread 0x00000131275d6f70 Uncommon trap: trap_request=0xffffffcc fr.pc=0x00000131121e7c3c relative=0x000000000000031c
Event: 51.296 Thread 0x00000131275d6f70 Uncommon trap: reason=intrinsic_or_type_checked_inlining action=make_not_entrant pc=0x00000131121e7c3c method=java.util.Arrays.copyOf([Ljava/lang/Object;ILjava/lang/Class;)[Ljava/lang/Object; @ 35 c2
Event: 51.296 Thread 0x00000131275d6f70 DEOPT PACKING pc=0x00000131121e7c3c sp=0x0000001dcf7ff3c0
Event: 51.296 Thread 0x00000131275d6f70 DEOPT UNPACKING pc=0x000001310a5723a3 sp=0x0000001dcf7ff350 mode 2
Event: 52.979 Thread 0x000001312136e1c0 Uncommon trap: trap_request=0xffffff45 fr.pc=0x0000013112115f7c relative=0x000000000000007c
Event: 52.979 Thread 0x000001312136e1c0 Uncommon trap: reason=unstable_if action=reinterpret pc=0x0000013112115f7c method=java.awt.Component.inside(II)Z @ 9 c2
Event: 52.979 Thread 0x000001312136e1c0 DEOPT PACKING pc=0x0000013112115f7c sp=0x0000001dcfbff290
Event: 52.979 Thread 0x000001312136e1c0 DEOPT UNPACKING pc=0x000001310a5723a3 sp=0x0000001dcfbff1b8 mode 2
Event: 82.268 Thread 0x0000013120fa2030 Uncommon trap: trap_request=0xffffff45 fr.pc=0x00000131121e9e00 relative=0x00000000000005a0
Event: 82.268 Thread 0x0000013120fa2030 Uncommon trap: reason=unstable_if action=reinterpret pc=0x00000131121e9e00 method=sun.awt.AWTAutoShutdown.setToolkitBusy(Z)V @ 38 c2
Event: 82.268 Thread 0x0000013120fa2030 DEOPT PACKING pc=0x00000131121e9e00 sp=0x0000001dce1fed00
Event: 82.270 Thread 0x0000013120fa2030 DEOPT UNPACKING pc=0x000001310a5723a3 sp=0x0000001dce1fecb0 mode 2
Event: 99.747 Thread 0x000001312136d350 DEOPT PACKING pc=0x000001310b0b377a sp=0x0000001dcecff400
Event: 99.748 Thread 0x000001312136d350 DEOPT UNPACKING pc=0x000001310a572b43 sp=0x0000001dcecfea08 mode 0

Classes unloaded (0 events):
No events

Classes redefined (0 events):
No events

Internal exceptions (20 events):
Event: 2.952 Thread 0x0000013120fa2030 Exception <a 'java/lang/NoSuchMethodError'{0x00000000a7a85960}: 'void java.lang.invoke.DirectMethodHandle$Holder.invokeVirtual(java.lang.Object, java.lang.Object)'> (0x00000000a7a85960) 
thrown [e:\jenkins\tmp\workspace\build\src\src\hotspot\share\interpreter\linkResolver.cpp, line 766]
Event: 2.986 Thread 0x0000013106e6fe10 Exception <a 'java/lang/NoSuchMethodError'{0x00000000a784ffb0}: 'void java.lang.invoke.DirectMethodHandle$Holder.invokeStaticInit(java.lang.Object)'> (0x00000000a784ffb0) 
thrown [e:\jenkins\tmp\workspace\build\src\src\hotspot\share\interpreter\linkResolver.cpp, line 766]
Event: 15.441 Thread 0x000001312153ec10 Exception <a 'java/lang/NoSuchMethodError'{0x00000000af581988}: 'void java.lang.invoke.DirectMethodHandle$Holder.invokeStatic(java.lang.Object, java.lang.Object)'> (0x00000000af581988) 
thrown [e:\jenkins\tmp\workspace\build\src\src\hotspot\share\interpreter\linkResolver.cpp, line 766]
Event: 15.541 Thread 0x000001312153ec10 Exception <a 'java/lang/NoSuchMethodError'{0x00000000b2782798}: 'java.lang.Object java.lang.invoke.DirectMethodHandle$Holder.invokeStaticInit(java.lang.Object, int, int, int, int)'> (0x00000000b2782798) 
thrown [e:\jenkins\tmp\workspace\build\src\src\hotspot\share\interpreter\linkResolver.cpp, line 766]
Event: 15.673 Thread 0x000001312153ec10 Exception <a 'java/lang/NoSuchMethodError'{0x00000000b2d002c8}: 'java.lang.Object java.lang.invoke.DirectMethodHandle$Holder.invokeStaticInit(java.lang.Object, java.lang.Object, int, int, int, int)'> (0x00000000b2d002c8) 
thrown [e:\jenkins\tmp\workspace\build\src\src\hotspot\share\interpreter\linkResolver.cpp, line 766]
Event: 15.679 Thread 0x000001312153ec10 Exception <a 'sun/nio/fs/WindowsException'{0x00000000b2786e98}> (0x00000000b2786e98) 
thrown [e:\jenkins\tmp\workspace\build\src\src\hotspot\share\prims\jni.cpp, line 516]
Event: 15.679 Thread 0x000001312153ec10 Exception <a 'sun/nio/fs/WindowsException'{0x00000000b2400318}> (0x00000000b2400318) 
thrown [e:\jenkins\tmp\workspace\build\src\src\hotspot\share\prims\jni.cpp, line 516]
Event: 15.683 Thread 0x000001312153ec10 Exception <a 'sun/nio/fs/WindowsException'{0x00000000b2201450}> (0x00000000b2201450) 
thrown [e:\jenkins\tmp\workspace\build\src\src\hotspot\share\prims\jni.cpp, line 516]
Event: 15.874 Thread 0x000001312153ec10 Exception <a 'java/lang/NoSuchMethodError'{0x00000000ad382d00}: 'java.lang.Object java.lang.invoke.DirectMethodHandle$Holder.newInvokeSpecial(java.lang.Object, java.lang.Object, int)'> (0x00000000ad382d00) 
thrown [e:\jenkins\tmp\workspace\build\src\src\hotspot\share\interpreter\linkResolver.cpp, line 766]
Event: 15.919 Thread 0x000001312153ec10 Exception <a 'java/io/FileNotFoundException'{0x00000000b5c81618}> (0x00000000b5c81618) 
thrown [e:\jenkins\tmp\workspace\build\src\src\hotspot\share\prims\jni.cpp, line 516]
Event: 15.929 Thread 0x000001312136dcf0 Exception <a 'java/lang/InterruptedException'{0x00000000b4a80840}: sleep interrupted> (0x00000000b4a80840) 
thrown [e:\jenkins\tmp\workspace\build\src\src\hotspot\share\prims\jvm.cpp, line 3067]
Event: 19.095 Thread 0x000001312153ec10 Implicit null exception at 0x0000013112125c94 to 0x0000013112126d24
Event: 19.213 Thread 0x000001312153ec10 Implicit null exception at 0x000001311211c6fb to 0x000001311211d6e8
Event: 19.951 Thread 0x000001312153ec10 Implicit null exception at 0x0000013112132dc7 to 0x0000013112132f6c
Event: 38.449 Thread 0x000001312153ec10 Exception <a 'java/lang/NoSuchMethodError'{0x00000000aadb9cd0}: 'void java.lang.invoke.DirectMethodHandle$Holder.invokeStatic(java.lang.Object, int)'> (0x00000000aadb9cd0) 
thrown [e:\jenkins\tmp\workspace\build\src\src\hotspot\share\interpreter\linkResolver.cpp, line 766]
Event: 45.383 Thread 0x000001312136e1c0 Exception <a 'java/lang/ArrayIndexOutOfBoundsException'{0x00000000b5746e00}: Index 0 out of bounds for length 0> (0x00000000b5746e00) 
thrown [e:\jenkins\tmp\workspace\build\src\src\hotspot\share\interpreter\interpreterRuntime.cpp, line 428]
Event: 51.053 Thread 0x000001312136e1c0 Exception <a 'java/lang/ArrayIndexOutOfBoundsException'{0x00000000b54ee268}> (0x00000000b54ee268) 
thrown [e:\jenkins\tmp\workspace\build\src\src\hotspot\share\runtime\sharedRuntime.cpp, line 628]
Event: 56.901 Thread 0x000001312136e1c0 Exception <a 'java/lang/ArrayIndexOutOfBoundsException'{0x00000000b5122f50}> (0x00000000b5122f50) 
thrown [e:\jenkins\tmp\workspace\build\src\src\hotspot\share\runtime\sharedRuntime.cpp, line 628]
Event: 56.901 Thread 0x000001312136e1c0 Implicit null exception at 0x000001310b0ac687 to 0x000001310b0ac86f
Event: 56.901 Thread 0x000001312136e1c0 Exception <a 'java/lang/NullPointerException'{0x00000000b5123220}> (0x00000000b5123220) 
thrown [e:\jenkins\tmp\workspace\build\src\src\hotspot\share\runtime\sharedRuntime.cpp, line 628]

VM Operations (20 events):
Event: 557.902 Executing VM operation: G1Concurrent done
Event: 559.029 Executing VM operation: G1CollectForAllocation
Event: 559.052 Executing VM operation: G1CollectForAllocation done
Event: 559.053 Executing VM operation: G1CollectForAllocation
Event: 559.062 Executing VM operation: G1CollectForAllocation done
Event: 559.062 Executing VM operation: G1TryInitiateConcMark
Event: 559.094 Executing VM operation: G1TryInitiateConcMark done
Event: 559.111 Executing VM operation: G1CollectForAllocation
Event: 559.125 Executing VM operation: G1CollectForAllocation done
Event: 559.159 Executing VM operation: G1Concurrent
Event: 559.165 Executing VM operation: G1Concurrent done
Event: 559.170 Executing VM operation: G1Concurrent
Event: 559.170 Executing VM operation: G1Concurrent done
Event: 559.861 Executing VM operation: G1CollectForAllocation
Event: 559.881 Executing VM operation: G1CollectForAllocation done
Event: 559.883 Executing VM operation: G1CollectForAllocation
Event: 559.927 Executing VM operation: G1CollectForAllocation done
Event: 559.927 Executing VM operation: G1TryInitiateConcMark
Event: 559.930 Executing VM operation: G1TryInitiateConcMark done
Event: 559.934 Executing VM operation: G1CollectForAllocation

Events (20 events):
Event: 42.851 Thread 0x0000013127812ce0 Thread added: 0x0000013127812ce0
Event: 43.209 Thread 0x0000013127812ce0 Thread exited: 0x0000013127812ce0
Event: 43.548 Thread 0x000001312136c9b0 Thread exited: 0x000001312136c9b0
Event: 43.672 Thread 0x000001312136dcf0 Thread exited: 0x000001312136dcf0
Event: 45.382 Thread 0x000001312136c010 Thread added: 0x000001312136c010
Event: 48.116 Thread 0x000001312136c010 Thread exited: 0x000001312136c010
Event: 51.051 Thread 0x000001312136c9b0 Thread added: 0x000001312136c9b0
Event: 52.981 Thread 0x000001312136c9b0 Thread exited: 0x000001312136c9b0
Event: 56.900 Thread 0x000001312136d350 Thread added: 0x000001312136d350
Event: 56.903 loading class java/lang/Throwable$WrappedPrintStream
Event: 56.903 loading class java/lang/Throwable$WrappedPrintStream done
Event: 56.905 Thread 0x000001312136e1c0 Thread exited: 0x000001312136e1c0
Event: 60.935 Thread 0x0000013121284020 Thread exited: 0x0000013121284020
Event: 60.936 Thread 0x000001312153ec10 Thread exited: 0x000001312153ec10
Event: 82.276 Thread 0x000001312136e1c0 Thread added: 0x000001312136e1c0
Event: 83.290 Thread 0x000001312136e1c0 Thread exited: 0x000001312136e1c0
Event: 367.260 Thread 0x000001312136c010 Thread added: 0x000001312136c010
Event: 368.721 Thread 0x000001312136c010 Thread exited: 0x000001312136c010
Event: 493.365 Thread 0x000001312136c010 Thread added: 0x000001312136c010
Event: 494.708 Thread 0x000001312136c010 Thread exited: 0x000001312136c010


Dynamic libraries:
0x00007ff699010000 - 0x00007ff69901e000 	C:\Users\AnderPCU\OneDrive\Documentos\PROG DEUSTO\PROG\JAVA\eclipse\plugins\org.eclipse.justj.openjdk.hotspot.jre.full.win32.x86_64_17.0.1.v20211116-1657\jre\bin\javaw.exe
0x00007ff9b80a0000 - 0x00007ff9b82a9000 	C:\WINDOWS\SYSTEM32\ntdll.dll
0x00007ff9b6ab0000 - 0x00007ff9b6b6e000 	C:\WINDOWS\System32\KERNEL32.DLL
0x00007ff9b5690000 - 0x00007ff9b5a0b000 	C:\WINDOWS\System32\KERNELBASE.dll
0x00007ff9b5570000 - 0x00007ff9b5681000 	C:\WINDOWS\System32\ucrtbase.dll
0x00007ff9a67d0000 - 0x00007ff9a67e8000 	C:\Users\AnderPCU\OneDrive\Documentos\PROG DEUSTO\PROG\JAVA\eclipse\plugins\org.eclipse.justj.openjdk.hotspot.jre.full.win32.x86_64_17.0.1.v20211116-1657\jre\bin\jli.dll
0x00007ff9b6900000 - 0x00007ff9b6aad000 	C:\WINDOWS\System32\USER32.dll
0x00007ff9b5ef0000 - 0x00007ff9b5f16000 	C:\WINDOWS\System32\win32u.dll
0x00007ff9b6fe0000 - 0x00007ff9b7009000 	C:\WINDOWS\System32\GDI32.dll
0x00007ff9a6250000 - 0x00007ff9a6269000 	C:\Users\AnderPCU\OneDrive\Documentos\PROG DEUSTO\PROG\JAVA\eclipse\plugins\org.eclipse.justj.openjdk.hotspot.jre.full.win32.x86_64_17.0.1.v20211116-1657\jre\bin\VCRUNTIME140.dll
0x00007ff9b5c60000 - 0x00007ff9b5d78000 	C:\WINDOWS\System32\gdi32full.dll
0x00007ff9b5b40000 - 0x00007ff9b5bdd000 	C:\WINDOWS\System32\msvcp_win.dll
0x00007ff9a4890000 - 0x00007ff9a4b35000 	C:\WINDOWS\WinSxS\amd64_microsoft.windows.common-controls_6595b64144ccf1df_6.0.22000.120_none_9d947278b86cc467\COMCTL32.dll
0x00007ff9b6ec0000 - 0x00007ff9b6f63000 	C:\WINDOWS\System32\msvcrt.dll
0x00007ff9b62a0000 - 0x00007ff9b62d2000 	C:\WINDOWS\System32\IMM32.DLL
0x00007ff9b0360000 - 0x00007ff9b036c000 	C:\Users\AnderPCU\OneDrive\Documentos\PROG DEUSTO\PROG\JAVA\eclipse\plugins\org.eclipse.justj.openjdk.hotspot.jre.full.win32.x86_64_17.0.1.v20211116-1657\jre\bin\vcruntime140_1.dll
0x00007ff9a5650000 - 0x00007ff9a56e1000 	C:\Users\AnderPCU\OneDrive\Documentos\PROG DEUSTO\PROG\JAVA\eclipse\plugins\org.eclipse.justj.openjdk.hotspot.jre.full.win32.x86_64_17.0.1.v20211116-1657\jre\bin\msvcp140.dll
0x00007ff943530000 - 0x00007ff944176000 	C:\Users\AnderPCU\OneDrive\Documentos\PROG DEUSTO\PROG\JAVA\eclipse\plugins\org.eclipse.justj.openjdk.hotspot.jre.full.win32.x86_64_17.0.1.v20211116-1657\jre\bin\server\jvm.dll
0x00007ff9b6360000 - 0x00007ff9b640e000 	C:\WINDOWS\System32\ADVAPI32.dll
0x00007ff9b6860000 - 0x00007ff9b68fe000 	C:\WINDOWS\System32\sechost.dll
0x00007ff9b6da0000 - 0x00007ff9b6ec0000 	C:\WINDOWS\System32\RPCRT4.dll
0x00007ff9ae840000 - 0x00007ff9ae873000 	C:\WINDOWS\SYSTEM32\WINMM.dll
0x00007ff9ae570000 - 0x00007ff9ae57a000 	C:\WINDOWS\SYSTEM32\VERSION.dll
0x00007ff9b62e0000 - 0x00007ff9b62e8000 	C:\WINDOWS\System32\PSAPI.DLL
0x00007ff9a8000000 - 0x00007ff9a8009000 	C:\WINDOWS\SYSTEM32\WSOCK32.dll
0x00007ff9b62f0000 - 0x00007ff9b635f000 	C:\WINDOWS\System32\WS2_32.dll
0x00007ff9b45f0000 - 0x00007ff9b4608000 	C:\WINDOWS\SYSTEM32\kernel.appcore.dll
0x00007ff9a7f30000 - 0x00007ff9a7f3a000 	C:\Users\AnderPCU\OneDrive\Documentos\PROG DEUSTO\PROG\JAVA\eclipse\plugins\org.eclipse.justj.openjdk.hotspot.jre.full.win32.x86_64_17.0.1.v20211116-1657\jre\bin\jimage.dll
0x00007ff9b3140000 - 0x00007ff9b3361000 	C:\WINDOWS\SYSTEM32\DBGHELP.DLL
0x00007ff99b060000 - 0x00007ff99b091000 	C:\WINDOWS\SYSTEM32\dbgcore.DLL
0x00007ff9b5be0000 - 0x00007ff9b5c5f000 	C:\WINDOWS\System32\bcryptPrimitives.dll
0x00007ff9a73d0000 - 0x00007ff9a73f5000 	C:\Users\AnderPCU\OneDrive\Documentos\PROG DEUSTO\PROG\JAVA\eclipse\plugins\org.eclipse.justj.openjdk.hotspot.jre.full.win32.x86_64_17.0.1.v20211116-1657\jre\bin\java.dll
0x00007ff9a6910000 - 0x00007ff9a6928000 	C:\Users\AnderPCU\OneDrive\Documentos\PROG DEUSTO\PROG\JAVA\eclipse\plugins\org.eclipse.justj.openjdk.hotspot.jre.full.win32.x86_64_17.0.1.v20211116-1657\jre\bin\zip.dll
0x00007ff9b78a0000 - 0x00007ff9b8057000 	C:\WINDOWS\System32\SHELL32.dll
0x00007ff9b3660000 - 0x00007ff9b3ec5000 	C:\WINDOWS\SYSTEM32\windows.storage.dll
0x00007ff9b5f20000 - 0x00007ff9b6298000 	C:\WINDOWS\System32\combase.dll
0x00007ff9b34f0000 - 0x00007ff9b3656000 	C:\WINDOWS\SYSTEM32\wintypes.dll
0x00007ff9b6b80000 - 0x00007ff9b6c6a000 	C:\WINDOWS\System32\SHCORE.dll
0x00007ff9b73d0000 - 0x00007ff9b742d000 	C:\WINDOWS\System32\shlwapi.dll
0x00007ff9b54a0000 - 0x00007ff9b54c1000 	C:\WINDOWS\SYSTEM32\profapi.dll
0x00007ff9a65c0000 - 0x00007ff9a65d9000 	C:\Users\AnderPCU\OneDrive\Documentos\PROG DEUSTO\PROG\JAVA\eclipse\plugins\org.eclipse.justj.openjdk.hotspot.jre.full.win32.x86_64_17.0.1.v20211116-1657\jre\bin\net.dll
0x00007ff9add40000 - 0x00007ff9ade54000 	C:\WINDOWS\SYSTEM32\WINHTTP.dll
0x00007ff9b4b00000 - 0x00007ff9b4b67000 	C:\WINDOWS\system32\mswsock.dll
0x00007ff9a4eb0000 - 0x00007ff9a4ec5000 	C:\Users\AnderPCU\OneDrive\Documentos\PROG DEUSTO\PROG\JAVA\eclipse\plugins\org.eclipse.justj.openjdk.hotspot.jre.full.win32.x86_64_17.0.1.v20211116-1657\jre\bin\nio.dll
0x00007ff946570000 - 0x00007ff9466fe000 	C:\Users\AnderPCU\OneDrive\Documentos\PROG DEUSTO\PROG\JAVA\eclipse\plugins\org.eclipse.justj.openjdk.hotspot.jre.full.win32.x86_64_17.0.1.v20211116-1657\jre\bin\awt.dll
0x00007ff9b66f0000 - 0x00007ff9b67c6000 	C:\WINDOWS\System32\OLEAUT32.dll
0x00007ff9b2750000 - 0x00007ff9b27e2000 	C:\WINDOWS\SYSTEM32\apphelp.dll
0x00007ff9b2c70000 - 0x00007ff9b2c9f000 	C:\WINDOWS\system32\DWMAPI.DLL
0x00007ff9b2900000 - 0x00007ff9b29ac000 	C:\WINDOWS\system32\uxtheme.dll
0x00007ff949ee0000 - 0x00007ff949fe1000 	C:\WINDOWS\system32\opengl32.dll
0x00007ff9498f0000 - 0x00007ff94991d000 	C:\WINDOWS\SYSTEM32\GLU32.dll
0x00007ff9b29f0000 - 0x00007ff9b2a28000 	C:\WINDOWS\SYSTEM32\dxcore.dll
0x00007ff9b65d0000 - 0x00007ff9b66ed000 	C:\WINDOWS\System32\MSCTF.dll
0x00007ff9b6430000 - 0x00007ff9b65ca000 	C:\WINDOWS\System32\ole32.dll
0x00007ff952190000 - 0x00007ff952336000 	C:\WINDOWS\system32\d3d9.dll
0x00007ff9abcc0000 - 0x00007ff9abe7a000 	C:\WINDOWS\System32\DriverStore\FileRepository\u0381556.inf_amd64_7dd5c787427781eb\B381591\aticfx64.dll
0x00007ff9a5610000 - 0x00007ff9a5644000 	C:\WINDOWS\System32\DriverStore\FileRepository\u0381556.inf_amd64_7dd5c787427781eb\B381591\atiu9p64.dll
0x00007ff93ffa0000 - 0x00007ff940cf6000 	C:\WINDOWS\System32\DriverStore\FileRepository\u0381556.inf_amd64_7dd5c787427781eb\B381591\atiumd64.dll
0x000000005b720000 - 0x000000005c5df000 	C:\WINDOWS\System32\DriverStore\FileRepository\u0381556.inf_amd64_7dd5c787427781eb\B381591\atiumd6a.dll
0x00007ff9b7430000 - 0x00007ff9b789c000 	C:\WINDOWS\System32\SETUPAPI.dll
0x00007ff9b52a0000 - 0x00007ff9b52ed000 	C:\WINDOWS\SYSTEM32\POWRPROF.dll
0x00007ff9b5000000 - 0x00007ff9b5013000 	C:\WINDOWS\SYSTEM32\UMPDC.dll
0x00007ff9a9310000 - 0x00007ff9a9340000 	C:\WINDOWS\SYSTEM32\amdihk64.dll
0x00007ff9b0250000 - 0x00007ff9b0294000 	C:\WINDOWS\SYSTEM32\directxdatabasehelper.dll
0x00007ff9b4610000 - 0x00007ff9b4644000 	C:\WINDOWS\SYSTEM32\ntmarta.dll
0x00007ff9a6220000 - 0x00007ff9a624d000 	C:\Users\AnderPCU\OneDrive\Documentos\PROG DEUSTO\PROG\JAVA\eclipse\plugins\org.eclipse.justj.openjdk.hotspot.jre.full.win32.x86_64_17.0.1.v20211116-1657\jre\bin\javajpeg.dll
0x00007ff9a5580000 - 0x00007ff9a5609000 	C:\Users\AnderPCU\OneDrive\Documentos\PROG DEUSTO\PROG\JAVA\eclipse\plugins\org.eclipse.justj.openjdk.hotspot.jre.full.win32.x86_64_17.0.1.v20211116-1657\jre\bin\freetype.dll
0x00007ff9865c0000 - 0x00007ff986668000 	C:\Users\AnderPCU\OneDrive\Documentos\PROG DEUSTO\PROG\JAVA\eclipse\plugins\org.eclipse.justj.openjdk.hotspot.jre.full.win32.x86_64_17.0.1.v20211116-1657\jre\bin\fontmanager.dll
0x00007ff993960000 - 0x00007ff993a8d000 	C:\WINDOWS\SYSTEM32\textinputframework.dll
0x00007ff9a5b40000 - 0x00007ff9a5b51000 	C:\Users\AnderPCU\OneDrive\Documentos\PROG DEUSTO\PROG\JAVA\eclipse\plugins\org.eclipse.justj.openjdk.hotspot.jre.full.win32.x86_64_17.0.1.v20211116-1657\jre\bin\jsound.dll
0x00007ff9839a0000 - 0x00007ff983a42000 	C:\WINDOWS\SYSTEM32\DSOUND.dll
0x00007ff9a4610000 - 0x00007ff9a4639000 	C:\WINDOWS\SYSTEM32\winmmbase.dll
0x00007ff981960000 - 0x00007ff981a11000 	C:\WINDOWS\SYSTEM32\ResampleDmo.DLL
0x00007ff9a7840000 - 0x00007ff9a784b000 	C:\WINDOWS\SYSTEM32\msdmo.dll
0x00007ff9b6c70000 - 0x00007ff9b6d25000 	C:\WINDOWS\System32\clbcatq.dll
0x00007ff9a8350000 - 0x00007ff9a83eb000 	C:\WINDOWS\System32\MMDevApi.dll
0x00007ff9b5240000 - 0x00007ff9b526c000 	C:\WINDOWS\System32\DEVOBJ.dll
0x00007ff9b51f0000 - 0x00007ff9b523c000 	C:\WINDOWS\SYSTEM32\cfgmgr32.dll
0x00007ff9a8100000 - 0x00007ff9a8146000 	C:\WINDOWS\SYSTEM32\wdmaud.drv
0x00007ff9afff0000 - 0x00007ff9afffb000 	C:\WINDOWS\SYSTEM32\AVRT.dll
0x00007ff9b1190000 - 0x00007ff9b1199000 	C:\WINDOWS\SYSTEM32\ksuser.dll
0x00007ff9a42c0000 - 0x00007ff9a4493000 	C:\WINDOWS\SYSTEM32\AUDIOSES.DLL
0x00007ff9b1160000 - 0x00007ff9b116d000 	C:\WINDOWS\SYSTEM32\msacm32.drv
0x00007ff9b0c60000 - 0x00007ff9b0c7e000 	C:\WINDOWS\SYSTEM32\MSACM32.dll
0x00007ff9b0370000 - 0x00007ff9b037b000 	C:\WINDOWS\SYSTEM32\midimap.dll
0x00007ff9b2b70000 - 0x00007ff9b2b85000 	C:\WINDOWS\SYSTEM32\resourcepolicyclient.dll
0x00007ff9b2460000 - 0x00007ff9b2591000 	C:\WINDOWS\SYSTEM32\CoreMessaging.dll
0x00007ff9af400000 - 0x00007ff9af76d000 	C:\WINDOWS\SYSTEM32\CoreUIComponents.dll
0x00007ff9b4d60000 - 0x00007ff9b4d6c000 	C:\WINDOWS\SYSTEM32\CRYPTBASE.DLL
0x00007ff9a7940000 - 0x00007ff9a7ac8000 	C:\Windows\System32\Windows.UI.dll
0x00007ff9ad360000 - 0x00007ff9ad50e000 	C:\WINDOWS\SYSTEM32\WindowsCodecs.dll
0x00007ff9a2dd0000 - 0x00007ff9a2e2d000 	C:\WINDOWS\system32\dataexchange.dll
0x00007ff9abe80000 - 0x00007ff9ac0e6000 	C:\WINDOWS\system32\twinapi.appcore.dll
0x00007ff9b4d40000 - 0x00007ff9b4d58000 	C:\WINDOWS\SYSTEM32\CRYPTSP.dll
0x00007ff9b4550000 - 0x00007ff9b4585000 	C:\WINDOWS\system32\rsaenh.dll
0x00007ff9b4bf0000 - 0x00007ff9b4c19000 	C:\WINDOWS\SYSTEM32\USERENV.dll
0x00007ff9b4ed0000 - 0x00007ff9b4ef7000 	C:\WINDOWS\SYSTEM32\bcrypt.dll
0x00007ff9b4120000 - 0x00007ff9b414d000 	C:\WINDOWS\SYSTEM32\IPHLPAPI.DLL
0x00007ff9b6d90000 - 0x00007ff9b6d99000 	C:\WINDOWS\System32\NSI.dll
0x00007ff9ae580000 - 0x00007ff9ae599000 	C:\WINDOWS\SYSTEM32\dhcpcsvc6.DLL
0x00007ff9aeb00000 - 0x00007ff9aeb1e000 	C:\WINDOWS\SYSTEM32\dhcpcsvc.DLL
0x00007ff9b4150000 - 0x00007ff9b4238000 	C:\WINDOWS\SYSTEM32\DNSAPI.dll
0x00007ff944760000 - 0x00007ff944847000 	C:\Users\AnderPCU\AppData\Local\Temp\sqlite-3.39.3.0-777bf60d-3632-4170-878e-1521bd07df1d-sqlitejdbc.dll

dbghelp: loaded successfully - version: 4.0.5 - missing functions: none
symbol engine: initialized successfully - sym options: 0x614 - pdb path: .;C:\Users\AnderPCU\OneDrive\Documentos\PROG DEUSTO\PROG\JAVA\eclipse\plugins\org.eclipse.justj.openjdk.hotspot.jre.full.win32.x86_64_17.0.1.v20211116-1657\jre\bin;C:\WINDOWS\SYSTEM32;C:\WINDOWS\WinSxS\amd64_microsoft.windows.common-controls_6595b64144ccf1df_6.0.22000.120_none_9d947278b86cc467;C:\Users\AnderPCU\OneDrive\Documentos\PROG DEUSTO\PROG\JAVA\eclipse\plugins\org.eclipse.justj.openjdk.hotspot.jre.full.win32.x86_64_17.0.1.v20211116-1657\jre\bin\server;C:\WINDOWS\System32\DriverStore\FileRepository\u0381556.inf_amd64_7dd5c787427781eb\B381591;C:\Users\AnderPCU\AppData\Local\Temp

VM Arguments:
jvm_args: -Dfile.encoding=UTF-8 --module-path=C:\Users\AnderPCU\git\Proyecto\Angry Birds\lib\sqlite-jdbc-3.39.3.0.jar -XX:+ShowCodeDetailsInExceptionMessages 
java_command: Main
java_class_path (initial): C:\Users\AnderPCU\git\Proyecto\Angry Birds\bin;C:\Users\AnderPCU\OneDrive\Documentos\PROG DEUSTO\PROG\JAVA\eclipse\plugins\org.junit_4.13.2.v20211018-1956.jar;C:\Users\AnderPCU\OneDrive\Documentos\PROG DEUSTO\PROG\JAVA\eclipse\plugins\org.hamcrest.core_1.3.0.v20180420-1519.jar;C:\Users\AnderPCU\git\Proyecto\Angry Birds\res
Launcher Type: SUN_STANDARD

[Global flags]
     intx CICompilerCount                          = 4                                         {product} {ergonomic}
     uint ConcGCThreads                            = 3                                         {product} {ergonomic}
     uint G1ConcRefinementThreads                  = 10                                        {product} {ergonomic}
   size_t G1HeapRegionSize                         = 1048576                                   {product} {ergonomic}
    uintx GCDrainStackTargetSize                   = 64                                        {product} {ergonomic}
   size_t InitialHeapSize                          = 98566144                                  {product} {ergonomic}
   size_t MarkStackSize                            = 4194304                                   {product} {ergonomic}
   size_t MaxHeapSize                              = 1574961152                                {product} {ergonomic}
   size_t MaxNewSize                               = 944766976                                 {product} {ergonomic}
   size_t MinHeapDeltaBytes                        = 1048576                                   {product} {ergonomic}
   size_t MinHeapSize                              = 8388608                                   {product} {ergonomic}
    uintx NonNMethodCodeHeapSize                   = 5839372                                {pd product} {ergonomic}
    uintx NonProfiledCodeHeapSize                  = 122909434                              {pd product} {ergonomic}
    uintx ProfiledCodeHeapSize                     = 122909434                              {pd product} {ergonomic}
    uintx ReservedCodeCacheSize                    = 251658240                              {pd product} {ergonomic}
     bool SegmentedCodeCache                       = true                                      {product} {ergonomic}
     bool ShowCodeDetailsInExceptionMessages       = true                                   {manageable} {command line}
   size_t SoftMaxHeapSize                          = 1574961152                             {manageable} {ergonomic}
     bool UseCompressedClassPointers               = true                           {product lp64_product} {ergonomic}
     bool UseCompressedOops                        = true                           {product lp64_product} {ergonomic}
     bool UseG1GC                                  = true                                      {product} {ergonomic}
     bool UseLargePagesIndividualAllocation        = false                                  {pd product} {ergonomic}

Logging:
Log output configuration:
 #0: stdout all=warning uptime,level,tags
 #1: stderr all=off uptime,level,tags

Environment Variables:
PATH=C:/Users/AnderPCU/OneDrive/Documentos/PROG DEUSTO/PROG/JAVA/eclipse//plugins/org.eclipse.justj.openjdk.hotspot.jre.full.win32.x86_64_17.0.1.v20211116-1657/jre/bin/server;C:/Users/AnderPCU/OneDrive/Documentos/PROG DEUSTO/PROG/JAVA/eclipse//plugins/org.eclipse.justj.openjdk.hotspot.jre.full.win32.x86_64_17.0.1.v20211116-1657/jre/bin;C:\Program Files (x86)\Common Files\Oracle\Java\javapath;C:\Program Files (x86)\VMware\VMware Player\bin\;C:\WINDOWS\system32;C:\WINDOWS;C:\WINDOWS\System32\Wbem;C:\WINDOWS\System32\WindowsPowerShell\v1.0\;C:\WINDOWS\System32\OpenSSH\;C:\Users\AnderPCU\AppData\Local\Microsoft\WindowsApps;;C:\Users\AnderPCU\OneDrive\Documentos\PROG DEUSTO\PROG\JAVA\eclipse;
USERNAME=AnderPCU
OS=Windows_NT
PROCESSOR_IDENTIFIER=AMD64 Family 23 Model 104 Stepping 1, AuthenticAMD



---------------  S Y S T E M  ---------------

OS:
 Windows 10 , 64 bit Build 22000 (10.0.22000.1335)
OS uptime: 5 days 9:32 hours

CPU: total 12 (initial active 12) (12 cores per cpu, 2 threads per core) family 23 model 104 stepping 1 microcode 0x0, cx8, cmov, fxsr, ht, mmx, 3dnowpref, sse, sse2, sse3, ssse3, sse4a, sse4.1, sse4.2, popcnt, lzcnt, tsc, tscinvbit, avx, avx2, aes, clmul, bmi1, bmi2, adx, sha, fma, vzeroupper, clflush, clflushopt

Memory: 4k page, system-wide physical 6005M (12M free)
TotalPageFile size 24437M (AvailPageFile size 50M)
current process WorkingSet (physical memory assigned to process): 188M, peak: 450M
current process commit charge ("private bytes"): 662M, peak: 1191M

vm_info: OpenJDK 64-Bit Server VM (17.0.1+12) for windows-amd64 JRE (17.0.1+12), built on Oct 20 2021 07:42:55 by "" with MS VC++ 16.7 (VS2019)

END.
